Log file open, 01/31/22 19:21:46
LogWindows: Failed to load 'aqProf.dll' (GetLastError=126)
LogWindows: File 'aqProf.dll' does not exist
LogWindows: Failed to load 'VtuneApi.dll' (GetLastError=126)
LogWindows: File 'VtuneApi.dll' does not exist
LogWindows: Failed to load 'VtuneApi32e.dll' (GetLastError=126)
LogWindows: File 'VtuneApi32e.dll' does not exist
LogConsoleResponse: Display: Failed to find resolution value strings in scalability ini. Falling back to default.
LogConsoleResponse: Display: Failed to find resolution value strings in scalability ini. Falling back to default.
LogPakFile: Display: Found Pak file ../../../DedicatedServer/Content/Paks/DedicatedServer-WindowsServer.pak attempting to mount.
LogPakFile: Display: Mounting pak file ../../../DedicatedServer/Content/Paks/DedicatedServer-WindowsServer.pak.
LogPakFile: PakFile PrimaryIndexSize=24014
LogPakFile: PakFile PathHashIndexSize=45427
LogPakFile: PakFile FullDirectoryIndexSize=57556
LogShaderLibrary: Display: ShaderCodeLibraryPakFileMountedCallback: PakFile '../../../DedicatedServer/Content/Paks/DedicatedServer-WindowsServer.pak' (chunk index -1, root '../../../') mounted
LogShaderLibrary: Display: ShaderCodeLibraryPakFileMountedCallback: pending pak file info (ChunkID:-1 Root:../../../ File:../../../DedicatedServer/Content/Paks/DedicatedServer-WindowsServer.pak)
LogPakFile: OnPakFileMounted2Time == 0.014213
LogPlatformFile: Not using cached read wrapper
LogTaskGraph: Started task graph with 5 named threads and 9 total threads with 1 sets of task threads.
LogStats: Stats thread started at 1.681786
LogICUInternationalization: ICU TimeZone Detection - Raw Offset: +3:00, Platform Override: ''
LogInit: Display: Loading text-based GConfig....
LogPluginManager: Mounting plugin Paper2D
LogPluginManager: Mounting plugin AISupport
LogPluginManager: Mounting plugin EnvironmentQueryEditor
LogPluginManager: Mounting plugin LightPropagationVolume
LogPluginManager: Mounting plugin CameraShakePreviewer
LogPluginManager: Mounting plugin GameplayCameras
LogPluginManager: Mounting plugin TemplateSequence
LogPluginManager: Mounting plugin LevelSequenceEditor
LogPluginManager: Mounting plugin OodleData
LogPluginManager: Mounting plugin OodleNetwork
LogPluginManager: Mounting plugin AnimationSharing
LogPluginManager: Mounting plugin SignificanceManager
LogPluginManager: Mounting plugin PluginUtils
LogPluginManager: Mounting plugin PropertyAccessEditor
LogPluginManager: Mounting plugin UObjectPlugin
LogPluginManager: Mounting plugin AssetManagerEditor
LogPluginManager: Mounting plugin FacialAnimation
LogPluginManager: Mounting plugin GeometryMode
LogPluginManager: Mounting plugin SpeedTreeImporter
LogPluginManager: Mounting plugin DatasmithContent
LogPluginManager: Mounting plugin VariantManagerContent
LogPluginManager: Mounting plugin AlembicImporter
LogPluginManager: Mounting plugin GeometryCache
LogPluginManager: Mounting plugin AutomationUtils
LogPluginManager: Mounting plugin ScreenshotTools
LogPluginManager: Mounting plugin BackChannel
LogPluginManager: Mounting plugin ChaosClothEditor
LogPluginManager: Mounting plugin ChaosCloth
LogPluginManager: Mounting plugin ChaosEditor
LogPluginManager: Mounting plugin PlanarCut
LogPluginManager: Mounting plugin GeometryProcessing
LogPluginManager: Mounting plugin EditableMesh
LogPluginManager: Mounting plugin GeometryCollectionPlugin
LogPluginManager: Mounting plugin ProceduralMeshComponent
LogPluginManager: Mounting plugin ChaosSolverPlugin
LogPluginManager: Mounting plugin ChaosNiagara
LogPluginManager: Mounting plugin Niagara
LogPluginManager: Mounting plugin PythonScriptPlugin
LogPluginManager: Mounting plugin CharacterAI
LogPluginManager: Mounting plugin MotoSynth
LogPluginManager: Mounting plugin OpenImageDenoise
LogPluginManager: Mounting plugin PlatformCrypto
LogPluginManager: Mounting plugin MagicLeapPassableWorld
LogPluginManager: Mounting plugin MagicLeap
LogPluginManager: Mounting plugin MLSDK
LogPluginManager: Mounting plugin MagicLeapLightEstimation
LogPluginManager: Mounting plugin AvfMedia
LogPluginManager: Mounting plugin ImgMedia
LogPluginManager: Mounting plugin MediaCompositing
LogPluginManager: Mounting plugin MeshPainting
LogPluginManager: Mounting plugin TcpMessaging
LogPluginManager: Mounting plugin UdpMessaging
LogPluginManager: Mounting plugin ActorSequence
LogPluginManager: Mounting plugin MatineeToLevelSequence
LogPluginManager: Mounting plugin OnlineSubsystemNull
LogPluginManager: Mounting plugin OnlineSubsystem
LogPluginManager: Mounting plugin OnlineSubsystemUtils
LogPluginManager: Mounting plugin LauncherChunkInstaller
LogPluginManager: Mounting plugin ActorLayerUtilities
LogPluginManager: Mounting plugin AndroidPermission
LogPluginManager: Mounting plugin AppleImageUtils
LogPluginManager: Mounting plugin ArchVisCharacter
LogPluginManager: Mounting plugin AssetTags
LogPluginManager: Mounting plugin AudioCapture
LogPluginManager: Mounting plugin CableComponent
LogPluginManager: Mounting plugin ChunkDownloader
LogPluginManager: Mounting plugin CustomMeshComponent
LogPluginManager: Mounting plugin ExampleDeviceProfileSelector
LogPluginManager: Mounting plugin GooglePAD
LogPluginManager: Mounting plugin LocationServicesBPLibrary
LogPluginManager: Mounting plugin MobilePatchingUtils
LogPluginManager: Mounting plugin OculusVR
LogPluginManager: Mounting plugin OpenXREyeTracker
LogPluginManager: Mounting plugin OpenXR
LogPluginManager: Mounting plugin OpenXRHandTracking
LogPluginManager: Mounting plugin LiveLink
LogPluginManager: Mounting plugin Takes
LogPluginManager: Mounting plugin PhysXVehicles
LogPluginManager: Mounting plugin RuntimePhysXCooking
LogPluginManager: Mounting plugin SoundFields
LogPluginManager: Mounting plugin SteamVR
LogPluginManager: Mounting plugin Synthesis
LogPluginManager: Mounting plugin AudioSynesthesia
LogPluginManager: Mounting plugin WindowsMoviePlayer
LogLuminAPIImpl: Warning: MLSDK not found.  This likely means the MLSDK environment variable is not set.
LogInit: Using libcurl 7.55.1-DEV
LogInit:  - built for x86_64-pc-win32
LogInit:  - supports SSL with OpenSSL/1.1.1
LogInit:  - supports HTTP deflate (compression) using libz 1.2.8
LogInit:  - other features:
LogInit:      CURL_VERSION_SSL
LogInit:      CURL_VERSION_LIBZ
LogInit:      CURL_VERSION_IPV6
LogInit:      CURL_VERSION_ASYNCHDNS
LogInit:      CURL_VERSION_LARGEFILE
LogInit:      CURL_VERSION_IDN
LogInit:  CurlRequestOptions (configurable via config and command line):
LogInit:  - bVerifyPeer = true  - Libcurl will verify peer certificate
LogInit:  - bUseHttpProxy = false  - Libcurl will NOT use HTTP proxy
LogInit:  - bDontReuseConnections = false  - Libcurl will reuse connections
LogInit:  - MaxHostConnections = 16  - Libcurl will limit the number of connections to a host
LogInit:  - LocalHostAddr = Default
LogInit:  - BufferSize = 65536
LogOnline: OSS: Creating online subsystem instance for: NULL
LogInit: WinSock: version 1.1 (2.2), MaxSocks=32767, MaxUdp=65467
LogOnline: OSS: TryLoadSubsystemAndSetDefault: Loaded subsystem for module [NULL]
LogInit: Build: ++UE4+Release-4.27-CL-0
LogInit: Engine Version: 4.27.1-0+++UE4+Release-4.27
LogInit: Compatible Engine Version: 4.27.0-0+++UE4+Release-4.27
LogInit: Net CL: 0
LogInit: OS: Windows 10 (Release 1809) (), CPU: Intel(R) Core(TM) i7-9750H CPU @ 2.60GHz, GPU: Intel(R) UHD Graphics 630
LogInit: Compiled (64-bit): Jan 30 2022 19:11:23
LogInit: Compiled with Visual C++: 19.29.30137.00
LogInit: Build Configuration: Development
LogInit: Branch Name: ++UE4+Release-4.27
LogInit: Command Line:  -log
LogInit: Base Directory: D:/Projects_Of_Mine/DedicatedServer/WindowsServer/DedicatedServer/Binaries/Win64/
LogInit: Allocator: binned2
LogInit: Installed Engine Build: 0
LogDevObjectVersion: Number of dev versions registered: 29
LogDevObjectVersion:   Dev-Blueprints (B0D832E4-1F89-4F0D-ACCF-7EB736FD4AA2): 10
LogDevObjectVersion:   Dev-Build (E1C64328-A22C-4D53-A36C-8E866417BD8C): 0
LogDevObjectVersion:   Dev-Core (375EC13C-06E4-48FB-B500-84F0262A717E): 4
LogDevObjectVersion:   Dev-Editor (E4B068ED-F494-42E9-A231-DA0B2E46BB41): 40
LogDevObjectVersion:   Dev-Framework (CFFC743F-43B0-4480-9391-14DF171D2073): 37
LogDevObjectVersion:   Dev-Mobile (B02B49B5-BB20-44E9-A304-32B752E40360): 3
LogDevObjectVersion:   Dev-Networking (A4E4105C-59A1-49B5-A7C5-40C4547EDFEE): 0
LogDevObjectVersion:   Dev-Online (39C831C9-5AE6-47DC-9A44-9C173E1C8E7C): 0
LogDevObjectVersion:   Dev-Physics (78F01B33-EBEA-4F98-B9B4-84EACCB95AA2): 14
LogDevObjectVersion:   Dev-Platform (6631380F-2D4D-43E0-8009-CF276956A95A): 0
LogDevObjectVersion:   Dev-Rendering (12F88B9F-8875-4AFC-A67C-D90C383ABD29): 45
LogDevObjectVersion:   Dev-Sequencer (7B5AE74C-D270-4C10-A958-57980B212A5A): 13
LogDevObjectVersion:   Dev-VR (D7296918-1DD6-4BDD-9DE2-64A83CC13884): 3
LogDevObjectVersion:   Dev-LoadTimes (C2A15278-BFE7-4AFE-6C17-90FF531DF755): 1
LogDevObjectVersion:   Private-Geometry (6EACA3D4-40EC-4CC1-B786-8BED09428FC5): 3
LogDevObjectVersion:   Dev-AnimPhys (29E575DD-E0A3-4627-9D10-D276232CDCEA): 17
LogDevObjectVersion:   Dev-Anim (AF43A65D-7FD3-4947-9873-3E8ED9C1BB05): 15
LogDevObjectVersion:   Dev-ReflectionCapture (6B266CEC-1EC7-4B8F-A30B-E4D90942FC07): 1
LogDevObjectVersion:   Dev-Automation (0DF73D61-A23F-47EA-B727-89E90C41499A): 1
LogDevObjectVersion:   FortniteMain (601D1886-AC64-4F84-AA16-D3DE0DEAC7D6): 47
LogDevObjectVersion:   FortniteRelease (E7086368-6B23-4C58-8439-1B7016265E91): 1
LogDevObjectVersion:   Dev-Enterprise (9DFFBCD6-494F-0158-E221-12823C92A888): 10
LogDevObjectVersion:   Dev-Niagara (F2AED0AC-9AFE-416F-8664-AA7FFA26D6FC): 1
LogDevObjectVersion:   Dev-Destruction (174F1F0B-B4C6-45A5-B13F-2EE8D0FB917D): 10
LogDevObjectVersion:   Dev-Physics-Ext (35F94A83-E258-406C-A318-09F59610247C): 41
LogDevObjectVersion:   Dev-PhysicsMaterial-Chaos (B68FC16E-8B1B-42E2-B453-215C058844FE): 1
LogDevObjectVersion:   Dev-CineCamera (B2E18506-4273-CFC2-A54E-F4BB758BBA07): 1
LogDevObjectVersion:   Dev-VirtualProduction (64F58936-FD1B-42BA-BA96-7289D5D0FA4E): 1
LogDevObjectVersion:   Dev-MediaFramework (6F0ED827-A609-4895-9C91-998D90180EA4): 2
LogInit: Presizing for max 2097152 objects, including 1 objects not considered by GC, pre-allocating 0 bytes for permanent pool.
LogConfig: Applying CVar settings from Section [/Script/Engine.StreamingSettings] File [../../../DedicatedServer/Saved/Config/WindowsServer/Engine.ini]
LogConfig: Setting CVar [[s.MinBulkDataSizeForAsyncLoading:131072]]
LogConfig: Setting CVar [[s.AsyncLoadingThreadEnabled:0]]
LogConfig: Setting CVar [[s.EventDrivenLoaderEnabled:1]]
LogConfig: Setting CVar [[s.WarnIfTimeLimitExceeded:0]]
LogConfig: Setting CVar [[s.TimeLimitExceededMultiplier:1.5]]
LogConfig: Setting CVar [[s.TimeLimitExceededMinTime:0.005]]
LogConfig: Setting CVar [[s.UseBackgroundLevelStreaming:1]]
LogConfig: Setting CVar [[s.PriorityAsyncLoadingExtraTime:15.0]]
LogConfig: Setting CVar [[s.LevelStreamingActorsUpdateTimeLimit:5.0]]
LogConfig: Setting CVar [[s.PriorityLevelStreamingActorsUpdateExtraTime:5.0]]
LogConfig: Setting CVar [[s.LevelStreamingComponentsRegistrationGranularity:10]]
LogConfig: Setting CVar [[s.UnregisterComponentsTimeLimit:1.0]]
LogConfig: Setting CVar [[s.LevelStreamingComponentsUnregistrationGranularity:5]]
LogConfig: Setting CVar [[s.FlushStreamingOnExit:1]]
LogStreaming: Display: Async Loading initialized: Event Driven Loader: true, Async Loading Thread: false, Async Post Load: false
LogInit: Object subsystem initialized
LogConfig: Setting CVar [[con.DebugEarlyDefault:1]]
LogConfig: Setting CVar [[r.setres:1280x720]]
LogConfig: Setting CVar [[fx.NiagaraAllowRuntimeScalabilityChanges:1]]
[2022.01.31-16.21.47:111][  0]LogConfig: Setting CVar [[con.DebugEarlyDefault:1]]
[2022.01.31-16.21.47:111][  0]LogConfig: Setting CVar [[r.setres:1280x720]]
[2022.01.31-16.21.47:112][  0]LogConfig: Setting CVar [[fx.NiagaraAllowRuntimeScalabilityChanges:1]]
[2022.01.31-16.21.47:112][  0]LogConfig: Applying CVar settings from Section [/Script/Engine.RendererSettings] File [../../../DedicatedServer/Saved/Config/WindowsServer/Engine.ini]
[2022.01.31-16.21.47:113][  0]LogConfig: Setting CVar [[r.GPUCrashDebugging:0]]
[2022.01.31-16.21.47:113][  0]LogConfig: Applying CVar settings from Section [/Script/Engine.RendererOverrideSettings] File [../../../DedicatedServer/Saved/Config/WindowsServer/Engine.ini]
[2022.01.31-16.21.47:113][  0]LogConfig: Applying CVar settings from Section [/Script/Engine.StreamingSettings] File [../../../DedicatedServer/Saved/Config/WindowsServer/Engine.ini]
[2022.01.31-16.21.47:113][  0]LogConfig: Setting CVar [[s.MinBulkDataSizeForAsyncLoading:131072]]
[2022.01.31-16.21.47:113][  0]LogConfig: Setting CVar [[s.AsyncLoadingThreadEnabled:0]]
[2022.01.31-16.21.47:114][  0]LogConfig: Setting CVar [[s.EventDrivenLoaderEnabled:1]]
[2022.01.31-16.21.47:114][  0]LogConfig: Setting CVar [[s.WarnIfTimeLimitExceeded:0]]
[2022.01.31-16.21.47:114][  0]LogConfig: Setting CVar [[s.TimeLimitExceededMultiplier:1.5]]
[2022.01.31-16.21.47:114][  0]LogConfig: Setting CVar [[s.TimeLimitExceededMinTime:0.005]]
[2022.01.31-16.21.47:115][  0]LogConfig: Setting CVar [[s.UseBackgroundLevelStreaming:1]]
[2022.01.31-16.21.47:115][  0]LogConfig: Setting CVar [[s.PriorityAsyncLoadingExtraTime:15.0]]
[2022.01.31-16.21.47:115][  0]LogConfig: Setting CVar [[s.LevelStreamingActorsUpdateTimeLimit:5.0]]
[2022.01.31-16.21.47:115][  0]LogConfig: Setting CVar [[s.PriorityLevelStreamingActorsUpdateExtraTime:5.0]]
[2022.01.31-16.21.47:115][  0]LogConfig: Setting CVar [[s.LevelStreamingComponentsRegistrationGranularity:10]]
[2022.01.31-16.21.47:116][  0]LogConfig: Setting CVar [[s.UnregisterComponentsTimeLimit:1.0]]
[2022.01.31-16.21.47:116][  0]LogConfig: Setting CVar [[s.LevelStreamingComponentsUnregistrationGranularity:5]]
[2022.01.31-16.21.47:116][  0]LogConfig: Setting CVar [[s.FlushStreamingOnExit:1]]
[2022.01.31-16.21.47:116][  0]LogConfig: Applying CVar settings from Section [/Script/Engine.GarbageCollectionSettings] File [../../../DedicatedServer/Saved/Config/WindowsServer/Engine.ini]
[2022.01.31-16.21.47:117][  0]LogConfig: Setting CVar [[gc.MaxObjectsNotConsideredByGC:1]]
[2022.01.31-16.21.47:117][  0]LogConfig: Setting CVar [[gc.SizeOfPermanentObjectPool:0]]
[2022.01.31-16.21.47:117][  0]LogConfig: Setting CVar [[gc.FlushStreamingOnGC:0]]
[2022.01.31-16.21.47:117][  0]LogConfig: Setting CVar [[gc.NumRetriesBeforeForcingGC:10]]
[2022.01.31-16.21.47:117][  0]LogConfig: Setting CVar [[gc.AllowParallelGC:1]]
[2022.01.31-16.21.47:118][  0]LogConfig: Setting CVar [[gc.TimeBetweenPurgingPendingKillObjects:61.1]]
[2022.01.31-16.21.47:118][  0]LogConfig: Setting CVar [[gc.MaxObjectsInEditor:25165824]]
[2022.01.31-16.21.47:118][  0]LogConfig: Setting CVar [[gc.IncrementalBeginDestroyEnabled:1]]
[2022.01.31-16.21.47:118][  0]LogConfig: Setting CVar [[gc.CreateGCClusters:1]]
[2022.01.31-16.21.47:119][  0]LogConfig: Setting CVar [[gc.MinGCClusterSize:5]]
[2022.01.31-16.21.47:119][  0]LogConfig: Setting CVar [[gc.ActorClusteringEnabled:0]]
[2022.01.31-16.21.47:119][  0]LogConfig: Setting CVar [[gc.BlueprintClusteringEnabled:0]]
[2022.01.31-16.21.47:119][  0]LogConfig: Setting CVar [[gc.UseDisregardForGCOnDedicatedServers:0]]
[2022.01.31-16.21.47:119][  0]LogConfig: Setting CVar [[gc.MultithreadedDestructionEnabled:1]]
[2022.01.31-16.21.47:121][  0]LogConfig: Applying CVar settings from Section [/Script/Engine.NetworkSettings] File [../../../DedicatedServer/Saved/Config/WindowsServer/Engine.ini]
[2022.01.31-16.21.47:130][  0]LogConfig: Applying CVar settings from Section [ViewDistanceQuality@3] File [../../../DedicatedServer/Saved/Config/WindowsServer/Scalability.ini]
[2022.01.31-16.21.47:130][  0]LogConfig: Setting CVar [[r.SkeletalMeshLODBias:0]]
[2022.01.31-16.21.47:131][  0]LogConfig: Setting CVar [[r.ViewDistanceScale:1.0]]
[2022.01.31-16.21.47:131][  0]LogConfig: Applying CVar settings from Section [AntiAliasingQuality@3] File [../../../DedicatedServer/Saved/Config/WindowsServer/Scalability.ini]
[2022.01.31-16.21.47:131][  0]LogConfig: Setting CVar [[r.PostProcessAAQuality:4]]
[2022.01.31-16.21.47:131][  0]LogConfig: Applying CVar settings from Section [ShadowQuality@3] File [../../../DedicatedServer/Saved/Config/WindowsServer/Scalability.ini]
[2022.01.31-16.21.47:131][  0]LogConfig: Setting CVar [[r.LightFunctionQuality:1]]
[2022.01.31-16.21.47:132][  0]LogConfig: Setting CVar [[r.ShadowQuality:5]]
[2022.01.31-16.21.47:132][  0]LogConfig: Setting CVar [[r.Shadow.CSM.MaxCascades:10]]
[2022.01.31-16.21.47:132][  0]LogConfig: Setting CVar [[r.Shadow.MaxResolution:2048]]
[2022.01.31-16.21.47:132][  0]LogConfig: Setting CVar [[r.Shadow.MaxCSMResolution:2048]]
[2022.01.31-16.21.47:132][  0]LogConfig: Setting CVar [[r.Shadow.RadiusThreshold:0.01]]
[2022.01.31-16.21.47:133][  0]LogConfig: Setting CVar [[r.Shadow.DistanceScale:1.0]]
[2022.01.31-16.21.47:133][  0]LogConfig: Setting CVar [[r.Shadow.CSM.TransitionScale:1.0]]
[2022.01.31-16.21.47:133][  0]LogConfig: Setting CVar [[r.Shadow.PreShadowResolutionFactor:1.0]]
[2022.01.31-16.21.47:134][  0]LogConfig: Setting CVar [[r.DistanceFieldShadowing:1]]
[2022.01.31-16.21.47:134][  0]LogConfig: Setting CVar [[r.DistanceFieldAO:1]]
[2022.01.31-16.21.47:134][  0]LogConfig: Setting CVar [[r.AOQuality:2]]
[2022.01.31-16.21.47:134][  0]LogConfig: Setting CVar [[r.VolumetricFog:1]]
[2022.01.31-16.21.47:134][  0]LogConfig: Setting CVar [[r.VolumetricFog.GridPixelSize:8]]
[2022.01.31-16.21.47:135][  0]LogConfig: Setting CVar [[r.VolumetricFog.GridSizeZ:128]]
[2022.01.31-16.21.47:135][  0]LogConfig: Setting CVar [[r.VolumetricFog.HistoryMissSupersampleCount:4]]
[2022.01.31-16.21.47:135][  0]LogConfig: Setting CVar [[r.LightMaxDrawDistanceScale:1]]
[2022.01.31-16.21.47:135][  0]LogConfig: Setting CVar [[r.CapsuleShadows:1]]
[2022.01.31-16.21.47:135][  0]LogConfig: Applying CVar settings from Section [PostProcessQuality@3] File [../../../DedicatedServer/Saved/Config/WindowsServer/Scalability.ini]
[2022.01.31-16.21.47:136][  0]LogConfig: Setting CVar [[r.MotionBlurQuality:4]]
[2022.01.31-16.21.47:136][  0]LogConfig: Setting CVar [[r.AmbientOcclusionMipLevelFactor:0.4]]
[2022.01.31-16.21.47:136][  0]LogConfig: Setting CVar [[r.AmbientOcclusionMaxQuality:100]]
[2022.01.31-16.21.47:136][  0]LogConfig: Setting CVar [[r.AmbientOcclusionLevels:-1]]
[2022.01.31-16.21.47:137][  0]LogConfig: Setting CVar [[r.AmbientOcclusionRadiusScale:1.0]]
[2022.01.31-16.21.47:137][  0]LogConfig: Setting CVar [[r.DepthOfFieldQuality:2]]
[2022.01.31-16.21.47:137][  0]LogConfig: Setting CVar [[r.RenderTargetPoolMin:400]]
[2022.01.31-16.21.47:137][  0]LogConfig: Setting CVar [[r.LensFlareQuality:2]]
[2022.01.31-16.21.47:137][  0]LogConfig: Setting CVar [[r.SceneColorFringeQuality:1]]
[2022.01.31-16.21.47:138][  0]LogConfig: Setting CVar [[r.EyeAdaptationQuality:2]]
[2022.01.31-16.21.47:138][  0]LogConfig: Setting CVar [[r.BloomQuality:5]]
[2022.01.31-16.21.47:138][  0]LogConfig: Setting CVar [[r.FastBlurThreshold:100]]
[2022.01.31-16.21.47:138][  0]LogConfig: Setting CVar [[r.Upscale.Quality:3]]
[2022.01.31-16.21.47:138][  0]LogConfig: Setting CVar [[r.Tonemapper.GrainQuantization:1]]
[2022.01.31-16.21.47:142][  0]LogConfig: Setting CVar [[r.LightShaftQuality:1]]
[2022.01.31-16.21.47:142][  0]LogConfig: Setting CVar [[r.Filter.SizeScale:1]]
[2022.01.31-16.21.47:143][  0]LogConfig: Setting CVar [[r.Tonemapper.Quality:5]]
[2022.01.31-16.21.47:143][  0]LogConfig: Setting CVar [[r.DOF.Gather.AccumulatorQuality:1        ; higher gathering accumulator quality]]
[2022.01.31-16.21.47:143][  0]LogConfig: Setting CVar [[r.DOF.Gather.PostfilterMethod:1          ; Median3x3 postfilering method]]
[2022.01.31-16.21.47:143][  0]LogConfig: Setting CVar [[r.DOF.Gather.EnableBokehSettings:0       ; no bokeh simulation when gathering]]
[2022.01.31-16.21.47:143][  0]LogConfig: Setting CVar [[r.DOF.Gather.RingCount:4                 ; medium number of samples when gathering]]
[2022.01.31-16.21.47:144][  0]LogConfig: Setting CVar [[r.DOF.Scatter.ForegroundCompositing:1    ; additive foreground scattering]]
[2022.01.31-16.21.47:144][  0]LogConfig: Setting CVar [[r.DOF.Scatter.BackgroundCompositing:2    ; additive background scattering]]
[2022.01.31-16.21.47:144][  0]LogConfig: Setting CVar [[r.DOF.Scatter.EnableBokehSettings:1      ; bokeh simulation when scattering]]
[2022.01.31-16.21.47:144][  0]LogConfig: Setting CVar [[r.DOF.Scatter.MaxSpriteRatio:0.1         ; only a maximum of 10% of scattered bokeh]]
[2022.01.31-16.21.47:145][  0]LogConfig: Setting CVar [[r.DOF.Recombine.Quality:1                ; cheap slight out of focus]]
[2022.01.31-16.21.47:145][  0]LogConfig: Setting CVar [[r.DOF.Recombine.EnableBokehSettings:0    ; no bokeh simulation on slight out of focus]]
[2022.01.31-16.21.47:145][  0]LogConfig: Setting CVar [[r.DOF.TemporalAAQuality:1                ; more stable temporal accumulation]]
[2022.01.31-16.21.47:145][  0]LogConfig: Setting CVar [[r.DOF.Kernel.MaxForegroundRadius:0.025]]
[2022.01.31-16.21.47:146][  0]LogConfig: Setting CVar [[r.DOF.Kernel.MaxBackgroundRadius:0.025]]
[2022.01.31-16.21.47:146][  0]LogConfig: Applying CVar settings from Section [TextureQuality@3] File [../../../DedicatedServer/Saved/Config/WindowsServer/Scalability.ini]
[2022.01.31-16.21.47:146][  0]LogConfig: Setting CVar [[r.Streaming.MipBias:0]]
[2022.01.31-16.21.47:146][  0]LogConfig: Setting CVar [[r.Streaming.AmortizeCPUToGPUCopy:0]]
[2022.01.31-16.21.47:146][  0]LogConfig: Setting CVar [[r.Streaming.MaxNumTexturesToStreamPerFrame:0]]
[2022.01.31-16.21.47:147][  0]LogConfig: Setting CVar [[r.Streaming.Boost:1]]
[2022.01.31-16.21.47:147][  0]LogConfig: Setting CVar [[r.MaxAnisotropy:8]]
[2022.01.31-16.21.47:147][  0]LogConfig: Setting CVar [[r.VT.MaxAnisotropy:8]]
[2022.01.31-16.21.47:147][  0]LogConfig: Setting CVar [[r.Streaming.LimitPoolSizeToVRAM:0]]
[2022.01.31-16.21.47:147][  0]LogConfig: Setting CVar [[r.Streaming.PoolSize:1000]]
[2022.01.31-16.21.47:148][  0]LogConfig: Setting CVar [[r.Streaming.MaxEffectiveScreenSize:0]]
[2022.01.31-16.21.47:148][  0]LogConfig: Applying CVar settings from Section [EffectsQuality@3] File [../../../DedicatedServer/Saved/Config/WindowsServer/Scalability.ini]
[2022.01.31-16.21.47:148][  0]LogConfig: Setting CVar [[r.TranslucencyLightingVolumeDim:64]]
[2022.01.31-16.21.47:148][  0]LogConfig: Setting CVar [[r.RefractionQuality:2]]
[2022.01.31-16.21.47:149][  0]LogConfig: Setting CVar [[r.SSR.Quality:3]]
[2022.01.31-16.21.47:149][  0]LogConfig: Setting CVar [[r.SSR.HalfResSceneColor:0]]
[2022.01.31-16.21.47:149][  0]LogConfig: Setting CVar [[r.SceneColorFormat:4]]
[2022.01.31-16.21.47:149][  0]LogConfig: Setting CVar [[r.DetailMode:2]]
[2022.01.31-16.21.47:149][  0]LogConfig: Setting CVar [[r.TranslucencyVolumeBlur:1]]
[2022.01.31-16.21.47:150][  0]LogConfig: Setting CVar [[r.MaterialQualityLevel:1 ; High quality]]
[2022.01.31-16.21.47:150][  0]LogConfig: Setting CVar [[r.AnisotropicMaterials:1]]
[2022.01.31-16.21.47:150][  0]LogConfig: Setting CVar [[r.SSS.Scale:1]]
[2022.01.31-16.21.47:150][  0]LogConfig: Setting CVar [[r.SSS.SampleSet:2]]
[2022.01.31-16.21.47:150][  0]LogConfig: Setting CVar [[r.SSS.Quality:1]]
[2022.01.31-16.21.47:151][  0]LogConfig: Setting CVar [[r.SSS.HalfRes:0]]
[2022.01.31-16.21.47:152][  0]LogConfig: Setting CVar [[r.SSGI.Quality:3]]
[2022.01.31-16.21.47:153][  0]LogConfig: Setting CVar [[r.EmitterSpawnRateScale:1.0]]
[2022.01.31-16.21.47:153][  0]LogConfig: Setting CVar [[r.ParticleLightQuality:2]]
[2022.01.31-16.21.47:153][  0]LogConfig: Setting CVar [[r.SkyAtmosphere.AerialPerspectiveLUT.FastApplyOnOpaque:1 ; Always have FastSkyLUT 1 in this case to avoid wrong sky]]
[2022.01.31-16.21.47:153][  0]LogConfig: Setting CVar [[r.SkyAtmosphere.AerialPerspectiveLUT.SampleCountMaxPerSlice:4]]
[2022.01.31-16.21.47:154][  0]LogConfig: Setting CVar [[r.SkyAtmosphere.AerialPerspectiveLUT.DepthResolution:16.0]]
[2022.01.31-16.21.47:154][  0]LogConfig: Setting CVar [[r.SkyAtmosphere.FastSkyLUT:1]]
[2022.01.31-16.21.47:154][  0]LogConfig: Setting CVar [[r.SkyAtmosphere.FastSkyLUT.SampleCountMin:4.0]]
[2022.01.31-16.21.47:154][  0]LogConfig: Setting CVar [[r.SkyAtmosphere.FastSkyLUT.SampleCountMax:128.0]]
[2022.01.31-16.21.47:155][  0]LogConfig: Setting CVar [[r.SkyAtmosphere.SampleCountMin:4.0]]
[2022.01.31-16.21.47:155][  0]LogConfig: Setting CVar [[r.SkyAtmosphere.SampleCountMax:128.0]]
[2022.01.31-16.21.47:155][  0]LogConfig: Setting CVar [[r.SkyAtmosphere.TransmittanceLUT.UseSmallFormat:0]]
[2022.01.31-16.21.47:155][  0]LogConfig: Setting CVar [[r.SkyAtmosphere.TransmittanceLUT.SampleCount:10.0]]
[2022.01.31-16.21.47:155][  0]LogConfig: Setting CVar [[r.SkyAtmosphere.MultiScatteringLUT.SampleCount:15.0]]
[2022.01.31-16.21.47:156][  0]LogConfig: Setting CVar [[r.SkyLight.RealTimeReflectionCapture:1]]
[2022.01.31-16.21.47:156][  0]LogConfig: Setting CVar [[fx.Niagara.QualityLevel:3]]
[2022.01.31-16.21.47:163][  0]LogConfig: Applying CVar settings from Section [FoliageQuality@3] File [../../../DedicatedServer/Saved/Config/WindowsServer/Scalability.ini]
[2022.01.31-16.21.47:163][  0]LogConfig: Setting CVar [[foliage.DensityScale:1.0]]
[2022.01.31-16.21.47:163][  0]LogConfig: Setting CVar [[grass.DensityScale:1.0]]
[2022.01.31-16.21.47:163][  0]LogConfig: Applying CVar settings from Section [ShadingQuality@3] File [../../../DedicatedServer/Saved/Config/WindowsServer/Scalability.ini]
[2022.01.31-16.21.47:163][  0]LogConfig: Setting CVar [[r.HairStrands.SkyLighting.IntegrationType:2]]
[2022.01.31-16.21.47:164][  0]LogConfig: Setting CVar [[r.HairStrands.SkyAO.SampleCount:4]]
[2022.01.31-16.21.47:164][  0]LogConfig: Setting CVar [[r.HairStrands.Visibility.MSAA.SamplePerPixel:4]]
[2022.01.31-16.21.47:181][  0]LogInit: Selected Device Profile: [WindowsServer]
[2022.01.31-16.21.47:181][  0]LogInit: Applying CVar settings loaded from the selected device profile: [WindowsServer]
[2022.01.31-16.21.47:181][  0]LogHAL: Display: Platform has ~ 32 GB [34163515392 / 34359738368 / 32], which maps to Largest [LargestMinGB=32, LargerMinGB=12, DefaultMinGB=8, SmallerMinGB=6, SmallestMinGB=0)
[2022.01.31-16.21.47:182][  0]LogInit: Going up to parent DeviceProfile [Windows]
[2022.01.31-16.21.47:182][  0]LogInit: Going up to parent DeviceProfile []
[2022.01.31-16.21.47:182][  0]LogConfig: Applying CVar settings from Section [ViewDistanceQuality@3] File [../../../DedicatedServer/Saved/Config/WindowsServer/Scalability.ini]
[2022.01.31-16.21.47:182][  0]LogConfig: Setting CVar [[r.SkeletalMeshLODBias:0]]
[2022.01.31-16.21.47:183][  0]LogConfig: Setting CVar [[r.ViewDistanceScale:1.0]]
[2022.01.31-16.21.47:183][  0]LogConfig: Applying CVar settings from Section [AntiAliasingQuality@3] File [../../../DedicatedServer/Saved/Config/WindowsServer/Scalability.ini]
[2022.01.31-16.21.47:183][  0]LogConfig: Setting CVar [[r.PostProcessAAQuality:4]]
[2022.01.31-16.21.47:183][  0]LogConfig: Applying CVar settings from Section [ShadowQuality@3] File [../../../DedicatedServer/Saved/Config/WindowsServer/Scalability.ini]
[2022.01.31-16.21.47:184][  0]LogConfig: Setting CVar [[r.LightFunctionQuality:1]]
[2022.01.31-16.21.47:184][  0]LogConfig: Setting CVar [[r.ShadowQuality:5]]
[2022.01.31-16.21.47:184][  0]LogConfig: Setting CVar [[r.Shadow.CSM.MaxCascades:10]]
[2022.01.31-16.21.47:184][  0]LogConfig: Setting CVar [[r.Shadow.MaxResolution:2048]]
[2022.01.31-16.21.47:184][  0]LogConfig: Setting CVar [[r.Shadow.MaxCSMResolution:2048]]
[2022.01.31-16.21.47:185][  0]LogConfig: Setting CVar [[r.Shadow.RadiusThreshold:0.01]]
[2022.01.31-16.21.47:185][  0]LogConfig: Setting CVar [[r.Shadow.DistanceScale:1.0]]
[2022.01.31-16.21.47:185][  0]LogConfig: Setting CVar [[r.Shadow.CSM.TransitionScale:1.0]]
[2022.01.31-16.21.47:185][  0]LogConfig: Setting CVar [[r.Shadow.PreShadowResolutionFactor:1.0]]
[2022.01.31-16.21.47:186][  0]LogConfig: Setting CVar [[r.DistanceFieldShadowing:1]]
[2022.01.31-16.21.47:186][  0]LogConfig: Setting CVar [[r.DistanceFieldAO:1]]
[2022.01.31-16.21.47:186][  0]LogConfig: Setting CVar [[r.AOQuality:2]]
[2022.01.31-16.21.47:186][  0]LogConfig: Setting CVar [[r.VolumetricFog:1]]
[2022.01.31-16.21.47:186][  0]LogConfig: Setting CVar [[r.VolumetricFog.GridPixelSize:8]]
[2022.01.31-16.21.47:187][  0]LogConfig: Setting CVar [[r.VolumetricFog.GridSizeZ:128]]
[2022.01.31-16.21.47:187][  0]LogConfig: Setting CVar [[r.VolumetricFog.HistoryMissSupersampleCount:4]]
[2022.01.31-16.21.47:187][  0]LogConfig: Setting CVar [[r.LightMaxDrawDistanceScale:1]]
[2022.01.31-16.21.47:187][  0]LogConfig: Setting CVar [[r.CapsuleShadows:1]]
[2022.01.31-16.21.47:187][  0]LogConfig: Applying CVar settings from Section [PostProcessQuality@3] File [../../../DedicatedServer/Saved/Config/WindowsServer/Scalability.ini]
[2022.01.31-16.21.47:188][  0]LogConfig: Setting CVar [[r.MotionBlurQuality:4]]
[2022.01.31-16.21.47:188][  0]LogConfig: Setting CVar [[r.AmbientOcclusionMipLevelFactor:0.4]]
[2022.01.31-16.21.47:188][  0]LogConfig: Setting CVar [[r.AmbientOcclusionMaxQuality:100]]
[2022.01.31-16.21.47:188][  0]LogConfig: Setting CVar [[r.AmbientOcclusionLevels:-1]]
[2022.01.31-16.21.47:188][  0]LogConfig: Setting CVar [[r.AmbientOcclusionRadiusScale:1.0]]
[2022.01.31-16.21.47:189][  0]LogConfig: Setting CVar [[r.DepthOfFieldQuality:2]]
[2022.01.31-16.21.47:189][  0]LogConfig: Setting CVar [[r.RenderTargetPoolMin:400]]
[2022.01.31-16.21.47:189][  0]LogConfig: Setting CVar [[r.LensFlareQuality:2]]
[2022.01.31-16.21.47:189][  0]LogConfig: Setting CVar [[r.SceneColorFringeQuality:1]]
[2022.01.31-16.21.47:190][  0]LogConfig: Setting CVar [[r.EyeAdaptationQuality:2]]
[2022.01.31-16.21.47:192][  0]LogConfig: Setting CVar [[r.BloomQuality:5]]
[2022.01.31-16.21.47:192][  0]LogConfig: Setting CVar [[r.FastBlurThreshold:100]]
[2022.01.31-16.21.47:192][  0]LogConfig: Setting CVar [[r.Upscale.Quality:3]]
[2022.01.31-16.21.47:192][  0]LogConfig: Setting CVar [[r.Tonemapper.GrainQuantization:1]]
[2022.01.31-16.21.47:192][  0]LogConfig: Setting CVar [[r.LightShaftQuality:1]]
[2022.01.31-16.21.47:193][  0]LogConfig: Setting CVar [[r.Filter.SizeScale:1]]
[2022.01.31-16.21.47:193][  0]LogConfig: Setting CVar [[r.Tonemapper.Quality:5]]
[2022.01.31-16.21.47:193][  0]LogConfig: Setting CVar [[r.DOF.Gather.AccumulatorQuality:1        ; higher gathering accumulator quality]]
[2022.01.31-16.21.47:193][  0]LogConfig: Setting CVar [[r.DOF.Gather.PostfilterMethod:1          ; Median3x3 postfilering method]]
[2022.01.31-16.21.47:194][  0]LogConfig: Setting CVar [[r.DOF.Gather.EnableBokehSettings:0       ; no bokeh simulation when gathering]]
[2022.01.31-16.21.47:194][  0]LogConfig: Setting CVar [[r.DOF.Gather.RingCount:4                 ; medium number of samples when gathering]]
[2022.01.31-16.21.47:194][  0]LogConfig: Setting CVar [[r.DOF.Scatter.ForegroundCompositing:1    ; additive foreground scattering]]
[2022.01.31-16.21.47:194][  0]LogConfig: Setting CVar [[r.DOF.Scatter.BackgroundCompositing:2    ; additive background scattering]]
[2022.01.31-16.21.47:195][  0]LogConfig: Setting CVar [[r.DOF.Scatter.EnableBokehSettings:1      ; bokeh simulation when scattering]]
[2022.01.31-16.21.47:195][  0]LogConfig: Setting CVar [[r.DOF.Scatter.MaxSpriteRatio:0.1         ; only a maximum of 10% of scattered bokeh]]
[2022.01.31-16.21.47:195][  0]LogConfig: Setting CVar [[r.DOF.Recombine.Quality:1                ; cheap slight out of focus]]
[2022.01.31-16.21.47:195][  0]LogConfig: Setting CVar [[r.DOF.Recombine.EnableBokehSettings:0    ; no bokeh simulation on slight out of focus]]
[2022.01.31-16.21.47:196][  0]LogConfig: Setting CVar [[r.DOF.TemporalAAQuality:1                ; more stable temporal accumulation]]
[2022.01.31-16.21.47:196][  0]LogConfig: Setting CVar [[r.DOF.Kernel.MaxForegroundRadius:0.025]]
[2022.01.31-16.21.47:196][  0]LogConfig: Setting CVar [[r.DOF.Kernel.MaxBackgroundRadius:0.025]]
[2022.01.31-16.21.47:196][  0]LogConfig: Applying CVar settings from Section [TextureQuality@3] File [../../../DedicatedServer/Saved/Config/WindowsServer/Scalability.ini]
[2022.01.31-16.21.47:197][  0]LogConfig: Setting CVar [[r.Streaming.MipBias:0]]
[2022.01.31-16.21.47:197][  0]LogConfig: Setting CVar [[r.Streaming.AmortizeCPUToGPUCopy:0]]
[2022.01.31-16.21.47:197][  0]LogConfig: Setting CVar [[r.Streaming.MaxNumTexturesToStreamPerFrame:0]]
[2022.01.31-16.21.47:197][  0]LogConfig: Setting CVar [[r.Streaming.Boost:1]]
[2022.01.31-16.21.47:197][  0]LogConfig: Setting CVar [[r.MaxAnisotropy:8]]
[2022.01.31-16.21.47:198][  0]LogConfig: Setting CVar [[r.VT.MaxAnisotropy:8]]
[2022.01.31-16.21.47:198][  0]LogConfig: Setting CVar [[r.Streaming.LimitPoolSizeToVRAM:0]]
[2022.01.31-16.21.47:198][  0]LogConfig: Setting CVar [[r.Streaming.PoolSize:1000]]
[2022.01.31-16.21.47:198][  0]LogConfig: Setting CVar [[r.Streaming.MaxEffectiveScreenSize:0]]
[2022.01.31-16.21.47:198][  0]LogConfig: Applying CVar settings from Section [EffectsQuality@3] File [../../../DedicatedServer/Saved/Config/WindowsServer/Scalability.ini]
[2022.01.31-16.21.47:199][  0]LogConfig: Setting CVar [[r.TranslucencyLightingVolumeDim:64]]
[2022.01.31-16.21.47:199][  0]LogConfig: Setting CVar [[r.RefractionQuality:2]]
[2022.01.31-16.21.47:199][  0]LogConfig: Setting CVar [[r.SSR.Quality:3]]
[2022.01.31-16.21.47:199][  0]LogConfig: Setting CVar [[r.SSR.HalfResSceneColor:0]]
[2022.01.31-16.21.47:199][  0]LogConfig: Setting CVar [[r.SceneColorFormat:4]]
[2022.01.31-16.21.47:200][  0]LogConfig: Setting CVar [[r.DetailMode:2]]
[2022.01.31-16.21.47:202][  0]LogConfig: Setting CVar [[r.TranslucencyVolumeBlur:1]]
[2022.01.31-16.21.47:202][  0]LogConfig: Setting CVar [[r.MaterialQualityLevel:1 ; High quality]]
[2022.01.31-16.21.47:202][  0]LogConfig: Setting CVar [[r.AnisotropicMaterials:1]]
[2022.01.31-16.21.47:202][  0]LogConfig: Setting CVar [[r.SSS.Scale:1]]
[2022.01.31-16.21.47:202][  0]LogConfig: Setting CVar [[r.SSS.SampleSet:2]]
[2022.01.31-16.21.47:203][  0]LogConfig: Setting CVar [[r.SSS.Quality:1]]
[2022.01.31-16.21.47:203][  0]LogConfig: Setting CVar [[r.SSS.HalfRes:0]]
[2022.01.31-16.21.47:203][  0]LogConfig: Setting CVar [[r.SSGI.Quality:3]]
[2022.01.31-16.21.47:203][  0]LogConfig: Setting CVar [[r.EmitterSpawnRateScale:1.0]]
[2022.01.31-16.21.47:203][  0]LogConfig: Setting CVar [[r.ParticleLightQuality:2]]
[2022.01.31-16.21.47:203][  0]LogConfig: Setting CVar [[r.SkyAtmosphere.AerialPerspectiveLUT.FastApplyOnOpaque:1 ; Always have FastSkyLUT 1 in this case to avoid wrong sky]]
[2022.01.31-16.21.47:203][  0]LogConfig: Setting CVar [[r.SkyAtmosphere.AerialPerspectiveLUT.SampleCountMaxPerSlice:4]]
[2022.01.31-16.21.47:203][  0]LogConfig: Setting CVar [[r.SkyAtmosphere.AerialPerspectiveLUT.DepthResolution:16.0]]
[2022.01.31-16.21.47:203][  0]LogConfig: Setting CVar [[r.SkyAtmosphere.FastSkyLUT:1]]
[2022.01.31-16.21.47:205][  0]LogConfig: Setting CVar [[r.SkyAtmosphere.FastSkyLUT.SampleCountMin:4.0]]
[2022.01.31-16.21.47:205][  0]LogConfig: Setting CVar [[r.SkyAtmosphere.FastSkyLUT.SampleCountMax:128.0]]
[2022.01.31-16.21.47:205][  0]LogConfig: Setting CVar [[r.SkyAtmosphere.SampleCountMin:4.0]]
[2022.01.31-16.21.47:205][  0]LogConfig: Setting CVar [[r.SkyAtmosphere.SampleCountMax:128.0]]
[2022.01.31-16.21.47:205][  0]LogConfig: Setting CVar [[r.SkyAtmosphere.TransmittanceLUT.UseSmallFormat:0]]
[2022.01.31-16.21.47:206][  0]LogConfig: Setting CVar [[r.SkyAtmosphere.TransmittanceLUT.SampleCount:10.0]]
[2022.01.31-16.21.47:206][  0]LogConfig: Setting CVar [[r.SkyAtmosphere.MultiScatteringLUT.SampleCount:15.0]]
[2022.01.31-16.21.47:206][  0]LogConfig: Setting CVar [[r.SkyLight.RealTimeReflectionCapture:1]]
[2022.01.31-16.21.47:206][  0]LogConfig: Setting CVar [[fx.Niagara.QualityLevel:3]]
[2022.01.31-16.21.47:207][  0]LogConfig: Applying CVar settings from Section [FoliageQuality@3] File [../../../DedicatedServer/Saved/Config/WindowsServer/Scalability.ini]
[2022.01.31-16.21.47:207][  0]LogConfig: Setting CVar [[foliage.DensityScale:1.0]]
[2022.01.31-16.21.47:207][  0]LogConfig: Setting CVar [[grass.DensityScale:1.0]]
[2022.01.31-16.21.47:207][  0]LogConfig: Applying CVar settings from Section [ShadingQuality@3] File [../../../DedicatedServer/Saved/Config/WindowsServer/Scalability.ini]
[2022.01.31-16.21.47:208][  0]LogConfig: Setting CVar [[r.HairStrands.SkyLighting.IntegrationType:2]]
[2022.01.31-16.21.47:208][  0]LogConfig: Setting CVar [[r.HairStrands.SkyAO.SampleCount:4]]
[2022.01.31-16.21.47:208][  0]LogConfig: Setting CVar [[r.HairStrands.Visibility.MSAA.SamplePerPixel:4]]
[2022.01.31-16.21.47:208][  0]LogConfig: Applying CVar settings from Section [Startup] File [../../../Engine/Config/ConsoleVariables.ini]
[2022.01.31-16.21.47:208][  0]LogConfig: Setting CVar [[net.UseAdaptiveNetUpdateFrequency:0]]
[2022.01.31-16.21.47:209][  0]LogConfig: Setting CVar [[p.chaos.AllowCreatePhysxBodies:1]]
[2022.01.31-16.21.47:209][  0]LogConfig: Setting CVar [[fx.SkipVectorVMBackendOptimizations:1]]
[2022.01.31-16.21.47:209][  0]LogConfig: Applying CVar settings from Section [ConsoleVariables] File [../../../DedicatedServer/Saved/Config/WindowsServer/Engine.ini]
[2022.01.31-16.21.47:209][  0]LogInit: Computer: DESKTOP-P6G4D2C
[2022.01.31-16.21.47:210][  0]LogInit: User: User
[2022.01.31-16.21.47:211][  0]LogInit: CPU Page size=4096, Cores=6
[2022.01.31-16.21.47:212][  0]LogInit: High frequency timer resolution =10.000000 MHz
[2022.01.31-16.21.47:212][  0]LogMemory: Memory total: Physical=31.8GB (32GB approx)
[2022.01.31-16.21.47:212][  0]LogMemory: Platform Memory Stats for WindowsServer
[2022.01.31-16.21.47:212][  0]LogMemory: Process Physical Memory: 73.64 MB used, 73.64 MB peak
[2022.01.31-16.21.47:212][  0]LogMemory: Process Virtual Memory: 75.31 MB used, 75.31 MB peak
[2022.01.31-16.21.47:213][  0]LogMemory: Physical Memory: 8077.97 MB used,  24502.89 MB free, 32580.87 MB total
[2022.01.31-16.21.47:213][  0]LogMemory: Virtual Memory: 134191192.00 MB used,  26533.72 MB free, 134217728.00 MB total
[2022.01.31-16.21.47:217][  0]LogWindows: WindowsPlatformFeatures disabled or dedicated server build
[2022.01.31-16.21.47:782][  0]LogInit: Physics initialised using underlying interface: PhysX
[2022.01.31-16.21.47:782][  0]LogInit: Using OS detected language (ru-RU).
[2022.01.31-16.21.47:783][  0]LogInit: Using OS detected locale (ru-RU).
[2022.01.31-16.21.47:783][  0]LogTextLocalizationManager: No localization for 'ru-RU' exists, so 'en' will be used for the language.
[2022.01.31-16.21.47:783][  0]LogTextLocalizationManager: No localization for 'ru-RU' exists, so 'en' will be used for the locale.
[2022.01.31-16.21.48:119][  0]LogRendererCore: Ray tracing is disabled. Reason: r.RayTracing=0.
[2022.01.31-16.21.48:119][  0]LogODSC: ODSC Thread active.
[2022.01.31-16.21.48:399][  0]LogInit: Using OS detected language (ru-RU).
[2022.01.31-16.21.48:399][  0]LogInit: Using OS detected locale (ru-RU).
[2022.01.31-16.21.48:400][  0]LogTextLocalizationManager: No localization for 'ru-RU' exists, so 'en' will be used for the language.
[2022.01.31-16.21.48:400][  0]LogTextLocalizationManager: No localization for 'ru-RU' exists, so 'en' will be used for the locale.
[2022.01.31-16.21.48:435][  0]LogTextLocalizationManager: Compacting localization data took   0.53ms
[2022.01.31-16.21.48:436][  0]LogAssetRegistry: FAssetRegistry took 0.0351 seconds to start up
[2022.01.31-16.21.49:165][  0]LogStreaming: Display: FlushAsyncLoading: 1 QueuedPackages, 0 AsyncPackages
[2022.01.31-16.21.49:173][  0]LogPackageLocalizationCache: Processed 26 localized package path(s) for 1 prioritized culture(s) in 0.005706 seconds
[2022.01.31-16.21.49:180][  0]LogPakFile: New pak file ../../../DedicatedServer/Content/Paks/DedicatedServer-WindowsServer.pak added to pak precacher.
[2022.01.31-16.21.49:205][  0]LogInit: Selected Device Profile: [WindowsServer]
[2022.01.31-16.21.49:206][  0]LogInit: Active device profile: [00000293710A2B00][000002936D7CDB70 49] WindowsServer
[2022.01.31-16.21.49:207][  0]LogInit: Profiles: [00000293710A2C80][000002936F8E6DC0 49] Windows, [00000293710A2B00][000002936D7CDB70 49] WindowsServer, 
[2022.01.31-16.21.49:297][  0]LogSerialization: Display: AllowBulkDataInIoStore: 'true'
[2022.01.31-16.21.49:419][  0]LogNetVersion: DedicatedServer 1.0.0, NetCL: 0, EngineNetVer: 17, GameNetVer: 0 (Checksum: 1551992059)
[2022.01.31-16.21.49:846][  0]LogAudioCaptureCore: Display: No Audio Capture implementations found. Audio input will be silent.
[2022.01.31-16.21.49:847][  0]LogAudioCaptureCore: Display: No Audio Capture implementations found. Audio input will be silent.
[2022.01.31-16.21.49:864][  0]LogHMD: PokeAHoleMaterial loaded successfully
[2022.01.31-16.21.50:161][  0]LogUObjectArray: 15873 objects as part of root set at end of initial load.
[2022.01.31-16.21.50:161][  0]LogUObjectAllocator: 3260232 out of 0 bytes used by permanent object pool.
[2022.01.31-16.21.50:161][  0]LogUObjectArray: CloseDisregardForGC: 15873/0 objects in disregard for GC pool
[2022.01.31-16.21.50:323][  0]LogNiagaraDebuggerClient: Niagara Debugger Client Initialized | Session: 8302DCF84AA0FFD44E52A2B92CBB6452 | Instance: 7F07C3D34B56D13039C6A6BADDEAF0D7 (DESKTOP-P6G4D2C-6712).
[2022.01.31-16.21.50:409][  0]LogAndroidPermission: UAndroidPermissionCallbackProxy::GetInstance
[2022.01.31-16.21.50:409][  0]LogOcInput: OculusInput pre-init called
[2022.01.31-16.21.50:468][  0]LogEngine: Initializing Engine...
[2022.01.31-16.21.50:485][  0]LogStats: UGameplayTagsManager::InitializeManager -  0.001 s
[2022.01.31-16.21.50:523][  0]LogInit: Initializing FReadOnlyCVARCache
[2022.01.31-16.21.50:524][  0]LogNetVersion: Set ProjectVersion to 1.0.0.0. Version Checksum will be recalculated on next use.
[2022.01.31-16.21.50:552][  0]LogInit: Texture streaming: Disabled
[2022.01.31-16.21.50:900][  0]LogInit: Display: Game Engine Initialized.
[2022.01.31-16.21.50:902][  0]LogInit: Display: Starting Game.
[2022.01.31-16.21.50:904][  0]LogNet: Browse: /Game/ThirdPersonCPP/Maps/ThirdPersonExampleMap?Name=Player
[2022.01.31-16.21.50:904][  0]LogLoad: LoadMap: /Game/ThirdPersonCPP/Maps/ThirdPersonExampleMap?Name=Player
[2022.01.31-16.21.50:905][  0]LogWorld: BeginTearingDown for /Temp/Untitled_0
[2022.01.31-16.21.50:928][  0]LogWorld: UWorld::CleanupWorld for Untitled, bSessionEnded=true, bCleanupResources=true
[2022.01.31-16.21.51:045][  0]LogUObjectHash: Compacting FUObjectHashTables data took   1.93ms
[2022.01.31-16.21.51:165][  0]LogAIModule: Creating AISystem for world ThirdPersonExampleMap
[2022.01.31-16.21.51:167][  0]LogLoad: Game class is 'DedicatedServerGameMode'
[2022.01.31-16.21.51:169][  0]LogNet: ReplicationDriverClass is null! Not using ReplicationDriver.
[2022.01.31-16.21.51:170][  0]LogNetCore: DDoS detection status: detection enabled: 0 analytics enabled: 0
[2022.01.31-16.21.51:179][  0]LogInit: WinSock: Socket queue. Rx: 131072 (config 131072) Tx: 131072 (config 131072)
[2022.01.31-16.21.51:180][  0]LogNet: Created socket for bind address: 0.0.0.0 on port 7777
[2022.01.31-16.21.51:181][  0]PacketHandlerLog: Loaded PacketHandler component: Engine.EngineHandlerComponentFactory (StatelessConnectHandlerComponent)
[2022.01.31-16.21.51:183][  0]LogNet: GameNetDriver IpNetDriver_2147482567 IpNetDriver listening on port 7777
[2022.01.31-16.21.51:217][  0]LogWorld: Bringing World /Game/ThirdPersonCPP/Maps/ThirdPersonExampleMap.ThirdPersonExampleMap up for play (max tick rate 30) at 2022.01.31-19.21.51
[2022.01.31-16.21.51:219][  0]LogWorld: Bringing up level for play took: 0.034754
[2022.01.31-16.21.51:223][  0]LogLoad: Took 0.318597 seconds to LoadMap(/Game/ThirdPersonCPP/Maps/ThirdPersonExampleMap)
[2022.01.31-16.21.51:267][  0]LogPakFile: AllPaks IndexSizes: DirectoryHashSize=203412, PathHashSize=16, EntriesSize=32752, TotalSize=236180
[2022.01.31-16.21.51:267][  0]LogInit: Display: Engine is initialized. Leaving FEngineLoop::Init()
[2022.01.31-16.21.51:270][  0]LogLoad: (Engine Initialization) Total time: 7.60 seconds
[2022.01.31-16.22.16:543][757]LogNet: NotifyAcceptingConnection accepted from: 127.0.0.1:64988
[2022.01.31-16.22.16:544][757]LogHandshake: SendConnectChallenge. Timestamp: 25.271765, Cookie: 019158210241159052174167193223145221147087207205114059215011
[2022.01.31-16.22.16:576][758]LogNet: NotifyAcceptingConnection accepted from: 127.0.0.1:64988
[2022.01.31-16.22.16:576][758]LogHandshake: SendChallengeAck. InCookie: 019158210241159052174167193223145221147087207205114059215011
[2022.01.31-16.22.16:577][758]LogNet: Server accepting post-challenge connection from: 127.0.0.1:64988
[2022.01.31-16.22.16:579][758]PacketHandlerLog: Loaded PacketHandler component: Engine.EngineHandlerComponentFactory (StatelessConnectHandlerComponent)
[2022.01.31-16.22.16:580][758]LogNet: NotifyAcceptedConnection: Name: ThirdPersonExampleMap, TimeStamp: 01/31/22 19:22:16, [UNetConnection] RemoteAddr: 127.0.0.1:64988, Name: IpConnection_2147482560, Driver: GameNetDriver IpNetDriver_2147482567, IsServer: YES, PC: NULL, Owner: NULL, UniqueId: INVALID
[2022.01.31-16.22.16:580][758]LogNet: AddClientConnection: Added client connection: [UNetConnection] RemoteAddr: 127.0.0.1:64988, Name: IpConnection_2147482560, Driver: GameNetDriver IpNetDriver_2147482567, IsServer: YES, PC: NULL, Owner: NULL, UniqueId: INVALID
[2022.01.31-16.22.16:722][758]LogNet: NotifyAcceptingChannel Control 0 server World /Game/ThirdPersonCPP/Maps/ThirdPersonExampleMap.ThirdPersonExampleMap: Accepted
[2022.01.31-16.22.16:722][758]LogNet: Remote platform little endian=1
[2022.01.31-16.22.16:723][758]LogNet: This platform little endian=1
[2022.01.31-16.22.16:724][758]LogNetVersion: DedicatedServer 1.0.0.0, NetCL: 0, EngineNetVer: 17, GameNetVer: 0 (Checksum: 1377552191)
[2022.01.31-16.22.16:777][760]LogNet: Login request: ?Name=DESKTOP-P6G4D2C-5CD963E847549543B14567A4955D23C9 userId: NULL:DESKTOP-P6G4D2C-5CD963E847549543B14567A4955D23C9 platform: NULL
[2022.01.31-16.22.16:811][761]LogNet: Client netspeed is 100000
[2022.01.31-16.22.16:844][762]LogNet: Join request: /Game/ThirdPersonCPP/Maps/ThirdPersonExampleMap?Name=DESKTOP-P6G4D2C-5CD963E847549543B14567A4955D23C9?SplitscreenCount=1
[2022.01.31-16.22.16:872][762]LogOnlineSession: Warning: OSS: No game present to join for session (GameSession)
[2022.01.31-16.22.17:151][762]LogNet: Join succeeded: DESKTOP-P6G4D2C-5CD9
[2022.01.31-16.22.31:064][182]LogNetPackageMap: Warning: UPackageMapClient::InternalLoadObject: Unable to resolve default guid from client: PathName: BP_Door_2, ObjOuter: /Game/ThirdPersonCPP/Maps/ThirdPersonExampleMap.ThirdPersonExampleMap:PersistentLevel 
[2022.01.31-16.22.31:068][182]LogNet: UChannel::ReceivedSequencedBunch: Bunch.bClose == true. ChIndex == 0. Calling ConditionalCleanUp.
[2022.01.31-16.22.31:068][182]LogNet: UChannel::CleanUp: ChIndex == 0. Closing connection. [UChannel] ChIndex: 0, Closing: 0 [UNetConnection] RemoteAddr: 127.0.0.1:64988, Name: IpConnection_2147482560, Driver: GameNetDriver IpNetDriver_2147482567, IsServer: YES, PC: PlayerController_2147482556, Owner: PlayerController_2147482556, UniqueId: NULL:DESKTOP-P6G4D2C-5CD963E847549543B14567A4955D23C9
[2022.01.31-16.22.31:068][182]LogNet: UNetConnection::Close: [UNetConnection] RemoteAddr: 127.0.0.1:64988, Name: IpConnection_2147482560, Driver: GameNetDriver IpNetDriver_2147482567, IsServer: YES, PC: PlayerController_2147482556, Owner: PlayerController_2147482556, UniqueId: NULL:DESKTOP-P6G4D2C-5CD963E847549543B14567A4955D23C9, Channels: 9, Time: 2022.01.31-16.22.31
[2022.01.31-16.22.31:068][182]LogNet: UChannel::Close: Sending CloseBunch. ChIndex == 0. Name: [UChannel] ChIndex: 0, Closing: 0 [UNetConnection] RemoteAddr: 127.0.0.1:64988, Name: IpConnection_2147482560, Driver: GameNetDriver IpNetDriver_2147482567, IsServer: YES, PC: PlayerController_2147482556, Owner: PlayerController_2147482556, UniqueId: NULL:DESKTOP-P6G4D2C-5CD963E847549543B14567A4955D23C9
[2022.01.31-16.22.31:070][182]LogOnlineSession: Warning: OSS: No game present to leave for session (GameSession)
[2022.01.31-16.24.52:555][427]LogNet: NotifyAcceptingConnection accepted from: 127.0.0.1:61188
[2022.01.31-16.24.52:555][427]LogHandshake: SendConnectChallenge. Timestamp: 181.283436, Cookie: 091069059022112230243083240094160184166031108178204039132234
[2022.01.31-16.24.52:589][428]LogNet: NotifyAcceptingConnection accepted from: 127.0.0.1:61188
[2022.01.31-16.24.52:589][428]LogHandshake: SendChallengeAck. InCookie: 091069059022112230243083240094160184166031108178204039132234
[2022.01.31-16.24.52:590][428]LogNet: Server accepting post-challenge connection from: 127.0.0.1:61188
[2022.01.31-16.24.52:593][428]PacketHandlerLog: Loaded PacketHandler component: Engine.EngineHandlerComponentFactory (StatelessConnectHandlerComponent)
[2022.01.31-16.24.52:594][428]LogNet: NotifyAcceptedConnection: Name: ThirdPersonExampleMap, TimeStamp: 01/31/22 19:24:52, [UNetConnection] RemoteAddr: 127.0.0.1:61188, Name: IpConnection_2147482532, Driver: GameNetDriver IpNetDriver_2147482567, IsServer: YES, PC: NULL, Owner: NULL, UniqueId: INVALID
[2022.01.31-16.24.52:594][428]LogNet: AddClientConnection: Added client connection: [UNetConnection] RemoteAddr: 127.0.0.1:61188, Name: IpConnection_2147482532, Driver: GameNetDriver IpNetDriver_2147482567, IsServer: YES, PC: NULL, Owner: NULL, UniqueId: INVALID
[2022.01.31-16.24.52:594][428]LogNet: NotifyAcceptingChannel Control 0 server World /Game/ThirdPersonCPP/Maps/ThirdPersonExampleMap.ThirdPersonExampleMap: Accepted
[2022.01.31-16.24.52:595][428]LogNet: Remote platform little endian=1
[2022.01.31-16.24.52:595][428]LogNet: This platform little endian=1
[2022.01.31-16.24.52:666][429]LogNet: Login request: ?Name=DESKTOP-P6G4D2C-CA5B9F844CE56EAF8C148FA4F434AE2C userId: NULL:DESKTOP-P6G4D2C-CA5B9F844CE56EAF8C148FA4F434AE2C platform: NULL
[2022.01.31-16.24.52:700][430]LogNet: Client netspeed is 100000
[2022.01.31-16.24.52:801][433]LogNet: Join request: /Game/ThirdPersonCPP/Maps/ThirdPersonExampleMap?Name=DESKTOP-P6G4D2C-CA5B9F844CE56EAF8C148FA4F434AE2C?SplitscreenCount=1
[2022.01.31-16.24.52:801][433]LogOnlineSession: Warning: OSS: No game present to join for session (GameSession)
[2022.01.31-16.24.52:803][433]LogNet: Join succeeded: DESKTOP-P6G4D2C-CA5B
[2022.01.31-16.25.13:192][ 47]LogNet: NotifyAcceptingConnection accepted from: 127.0.0.1:61190
[2022.01.31-16.25.13:192][ 47]LogHandshake: SendConnectChallenge. Timestamp: 201.920480, Cookie: 013087116021234188042066161236203200210030224196091126254053
[2022.01.31-16.25.13:226][ 48]LogNet: NotifyAcceptingConnection accepted from: 127.0.0.1:61190
[2022.01.31-16.25.13:226][ 48]LogHandshake: SendChallengeAck. InCookie: 013087116021234188042066161236203200210030224196091126254053
[2022.01.31-16.25.13:227][ 48]LogNet: Server accepting post-challenge connection from: 127.0.0.1:61190
[2022.01.31-16.25.13:228][ 48]PacketHandlerLog: Loaded PacketHandler component: Engine.EngineHandlerComponentFactory (StatelessConnectHandlerComponent)
[2022.01.31-16.25.13:228][ 48]LogNet: NotifyAcceptedConnection: Name: ThirdPersonExampleMap, TimeStamp: 01/31/22 19:25:13, [UNetConnection] RemoteAddr: 127.0.0.1:61190, Name: IpConnection_2147482505, Driver: GameNetDriver IpNetDriver_2147482567, IsServer: YES, PC: NULL, Owner: NULL, UniqueId: INVALID
[2022.01.31-16.25.13:228][ 48]LogNet: AddClientConnection: Added client connection: [UNetConnection] RemoteAddr: 127.0.0.1:61190, Name: IpConnection_2147482505, Driver: GameNetDriver IpNetDriver_2147482567, IsServer: YES, PC: NULL, Owner: NULL, UniqueId: INVALID
[2022.01.31-16.25.13:260][ 49]LogNet: NotifyAcceptingChannel Control 0 server World /Game/ThirdPersonCPP/Maps/ThirdPersonExampleMap.ThirdPersonExampleMap: Accepted
[2022.01.31-16.25.13:260][ 49]LogNet: Remote platform little endian=1
[2022.01.31-16.25.13:261][ 49]LogNet: This platform little endian=1
[2022.01.31-16.25.13:293][ 50]LogNet: Login request: ?Name=DESKTOP-P6G4D2C-4C83D0D643971CE8555646A024BDE2CA userId: NULL:DESKTOP-P6G4D2C-4C83D0D643971CE8555646A024BDE2CA platform: NULL
[2022.01.31-16.25.13:327][ 51]LogNet: Client netspeed is 100000
[2022.01.31-16.25.13:360][ 52]LogNet: Join request: /Game/ThirdPersonCPP/Maps/ThirdPersonExampleMap?Name=DESKTOP-P6G4D2C-4C83D0D643971CE8555646A024BDE2CA?SplitscreenCount=1
[2022.01.31-16.25.13:360][ 52]LogOnlineSession: Warning: OSS: No game present to join for session (GameSession)
[2022.01.31-16.25.13:362][ 52]LogNet: Join succeeded: DESKTOP-P6G4D2C-4C83
[2022.01.31-16.25.54:947][302]LogNetPackageMap: Warning: UPackageMapClient::InternalLoadObject: Unable to resolve default guid from client: PathName: BP_Door_2, ObjOuter: /Game/ThirdPersonCPP/Maps/ThirdPersonExampleMap.ThirdPersonExampleMap:PersistentLevel 
[2022.01.31-16.25.54:948][302]LogNet: UChannel::ReceivedSequencedBunch: Bunch.bClose == true. ChIndex == 0. Calling ConditionalCleanUp.
[2022.01.31-16.25.54:948][302]LogNet: UChannel::CleanUp: ChIndex == 0. Closing connection. [UChannel] ChIndex: 0, Closing: 0 [UNetConnection] RemoteAddr: 127.0.0.1:61190, Name: IpConnection_2147482505, Driver: GameNetDriver IpNetDriver_2147482567, IsServer: YES, PC: PlayerController_2147482501, Owner: PlayerController_2147482501, UniqueId: NULL:DESKTOP-P6G4D2C-4C83D0D643971CE8555646A024BDE2CA
[2022.01.31-16.25.54:948][302]LogNet: UNetConnection::Close: [UNetConnection] RemoteAddr: 127.0.0.1:61190, Name: IpConnection_2147482505, Driver: GameNetDriver IpNetDriver_2147482567, IsServer: YES, PC: PlayerController_2147482501, Owner: PlayerController_2147482501, UniqueId: NULL:DESKTOP-P6G4D2C-4C83D0D643971CE8555646A024BDE2CA, Channels: 11, Time: 2022.01.31-16.25.54
[2022.01.31-16.25.54:949][302]LogNet: UChannel::Close: Sending CloseBunch. ChIndex == 0. Name: [UChannel] ChIndex: 0, Closing: 0 [UNetConnection] RemoteAddr: 127.0.0.1:61190, Name: IpConnection_2147482505, Driver: GameNetDriver IpNetDriver_2147482567, IsServer: YES, PC: PlayerController_2147482501, Owner: PlayerController_2147482501, UniqueId: NULL:DESKTOP-P6G4D2C-4C83D0D643971CE8555646A024BDE2CA
[2022.01.31-16.25.54:949][302]LogNetPackageMap: Warning: UPackageMapClient::InternalLoadObject: Unable to resolve default guid from client: PathName: BP_Door_2, ObjOuter: /Game/ThirdPersonCPP/Maps/ThirdPersonExampleMap.ThirdPersonExampleMap:PersistentLevel 
[2022.01.31-16.25.54:949][302]LogNet: UChannel::ReceivedSequencedBunch: Bunch.bClose == true. ChIndex == 0. Calling ConditionalCleanUp.
[2022.01.31-16.25.54:950][302]LogNet: UChannel::CleanUp: ChIndex == 0. Closing connection. [UChannel] ChIndex: 0, Closing: 0 [UNetConnection] RemoteAddr: 127.0.0.1:61188, Name: IpConnection_2147482532, Driver: GameNetDriver IpNetDriver_2147482567, IsServer: YES, PC: PlayerController_2147482528, Owner: PlayerController_2147482528, UniqueId: NULL:DESKTOP-P6G4D2C-CA5B9F844CE56EAF8C148FA4F434AE2C
[2022.01.31-16.25.54:950][302]LogNet: UNetConnection::Close: [UNetConnection] RemoteAddr: 127.0.0.1:61188, Name: IpConnection_2147482532, Driver: GameNetDriver IpNetDriver_2147482567, IsServer: YES, PC: PlayerController_2147482528, Owner: PlayerController_2147482528, UniqueId: NULL:DESKTOP-P6G4D2C-CA5B9F844CE56EAF8C148FA4F434AE2C, Channels: 11, Time: 2022.01.31-16.25.54
[2022.01.31-16.25.54:950][302]LogNet: UChannel::Close: Sending CloseBunch. ChIndex == 0. Name: [UChannel] ChIndex: 0, Closing: 0 [UNetConnection] RemoteAddr: 127.0.0.1:61188, Name: IpConnection_2147482532, Driver: GameNetDriver IpNetDriver_2147482567, IsServer: YES, PC: PlayerController_2147482528, Owner: PlayerController_2147482528, UniqueId: NULL:DESKTOP-P6G4D2C-CA5B9F844CE56EAF8C148FA4F434AE2C
[2022.01.31-16.25.54:951][302]LogOnlineSession: Warning: OSS: No game present to leave for session (GameSession)
[2022.01.31-16.25.54:951][302]LogOnlineSession: Warning: OSS: No game present to leave for session (GameSession)
[2022.01.31-16.43.37:421][222]LogNet: NotifyAcceptingConnection accepted from: 127.0.0.1:54385
[2022.01.31-16.43.37:421][222]LogHandshake: SendConnectChallenge. Timestamp: 1306.149867, Cookie: 119108181010072080020027248150081112091162141063133028098034
[2022.01.31-16.43.37:454][223]LogNet: NotifyAcceptingConnection accepted from: 127.0.0.1:54385
[2022.01.31-16.43.37:454][223]LogHandshake: SendChallengeAck. InCookie: 119108181010072080020027248150081112091162141063133028098034
[2022.01.31-16.43.37:454][223]LogNet: Server accepting post-challenge connection from: 127.0.0.1:54385
[2022.01.31-16.43.37:455][223]PacketHandlerLog: Loaded PacketHandler component: Engine.EngineHandlerComponentFactory (StatelessConnectHandlerComponent)
[2022.01.31-16.43.37:455][223]LogNet: NotifyAcceptedConnection: Name: ThirdPersonExampleMap, TimeStamp: 01/31/22 19:43:37, [UNetConnection] RemoteAddr: 127.0.0.1:54385, Name: IpConnection_2147482474, Driver: GameNetDriver IpNetDriver_2147482567, IsServer: YES, PC: NULL, Owner: NULL, UniqueId: INVALID
[2022.01.31-16.43.37:456][223]LogNet: AddClientConnection: Added client connection: [UNetConnection] RemoteAddr: 127.0.0.1:54385, Name: IpConnection_2147482474, Driver: GameNetDriver IpNetDriver_2147482567, IsServer: YES, PC: NULL, Owner: NULL, UniqueId: INVALID
[2022.01.31-16.43.37:488][224]LogNet: NotifyAcceptingChannel Control 0 server World /Game/ThirdPersonCPP/Maps/ThirdPersonExampleMap.ThirdPersonExampleMap: Accepted
[2022.01.31-16.43.37:488][224]LogNet: Remote platform little endian=1
[2022.01.31-16.43.37:488][224]LogNet: This platform little endian=1
[2022.01.31-16.43.37:522][225]LogNet: Login request: ?Name=DESKTOP-P6G4D2C-54C25A8C43FBA058E76E36A00F762DAC userId: NULL:DESKTOP-P6G4D2C-54C25A8C43FBA058E76E36A00F762DAC platform: NULL
[2022.01.31-16.43.37:555][226]LogNet: Client netspeed is 100000
[2022.01.31-16.43.37:622][228]LogNet: Join request: /Game/ThirdPersonCPP/Maps/ThirdPersonExampleMap?Name=DESKTOP-P6G4D2C-54C25A8C43FBA058E76E36A00F762DAC?SplitscreenCount=1
[2022.01.31-16.43.37:622][228]LogOnlineSession: Warning: OSS: No game present to join for session (GameSession)
[2022.01.31-16.43.37:623][228]LogNet: Join succeeded: DESKTOP-P6G4D2C-54C2
[2022.01.31-16.43.41:675][350]LogNet: UChannel::ReceivedSequencedBunch: Bunch.bClose == true. ChIndex == 0. Calling ConditionalCleanUp.
[2022.01.31-16.43.41:675][350]LogNet: UChannel::CleanUp: ChIndex == 0. Closing connection. [UChannel] ChIndex: 0, Closing: 0 [UNetConnection] RemoteAddr: 127.0.0.1:54385, Name: IpConnection_2147482474, Driver: GameNetDriver IpNetDriver_2147482567, IsServer: YES, PC: PlayerController_2147482470, Owner: PlayerController_2147482470, UniqueId: NULL:DESKTOP-P6G4D2C-54C25A8C43FBA058E76E36A00F762DAC
[2022.01.31-16.43.41:675][350]LogNet: UNetConnection::Close: [UNetConnection] RemoteAddr: 127.0.0.1:54385, Name: IpConnection_2147482474, Driver: GameNetDriver IpNetDriver_2147482567, IsServer: YES, PC: PlayerController_2147482470, Owner: PlayerController_2147482470, UniqueId: NULL:DESKTOP-P6G4D2C-54C25A8C43FBA058E76E36A00F762DAC, Channels: 9, Time: 2022.01.31-16.43.41
[2022.01.31-16.43.41:676][350]LogNet: UChannel::Close: Sending CloseBunch. ChIndex == 0. Name: [UChannel] ChIndex: 0, Closing: 0 [UNetConnection] RemoteAddr: 127.0.0.1:54385, Name: IpConnection_2147482474, Driver: GameNetDriver IpNetDriver_2147482567, IsServer: YES, PC: PlayerController_2147482470, Owner: PlayerController_2147482470, UniqueId: NULL:DESKTOP-P6G4D2C-54C25A8C43FBA058E76E36A00F762DAC
[2022.01.31-16.43.41:676][350]LogOnlineSession: Warning: OSS: No game present to leave for session (GameSession)
