Log file open, 01/30/22 20:53:53
LogWindows: Failed to load 'aqProf.dll' (GetLastError=126)
LogWindows: File 'aqProf.dll' does not exist
LogWindows: Failed to load 'VtuneApi.dll' (GetLastError=126)
LogWindows: File 'VtuneApi.dll' does not exist
LogWindows: Failed to load 'VtuneApi32e.dll' (GetLastError=126)
LogWindows: File 'VtuneApi32e.dll' does not exist
LogConsoleResponse: Display: Failed to find resolution value strings in scalability ini. Falling back to default.
LogConsoleResponse: Display: Failed to find resolution value strings in scalability ini. Falling back to default.
LogPakFile: Display: Found Pak file ../../../DedicatedServer/Content/Paks/DedicatedServer-WindowsServer.pak attempting to mount.
LogPakFile: Display: Mounting pak file ../../../DedicatedServer/Content/Paks/DedicatedServer-WindowsServer.pak.
LogPakFile: PakFile PrimaryIndexSize=24014
LogPakFile: PakFile PathHashIndexSize=45427
LogPakFile: PakFile FullDirectoryIndexSize=57541
LogShaderLibrary: Display: ShaderCodeLibraryPakFileMountedCallback: PakFile '../../../DedicatedServer/Content/Paks/DedicatedServer-WindowsServer.pak' (chunk index -1, root '../../../') mounted
LogShaderLibrary: Display: ShaderCodeLibraryPakFileMountedCallback: pending pak file info (ChunkID:-1 Root:../../../ File:../../../DedicatedServer/Content/Paks/DedicatedServer-WindowsServer.pak)
LogPakFile: OnPakFileMounted2Time == 0.000049
LogPlatformFile: Not using cached read wrapper
LogTaskGraph: Started task graph with 5 named threads and 9 total threads with 1 sets of task threads.
LogStats: Stats thread started at 0.088750
LogICUInternationalization: ICU TimeZone Detection - Raw Offset: +3:00, Platform Override: ''
LogInit: Display: Loading text-based GConfig....
LogPluginManager: Mounting plugin Paper2D
LogPluginManager: Mounting plugin AISupport
LogPluginManager: Mounting plugin EnvironmentQueryEditor
LogPluginManager: Mounting plugin LightPropagationVolume
LogPluginManager: Mounting plugin CameraShakePreviewer
LogPluginManager: Mounting plugin GameplayCameras
LogPluginManager: Mounting plugin TemplateSequence
LogPluginManager: Mounting plugin LevelSequenceEditor
LogPluginManager: Mounting plugin OodleData
LogPluginManager: Mounting plugin OodleNetwork
LogPluginManager: Mounting plugin AnimationSharing
LogPluginManager: Mounting plugin SignificanceManager
LogPluginManager: Mounting plugin PluginUtils
LogPluginManager: Mounting plugin PropertyAccessEditor
LogPluginManager: Mounting plugin UObjectPlugin
LogPluginManager: Mounting plugin AssetManagerEditor
LogPluginManager: Mounting plugin FacialAnimation
LogPluginManager: Mounting plugin GeometryMode
LogPluginManager: Mounting plugin SpeedTreeImporter
LogPluginManager: Mounting plugin DatasmithContent
LogPluginManager: Mounting plugin VariantManagerContent
LogPluginManager: Mounting plugin AlembicImporter
LogPluginManager: Mounting plugin GeometryCache
LogPluginManager: Mounting plugin AutomationUtils
LogPluginManager: Mounting plugin ScreenshotTools
LogPluginManager: Mounting plugin BackChannel
LogPluginManager: Mounting plugin ChaosClothEditor
LogPluginManager: Mounting plugin ChaosCloth
LogPluginManager: Mounting plugin ChaosEditor
LogPluginManager: Mounting plugin PlanarCut
LogPluginManager: Mounting plugin GeometryProcessing
LogPluginManager: Mounting plugin EditableMesh
LogPluginManager: Mounting plugin GeometryCollectionPlugin
LogPluginManager: Mounting plugin ProceduralMeshComponent
LogPluginManager: Mounting plugin ChaosSolverPlugin
LogPluginManager: Mounting plugin ChaosNiagara
LogPluginManager: Mounting plugin Niagara
LogPluginManager: Mounting plugin PythonScriptPlugin
LogPluginManager: Mounting plugin CharacterAI
LogPluginManager: Mounting plugin MotoSynth
LogPluginManager: Mounting plugin OpenImageDenoise
LogPluginManager: Mounting plugin PlatformCrypto
LogPluginManager: Mounting plugin MagicLeapPassableWorld
LogPluginManager: Mounting plugin MagicLeap
LogPluginManager: Mounting plugin MLSDK
LogPluginManager: Mounting plugin MagicLeapLightEstimation
LogPluginManager: Mounting plugin AvfMedia
LogPluginManager: Mounting plugin ImgMedia
LogPluginManager: Mounting plugin MediaCompositing
LogPluginManager: Mounting plugin MeshPainting
LogPluginManager: Mounting plugin TcpMessaging
LogPluginManager: Mounting plugin UdpMessaging
LogPluginManager: Mounting plugin ActorSequence
LogPluginManager: Mounting plugin MatineeToLevelSequence
LogPluginManager: Mounting plugin OnlineSubsystemNull
LogPluginManager: Mounting plugin OnlineSubsystem
LogPluginManager: Mounting plugin OnlineSubsystemUtils
LogPluginManager: Mounting plugin LauncherChunkInstaller
LogPluginManager: Mounting plugin ActorLayerUtilities
LogPluginManager: Mounting plugin AndroidPermission
LogPluginManager: Mounting plugin AppleImageUtils
LogPluginManager: Mounting plugin ArchVisCharacter
LogPluginManager: Mounting plugin AssetTags
LogPluginManager: Mounting plugin AudioCapture
LogPluginManager: Mounting plugin CableComponent
LogPluginManager: Mounting plugin ChunkDownloader
LogPluginManager: Mounting plugin CustomMeshComponent
LogPluginManager: Mounting plugin ExampleDeviceProfileSelector
LogPluginManager: Mounting plugin GooglePAD
LogPluginManager: Mounting plugin LocationServicesBPLibrary
LogPluginManager: Mounting plugin MobilePatchingUtils
LogPluginManager: Mounting plugin OculusVR
LogPluginManager: Mounting plugin OpenXREyeTracker
LogPluginManager: Mounting plugin OpenXR
LogPluginManager: Mounting plugin OpenXRHandTracking
LogPluginManager: Mounting plugin LiveLink
LogPluginManager: Mounting plugin Takes
LogPluginManager: Mounting plugin PhysXVehicles
LogPluginManager: Mounting plugin RuntimePhysXCooking
LogPluginManager: Mounting plugin SoundFields
LogPluginManager: Mounting plugin SteamVR
LogPluginManager: Mounting plugin Synthesis
LogPluginManager: Mounting plugin AudioSynesthesia
LogPluginManager: Mounting plugin WindowsMoviePlayer
LogLuminAPIImpl: Warning: MLSDK not found.  This likely means the MLSDK environment variable is not set.
LogInit: Using libcurl 7.55.1-DEV
LogInit:  - built for x86_64-pc-win32
LogInit:  - supports SSL with OpenSSL/1.1.1
LogInit:  - supports HTTP deflate (compression) using libz 1.2.8
LogInit:  - other features:
LogInit:      CURL_VERSION_SSL
LogInit:      CURL_VERSION_LIBZ
LogInit:      CURL_VERSION_IPV6
LogInit:      CURL_VERSION_ASYNCHDNS
LogInit:      CURL_VERSION_LARGEFILE
LogInit:      CURL_VERSION_IDN
LogInit:  CurlRequestOptions (configurable via config and command line):
LogInit:  - bVerifyPeer = true  - Libcurl will verify peer certificate
LogInit:  - bUseHttpProxy = false  - Libcurl will NOT use HTTP proxy
LogInit:  - bDontReuseConnections = false  - Libcurl will reuse connections
LogInit:  - MaxHostConnections = 16  - Libcurl will limit the number of connections to a host
LogInit:  - LocalHostAddr = Default
LogInit:  - BufferSize = 65536
LogOnline: OSS: Creating online subsystem instance for: NULL
LogInit: WinSock: version 1.1 (2.2), MaxSocks=32767, MaxUdp=65467
LogOnline: OSS: TryLoadSubsystemAndSetDefault: Loaded subsystem for module [NULL]
LogInit: Build: ++UE4+Release-4.27-CL-0
LogInit: Engine Version: 4.27.1-0+++UE4+Release-4.27
LogInit: Compatible Engine Version: 4.27.0-0+++UE4+Release-4.27
LogInit: Net CL: 0
LogInit: OS: Windows 10 (Release 1809) (), CPU: Intel(R) Core(TM) i7-9750H CPU @ 2.60GHz, GPU: Intel(R) UHD Graphics 630
LogInit: Compiled (64-bit): Jan 30 2022 19:11:23
LogInit: Compiled with Visual C++: 19.29.30137.00
LogInit: Build Configuration: Development
LogInit: Branch Name: ++UE4+Release-4.27
LogInit: Command Line:  -log
LogInit: Base Directory: D:/Projects_Of_Mine/DedicatedServer/WindowsServer/DedicatedServer/Binaries/Win64/
LogInit: Allocator: binned2
LogInit: Installed Engine Build: 0
LogDevObjectVersion: Number of dev versions registered: 29
LogDevObjectVersion:   Dev-Blueprints (B0D832E4-1F89-4F0D-ACCF-7EB736FD4AA2): 10
LogDevObjectVersion:   Dev-Build (E1C64328-A22C-4D53-A36C-8E866417BD8C): 0
LogDevObjectVersion:   Dev-Core (375EC13C-06E4-48FB-B500-84F0262A717E): 4
LogDevObjectVersion:   Dev-Editor (E4B068ED-F494-42E9-A231-DA0B2E46BB41): 40
LogDevObjectVersion:   Dev-Framework (CFFC743F-43B0-4480-9391-14DF171D2073): 37
LogDevObjectVersion:   Dev-Mobile (B02B49B5-BB20-44E9-A304-32B752E40360): 3
LogDevObjectVersion:   Dev-Networking (A4E4105C-59A1-49B5-A7C5-40C4547EDFEE): 0
LogDevObjectVersion:   Dev-Online (39C831C9-5AE6-47DC-9A44-9C173E1C8E7C): 0
LogDevObjectVersion:   Dev-Physics (78F01B33-EBEA-4F98-B9B4-84EACCB95AA2): 14
LogDevObjectVersion:   Dev-Platform (6631380F-2D4D-43E0-8009-CF276956A95A): 0
LogDevObjectVersion:   Dev-Rendering (12F88B9F-8875-4AFC-A67C-D90C383ABD29): 45
LogDevObjectVersion:   Dev-Sequencer (7B5AE74C-D270-4C10-A958-57980B212A5A): 13
LogDevObjectVersion:   Dev-VR (D7296918-1DD6-4BDD-9DE2-64A83CC13884): 3
LogDevObjectVersion:   Dev-LoadTimes (C2A15278-BFE7-4AFE-6C17-90FF531DF755): 1
LogDevObjectVersion:   Private-Geometry (6EACA3D4-40EC-4CC1-B786-8BED09428FC5): 3
LogDevObjectVersion:   Dev-AnimPhys (29E575DD-E0A3-4627-9D10-D276232CDCEA): 17
LogDevObjectVersion:   Dev-Anim (AF43A65D-7FD3-4947-9873-3E8ED9C1BB05): 15
LogDevObjectVersion:   Dev-ReflectionCapture (6B266CEC-1EC7-4B8F-A30B-E4D90942FC07): 1
LogDevObjectVersion:   Dev-Automation (0DF73D61-A23F-47EA-B727-89E90C41499A): 1
LogDevObjectVersion:   FortniteMain (601D1886-AC64-4F84-AA16-D3DE0DEAC7D6): 47
LogDevObjectVersion:   FortniteRelease (E7086368-6B23-4C58-8439-1B7016265E91): 1
LogDevObjectVersion:   Dev-Enterprise (9DFFBCD6-494F-0158-E221-12823C92A888): 10
LogDevObjectVersion:   Dev-Niagara (F2AED0AC-9AFE-416F-8664-AA7FFA26D6FC): 1
LogDevObjectVersion:   Dev-Destruction (174F1F0B-B4C6-45A5-B13F-2EE8D0FB917D): 10
LogDevObjectVersion:   Dev-Physics-Ext (35F94A83-E258-406C-A318-09F59610247C): 41
LogDevObjectVersion:   Dev-PhysicsMaterial-Chaos (B68FC16E-8B1B-42E2-B453-215C058844FE): 1
LogDevObjectVersion:   Dev-CineCamera (B2E18506-4273-CFC2-A54E-F4BB758BBA07): 1
LogDevObjectVersion:   Dev-VirtualProduction (64F58936-FD1B-42BA-BA96-7289D5D0FA4E): 1
LogDevObjectVersion:   Dev-MediaFramework (6F0ED827-A609-4895-9C91-998D90180EA4): 2
LogInit: Presizing for max 2097152 objects, including 1 objects not considered by GC, pre-allocating 0 bytes for permanent pool.
LogConfig: Applying CVar settings from Section [/Script/Engine.StreamingSettings] File [../../../DedicatedServer/Saved/Config/WindowsServer/Engine.ini]
LogConfig: Setting CVar [[s.MinBulkDataSizeForAsyncLoading:131072]]
LogConfig: Setting CVar [[s.AsyncLoadingThreadEnabled:0]]
LogConfig: Setting CVar [[s.EventDrivenLoaderEnabled:1]]
LogConfig: Setting CVar [[s.WarnIfTimeLimitExceeded:0]]
LogConfig: Setting CVar [[s.TimeLimitExceededMultiplier:1.5]]
LogConfig: Setting CVar [[s.TimeLimitExceededMinTime:0.005]]
LogConfig: Setting CVar [[s.UseBackgroundLevelStreaming:1]]
LogConfig: Setting CVar [[s.PriorityAsyncLoadingExtraTime:15.0]]
LogConfig: Setting CVar [[s.LevelStreamingActorsUpdateTimeLimit:5.0]]
LogConfig: Setting CVar [[s.PriorityLevelStreamingActorsUpdateExtraTime:5.0]]
LogConfig: Setting CVar [[s.LevelStreamingComponentsRegistrationGranularity:10]]
LogConfig: Setting CVar [[s.UnregisterComponentsTimeLimit:1.0]]
LogConfig: Setting CVar [[s.LevelStreamingComponentsUnregistrationGranularity:5]]
LogConfig: Setting CVar [[s.FlushStreamingOnExit:1]]
LogStreaming: Display: Async Loading initialized: Event Driven Loader: true, Async Loading Thread: false, Async Post Load: false
LogInit: Object subsystem initialized
LogConfig: Setting CVar [[con.DebugEarlyDefault:1]]
LogConfig: Setting CVar [[r.setres:1280x720]]
LogConfig: Setting CVar [[fx.NiagaraAllowRuntimeScalabilityChanges:1]]
[2022.01.30-17.53.53:909][  0]LogConfig: Setting CVar [[con.DebugEarlyDefault:1]]
[2022.01.30-17.53.53:909][  0]LogConfig: Setting CVar [[r.setres:1280x720]]
[2022.01.30-17.53.53:909][  0]LogConfig: Setting CVar [[fx.NiagaraAllowRuntimeScalabilityChanges:1]]
[2022.01.30-17.53.53:910][  0]LogConfig: Applying CVar settings from Section [/Script/Engine.RendererSettings] File [../../../DedicatedServer/Saved/Config/WindowsServer/Engine.ini]
[2022.01.30-17.53.53:911][  0]LogConfig: Setting CVar [[r.GPUCrashDebugging:0]]
[2022.01.30-17.53.53:911][  0]LogConfig: Applying CVar settings from Section [/Script/Engine.RendererOverrideSettings] File [../../../DedicatedServer/Saved/Config/WindowsServer/Engine.ini]
[2022.01.30-17.53.53:911][  0]LogConfig: Applying CVar settings from Section [/Script/Engine.StreamingSettings] File [../../../DedicatedServer/Saved/Config/WindowsServer/Engine.ini]
[2022.01.30-17.53.53:911][  0]LogConfig: Setting CVar [[s.MinBulkDataSizeForAsyncLoading:131072]]
[2022.01.30-17.53.53:912][  0]LogConfig: Setting CVar [[s.AsyncLoadingThreadEnabled:0]]
[2022.01.30-17.53.53:912][  0]LogConfig: Setting CVar [[s.EventDrivenLoaderEnabled:1]]
[2022.01.30-17.53.53:912][  0]LogConfig: Setting CVar [[s.WarnIfTimeLimitExceeded:0]]
[2022.01.30-17.53.53:912][  0]LogConfig: Setting CVar [[s.TimeLimitExceededMultiplier:1.5]]
[2022.01.30-17.53.53:912][  0]LogConfig: Setting CVar [[s.TimeLimitExceededMinTime:0.005]]
[2022.01.30-17.53.53:912][  0]LogConfig: Setting CVar [[s.UseBackgroundLevelStreaming:1]]
[2022.01.30-17.53.53:913][  0]LogConfig: Setting CVar [[s.PriorityAsyncLoadingExtraTime:15.0]]
[2022.01.30-17.53.53:913][  0]LogConfig: Setting CVar [[s.LevelStreamingActorsUpdateTimeLimit:5.0]]
[2022.01.30-17.53.53:913][  0]LogConfig: Setting CVar [[s.PriorityLevelStreamingActorsUpdateExtraTime:5.0]]
[2022.01.30-17.53.53:913][  0]LogConfig: Setting CVar [[s.LevelStreamingComponentsRegistrationGranularity:10]]
[2022.01.30-17.53.53:913][  0]LogConfig: Setting CVar [[s.UnregisterComponentsTimeLimit:1.0]]
[2022.01.30-17.53.53:914][  0]LogConfig: Setting CVar [[s.LevelStreamingComponentsUnregistrationGranularity:5]]
[2022.01.30-17.53.53:914][  0]LogConfig: Setting CVar [[s.FlushStreamingOnExit:1]]
[2022.01.30-17.53.53:914][  0]LogConfig: Applying CVar settings from Section [/Script/Engine.GarbageCollectionSettings] File [../../../DedicatedServer/Saved/Config/WindowsServer/Engine.ini]
[2022.01.30-17.53.53:914][  0]LogConfig: Setting CVar [[gc.MaxObjectsNotConsideredByGC:1]]
[2022.01.30-17.53.53:914][  0]LogConfig: Setting CVar [[gc.SizeOfPermanentObjectPool:0]]
[2022.01.30-17.53.53:915][  0]LogConfig: Setting CVar [[gc.FlushStreamingOnGC:0]]
[2022.01.30-17.53.53:915][  0]LogConfig: Setting CVar [[gc.NumRetriesBeforeForcingGC:10]]
[2022.01.30-17.53.53:915][  0]LogConfig: Setting CVar [[gc.AllowParallelGC:1]]
[2022.01.30-17.53.53:915][  0]LogConfig: Setting CVar [[gc.TimeBetweenPurgingPendingKillObjects:61.1]]
[2022.01.30-17.53.53:915][  0]LogConfig: Setting CVar [[gc.MaxObjectsInEditor:25165824]]
[2022.01.30-17.53.53:916][  0]LogConfig: Setting CVar [[gc.IncrementalBeginDestroyEnabled:1]]
[2022.01.30-17.53.53:916][  0]LogConfig: Setting CVar [[gc.CreateGCClusters:1]]
[2022.01.30-17.53.53:916][  0]LogConfig: Setting CVar [[gc.MinGCClusterSize:5]]
[2022.01.30-17.53.53:916][  0]LogConfig: Setting CVar [[gc.ActorClusteringEnabled:0]]
[2022.01.30-17.53.53:916][  0]LogConfig: Setting CVar [[gc.BlueprintClusteringEnabled:0]]
[2022.01.30-17.53.53:916][  0]LogConfig: Setting CVar [[gc.UseDisregardForGCOnDedicatedServers:0]]
[2022.01.30-17.53.53:917][  0]LogConfig: Setting CVar [[gc.MultithreadedDestructionEnabled:1]]
[2022.01.30-17.53.53:917][  0]LogConfig: Applying CVar settings from Section [/Script/Engine.NetworkSettings] File [../../../DedicatedServer/Saved/Config/WindowsServer/Engine.ini]
[2022.01.30-17.53.53:917][  0]LogConfig: Applying CVar settings from Section [ViewDistanceQuality@3] File [../../../DedicatedServer/Saved/Config/WindowsServer/Scalability.ini]
[2022.01.30-17.53.53:917][  0]LogConfig: Setting CVar [[r.SkeletalMeshLODBias:0]]
[2022.01.30-17.53.53:917][  0]LogConfig: Setting CVar [[r.ViewDistanceScale:1.0]]
[2022.01.30-17.53.53:918][  0]LogConfig: Applying CVar settings from Section [AntiAliasingQuality@3] File [../../../DedicatedServer/Saved/Config/WindowsServer/Scalability.ini]
[2022.01.30-17.53.53:918][  0]LogConfig: Setting CVar [[r.PostProcessAAQuality:4]]
[2022.01.30-17.53.53:918][  0]LogConfig: Applying CVar settings from Section [ShadowQuality@3] File [../../../DedicatedServer/Saved/Config/WindowsServer/Scalability.ini]
[2022.01.30-17.53.53:918][  0]LogConfig: Setting CVar [[r.LightFunctionQuality:1]]
[2022.01.30-17.53.53:918][  0]LogConfig: Setting CVar [[r.ShadowQuality:5]]
[2022.01.30-17.53.53:920][  0]LogConfig: Setting CVar [[r.Shadow.CSM.MaxCascades:10]]
[2022.01.30-17.53.53:920][  0]LogConfig: Setting CVar [[r.Shadow.MaxResolution:2048]]
[2022.01.30-17.53.53:921][  0]LogConfig: Setting CVar [[r.Shadow.MaxCSMResolution:2048]]
[2022.01.30-17.53.53:921][  0]LogConfig: Setting CVar [[r.Shadow.RadiusThreshold:0.01]]
[2022.01.30-17.53.53:921][  0]LogConfig: Setting CVar [[r.Shadow.DistanceScale:1.0]]
[2022.01.30-17.53.53:921][  0]LogConfig: Setting CVar [[r.Shadow.CSM.TransitionScale:1.0]]
[2022.01.30-17.53.53:921][  0]LogConfig: Setting CVar [[r.Shadow.PreShadowResolutionFactor:1.0]]
[2022.01.30-17.53.53:922][  0]LogConfig: Setting CVar [[r.DistanceFieldShadowing:1]]
[2022.01.30-17.53.53:922][  0]LogConfig: Setting CVar [[r.DistanceFieldAO:1]]
[2022.01.30-17.53.53:922][  0]LogConfig: Setting CVar [[r.AOQuality:2]]
[2022.01.30-17.53.53:922][  0]LogConfig: Setting CVar [[r.VolumetricFog:1]]
[2022.01.30-17.53.53:922][  0]LogConfig: Setting CVar [[r.VolumetricFog.GridPixelSize:8]]
[2022.01.30-17.53.53:922][  0]LogConfig: Setting CVar [[r.VolumetricFog.GridSizeZ:128]]
[2022.01.30-17.53.53:923][  0]LogConfig: Setting CVar [[r.VolumetricFog.HistoryMissSupersampleCount:4]]
[2022.01.30-17.53.53:923][  0]LogConfig: Setting CVar [[r.LightMaxDrawDistanceScale:1]]
[2022.01.30-17.53.53:923][  0]LogConfig: Setting CVar [[r.CapsuleShadows:1]]
[2022.01.30-17.53.53:923][  0]LogConfig: Applying CVar settings from Section [PostProcessQuality@3] File [../../../DedicatedServer/Saved/Config/WindowsServer/Scalability.ini]
[2022.01.30-17.53.53:923][  0]LogConfig: Setting CVar [[r.MotionBlurQuality:4]]
[2022.01.30-17.53.53:924][  0]LogConfig: Setting CVar [[r.AmbientOcclusionMipLevelFactor:0.4]]
[2022.01.30-17.53.53:924][  0]LogConfig: Setting CVar [[r.AmbientOcclusionMaxQuality:100]]
[2022.01.30-17.53.53:924][  0]LogConfig: Setting CVar [[r.AmbientOcclusionLevels:-1]]
[2022.01.30-17.53.53:924][  0]LogConfig: Setting CVar [[r.AmbientOcclusionRadiusScale:1.0]]
[2022.01.30-17.53.53:924][  0]LogConfig: Setting CVar [[r.DepthOfFieldQuality:2]]
[2022.01.30-17.53.53:925][  0]LogConfig: Setting CVar [[r.RenderTargetPoolMin:400]]
[2022.01.30-17.53.53:925][  0]LogConfig: Setting CVar [[r.LensFlareQuality:2]]
[2022.01.30-17.53.53:925][  0]LogConfig: Setting CVar [[r.SceneColorFringeQuality:1]]
[2022.01.30-17.53.53:925][  0]LogConfig: Setting CVar [[r.EyeAdaptationQuality:2]]
[2022.01.30-17.53.53:925][  0]LogConfig: Setting CVar [[r.BloomQuality:5]]
[2022.01.30-17.53.53:925][  0]LogConfig: Setting CVar [[r.FastBlurThreshold:100]]
[2022.01.30-17.53.53:926][  0]LogConfig: Setting CVar [[r.Upscale.Quality:3]]
[2022.01.30-17.53.53:926][  0]LogConfig: Setting CVar [[r.Tonemapper.GrainQuantization:1]]
[2022.01.30-17.53.53:926][  0]LogConfig: Setting CVar [[r.LightShaftQuality:1]]
[2022.01.30-17.53.53:926][  0]LogConfig: Setting CVar [[r.Filter.SizeScale:1]]
[2022.01.30-17.53.53:926][  0]LogConfig: Setting CVar [[r.Tonemapper.Quality:5]]
[2022.01.30-17.53.53:927][  0]LogConfig: Setting CVar [[r.DOF.Gather.AccumulatorQuality:1        ; higher gathering accumulator quality]]
[2022.01.30-17.53.53:927][  0]LogConfig: Setting CVar [[r.DOF.Gather.PostfilterMethod:1          ; Median3x3 postfilering method]]
[2022.01.30-17.53.53:927][  0]LogConfig: Setting CVar [[r.DOF.Gather.EnableBokehSettings:0       ; no bokeh simulation when gathering]]
[2022.01.30-17.53.53:927][  0]LogConfig: Setting CVar [[r.DOF.Gather.RingCount:4                 ; medium number of samples when gathering]]
[2022.01.30-17.53.53:927][  0]LogConfig: Setting CVar [[r.DOF.Scatter.ForegroundCompositing:1    ; additive foreground scattering]]
[2022.01.30-17.53.53:928][  0]LogConfig: Setting CVar [[r.DOF.Scatter.BackgroundCompositing:2    ; additive background scattering]]
[2022.01.30-17.53.53:928][  0]LogConfig: Setting CVar [[r.DOF.Scatter.EnableBokehSettings:1      ; bokeh simulation when scattering]]
[2022.01.30-17.53.53:928][  0]LogConfig: Setting CVar [[r.DOF.Scatter.MaxSpriteRatio:0.1         ; only a maximum of 10% of scattered bokeh]]
[2022.01.30-17.53.53:928][  0]LogConfig: Setting CVar [[r.DOF.Recombine.Quality:1                ; cheap slight out of focus]]
[2022.01.30-17.53.53:928][  0]LogConfig: Setting CVar [[r.DOF.Recombine.EnableBokehSettings:0    ; no bokeh simulation on slight out of focus]]
[2022.01.30-17.53.53:930][  0]LogConfig: Setting CVar [[r.DOF.TemporalAAQuality:1                ; more stable temporal accumulation]]
[2022.01.30-17.53.53:930][  0]LogConfig: Setting CVar [[r.DOF.Kernel.MaxForegroundRadius:0.025]]
[2022.01.30-17.53.53:931][  0]LogConfig: Setting CVar [[r.DOF.Kernel.MaxBackgroundRadius:0.025]]
[2022.01.30-17.53.53:931][  0]LogConfig: Applying CVar settings from Section [TextureQuality@3] File [../../../DedicatedServer/Saved/Config/WindowsServer/Scalability.ini]
[2022.01.30-17.53.53:931][  0]LogConfig: Setting CVar [[r.Streaming.MipBias:0]]
[2022.01.30-17.53.53:931][  0]LogConfig: Setting CVar [[r.Streaming.AmortizeCPUToGPUCopy:0]]
[2022.01.30-17.53.53:931][  0]LogConfig: Setting CVar [[r.Streaming.MaxNumTexturesToStreamPerFrame:0]]
[2022.01.30-17.53.53:932][  0]LogConfig: Setting CVar [[r.Streaming.Boost:1]]
[2022.01.30-17.53.53:932][  0]LogConfig: Setting CVar [[r.MaxAnisotropy:8]]
[2022.01.30-17.53.53:932][  0]LogConfig: Setting CVar [[r.VT.MaxAnisotropy:8]]
[2022.01.30-17.53.53:932][  0]LogConfig: Setting CVar [[r.Streaming.LimitPoolSizeToVRAM:0]]
[2022.01.30-17.53.53:932][  0]LogConfig: Setting CVar [[r.Streaming.PoolSize:1000]]
[2022.01.30-17.53.53:933][  0]LogConfig: Setting CVar [[r.Streaming.MaxEffectiveScreenSize:0]]
[2022.01.30-17.53.53:933][  0]LogConfig: Applying CVar settings from Section [EffectsQuality@3] File [../../../DedicatedServer/Saved/Config/WindowsServer/Scalability.ini]
[2022.01.30-17.53.53:933][  0]LogConfig: Setting CVar [[r.TranslucencyLightingVolumeDim:64]]
[2022.01.30-17.53.53:933][  0]LogConfig: Setting CVar [[r.RefractionQuality:2]]
[2022.01.30-17.53.53:933][  0]LogConfig: Setting CVar [[r.SSR.Quality:3]]
[2022.01.30-17.53.53:933][  0]LogConfig: Setting CVar [[r.SSR.HalfResSceneColor:0]]
[2022.01.30-17.53.53:934][  0]LogConfig: Setting CVar [[r.SceneColorFormat:4]]
[2022.01.30-17.53.53:934][  0]LogConfig: Setting CVar [[r.DetailMode:2]]
[2022.01.30-17.53.53:934][  0]LogConfig: Setting CVar [[r.TranslucencyVolumeBlur:1]]
[2022.01.30-17.53.53:934][  0]LogConfig: Setting CVar [[r.MaterialQualityLevel:1 ; High quality]]
[2022.01.30-17.53.53:934][  0]LogConfig: Setting CVar [[r.AnisotropicMaterials:1]]
[2022.01.30-17.53.53:935][  0]LogConfig: Setting CVar [[r.SSS.Scale:1]]
[2022.01.30-17.53.53:935][  0]LogConfig: Setting CVar [[r.SSS.SampleSet:2]]
[2022.01.30-17.53.53:935][  0]LogConfig: Setting CVar [[r.SSS.Quality:1]]
[2022.01.30-17.53.53:935][  0]LogConfig: Setting CVar [[r.SSS.HalfRes:0]]
[2022.01.30-17.53.53:935][  0]LogConfig: Setting CVar [[r.SSGI.Quality:3]]
[2022.01.30-17.53.53:935][  0]LogConfig: Setting CVar [[r.EmitterSpawnRateScale:1.0]]
[2022.01.30-17.53.53:936][  0]LogConfig: Setting CVar [[r.ParticleLightQuality:2]]
[2022.01.30-17.53.53:936][  0]LogConfig: Setting CVar [[r.SkyAtmosphere.AerialPerspectiveLUT.FastApplyOnOpaque:1 ; Always have FastSkyLUT 1 in this case to avoid wrong sky]]
[2022.01.30-17.53.53:936][  0]LogConfig: Setting CVar [[r.SkyAtmosphere.AerialPerspectiveLUT.SampleCountMaxPerSlice:4]]
[2022.01.30-17.53.53:936][  0]LogConfig: Setting CVar [[r.SkyAtmosphere.AerialPerspectiveLUT.DepthResolution:16.0]]
[2022.01.30-17.53.53:936][  0]LogConfig: Setting CVar [[r.SkyAtmosphere.FastSkyLUT:1]]
[2022.01.30-17.53.53:937][  0]LogConfig: Setting CVar [[r.SkyAtmosphere.FastSkyLUT.SampleCountMin:4.0]]
[2022.01.30-17.53.53:937][  0]LogConfig: Setting CVar [[r.SkyAtmosphere.FastSkyLUT.SampleCountMax:128.0]]
[2022.01.30-17.53.53:937][  0]LogConfig: Setting CVar [[r.SkyAtmosphere.SampleCountMin:4.0]]
[2022.01.30-17.53.53:937][  0]LogConfig: Setting CVar [[r.SkyAtmosphere.SampleCountMax:128.0]]
[2022.01.30-17.53.53:937][  0]LogConfig: Setting CVar [[r.SkyAtmosphere.TransmittanceLUT.UseSmallFormat:0]]
[2022.01.30-17.53.53:938][  0]LogConfig: Setting CVar [[r.SkyAtmosphere.TransmittanceLUT.SampleCount:10.0]]
[2022.01.30-17.53.53:938][  0]LogConfig: Setting CVar [[r.SkyAtmosphere.MultiScatteringLUT.SampleCount:15.0]]
[2022.01.30-17.53.53:938][  0]LogConfig: Setting CVar [[r.SkyLight.RealTimeReflectionCapture:1]]
[2022.01.30-17.53.53:938][  0]LogConfig: Setting CVar [[fx.Niagara.QualityLevel:3]]
[2022.01.30-17.53.53:938][  0]LogConfig: Applying CVar settings from Section [FoliageQuality@3] File [../../../DedicatedServer/Saved/Config/WindowsServer/Scalability.ini]
[2022.01.30-17.53.53:939][  0]LogConfig: Setting CVar [[foliage.DensityScale:1.0]]
[2022.01.30-17.53.53:940][  0]LogConfig: Setting CVar [[grass.DensityScale:1.0]]
[2022.01.30-17.53.53:940][  0]LogConfig: Applying CVar settings from Section [ShadingQuality@3] File [../../../DedicatedServer/Saved/Config/WindowsServer/Scalability.ini]
[2022.01.30-17.53.53:940][  0]LogConfig: Setting CVar [[r.HairStrands.SkyLighting.IntegrationType:2]]
[2022.01.30-17.53.53:941][  0]LogConfig: Setting CVar [[r.HairStrands.SkyAO.SampleCount:4]]
[2022.01.30-17.53.53:941][  0]LogConfig: Setting CVar [[r.HairStrands.Visibility.MSAA.SamplePerPixel:4]]
[2022.01.30-17.53.53:941][  0]LogInit: Selected Device Profile: [WindowsServer]
[2022.01.30-17.53.53:941][  0]LogInit: Applying CVar settings loaded from the selected device profile: [WindowsServer]
[2022.01.30-17.53.53:942][  0]LogHAL: Display: Platform has ~ 32 GB [34163515392 / 34359738368 / 32], which maps to Largest [LargestMinGB=32, LargerMinGB=12, DefaultMinGB=8, SmallerMinGB=6, SmallestMinGB=0)
[2022.01.30-17.53.53:942][  0]LogInit: Going up to parent DeviceProfile [Windows]
[2022.01.30-17.53.53:942][  0]LogInit: Going up to parent DeviceProfile []
[2022.01.30-17.53.53:942][  0]LogConfig: Applying CVar settings from Section [ViewDistanceQuality@3] File [../../../DedicatedServer/Saved/Config/WindowsServer/Scalability.ini]
[2022.01.30-17.53.53:942][  0]LogConfig: Setting CVar [[r.SkeletalMeshLODBias:0]]
[2022.01.30-17.53.53:942][  0]LogConfig: Setting CVar [[r.ViewDistanceScale:1.0]]
[2022.01.30-17.53.53:943][  0]LogConfig: Applying CVar settings from Section [AntiAliasingQuality@3] File [../../../DedicatedServer/Saved/Config/WindowsServer/Scalability.ini]
[2022.01.30-17.53.53:943][  0]LogConfig: Setting CVar [[r.PostProcessAAQuality:4]]
[2022.01.30-17.53.53:943][  0]LogConfig: Applying CVar settings from Section [ShadowQuality@3] File [../../../DedicatedServer/Saved/Config/WindowsServer/Scalability.ini]
[2022.01.30-17.53.53:943][  0]LogConfig: Setting CVar [[r.LightFunctionQuality:1]]
[2022.01.30-17.53.53:943][  0]LogConfig: Setting CVar [[r.ShadowQuality:5]]
[2022.01.30-17.53.53:944][  0]LogConfig: Setting CVar [[r.Shadow.CSM.MaxCascades:10]]
[2022.01.30-17.53.53:944][  0]LogConfig: Setting CVar [[r.Shadow.MaxResolution:2048]]
[2022.01.30-17.53.53:944][  0]LogConfig: Setting CVar [[r.Shadow.MaxCSMResolution:2048]]
[2022.01.30-17.53.53:944][  0]LogConfig: Setting CVar [[r.Shadow.RadiusThreshold:0.01]]
[2022.01.30-17.53.53:945][  0]LogConfig: Setting CVar [[r.Shadow.DistanceScale:1.0]]
[2022.01.30-17.53.53:945][  0]LogConfig: Setting CVar [[r.Shadow.CSM.TransitionScale:1.0]]
[2022.01.30-17.53.53:945][  0]LogConfig: Setting CVar [[r.Shadow.PreShadowResolutionFactor:1.0]]
[2022.01.30-17.53.53:945][  0]LogConfig: Setting CVar [[r.DistanceFieldShadowing:1]]
[2022.01.30-17.53.53:945][  0]LogConfig: Setting CVar [[r.DistanceFieldAO:1]]
[2022.01.30-17.53.53:945][  0]LogConfig: Setting CVar [[r.AOQuality:2]]
[2022.01.30-17.53.53:946][  0]LogConfig: Setting CVar [[r.VolumetricFog:1]]
[2022.01.30-17.53.53:946][  0]LogConfig: Setting CVar [[r.VolumetricFog.GridPixelSize:8]]
[2022.01.30-17.53.53:946][  0]LogConfig: Setting CVar [[r.VolumetricFog.GridSizeZ:128]]
[2022.01.30-17.53.53:946][  0]LogConfig: Setting CVar [[r.VolumetricFog.HistoryMissSupersampleCount:4]]
[2022.01.30-17.53.53:946][  0]LogConfig: Setting CVar [[r.LightMaxDrawDistanceScale:1]]
[2022.01.30-17.53.53:947][  0]LogConfig: Setting CVar [[r.CapsuleShadows:1]]
[2022.01.30-17.53.53:947][  0]LogConfig: Applying CVar settings from Section [PostProcessQuality@3] File [../../../DedicatedServer/Saved/Config/WindowsServer/Scalability.ini]
[2022.01.30-17.53.53:947][  0]LogConfig: Setting CVar [[r.MotionBlurQuality:4]]
[2022.01.30-17.53.53:947][  0]LogConfig: Setting CVar [[r.AmbientOcclusionMipLevelFactor:0.4]]
[2022.01.30-17.53.53:947][  0]LogConfig: Setting CVar [[r.AmbientOcclusionMaxQuality:100]]
[2022.01.30-17.53.53:948][  0]LogConfig: Setting CVar [[r.AmbientOcclusionLevels:-1]]
[2022.01.30-17.53.53:948][  0]LogConfig: Setting CVar [[r.AmbientOcclusionRadiusScale:1.0]]
[2022.01.30-17.53.53:948][  0]LogConfig: Setting CVar [[r.DepthOfFieldQuality:2]]
[2022.01.30-17.53.53:948][  0]LogConfig: Setting CVar [[r.RenderTargetPoolMin:400]]
[2022.01.30-17.53.53:948][  0]LogConfig: Setting CVar [[r.LensFlareQuality:2]]
[2022.01.30-17.53.53:948][  0]LogConfig: Setting CVar [[r.SceneColorFringeQuality:1]]
[2022.01.30-17.53.53:949][  0]LogConfig: Setting CVar [[r.EyeAdaptationQuality:2]]
[2022.01.30-17.53.53:950][  0]LogConfig: Setting CVar [[r.BloomQuality:5]]
[2022.01.30-17.53.53:950][  0]LogConfig: Setting CVar [[r.FastBlurThreshold:100]]
[2022.01.30-17.53.53:951][  0]LogConfig: Setting CVar [[r.Upscale.Quality:3]]
[2022.01.30-17.53.53:951][  0]LogConfig: Setting CVar [[r.Tonemapper.GrainQuantization:1]]
[2022.01.30-17.53.53:951][  0]LogConfig: Setting CVar [[r.LightShaftQuality:1]]
[2022.01.30-17.53.53:951][  0]LogConfig: Setting CVar [[r.Filter.SizeScale:1]]
[2022.01.30-17.53.53:951][  0]LogConfig: Setting CVar [[r.Tonemapper.Quality:5]]
[2022.01.30-17.53.53:952][  0]LogConfig: Setting CVar [[r.DOF.Gather.AccumulatorQuality:1        ; higher gathering accumulator quality]]
[2022.01.30-17.53.53:952][  0]LogConfig: Setting CVar [[r.DOF.Gather.PostfilterMethod:1          ; Median3x3 postfilering method]]
[2022.01.30-17.53.53:952][  0]LogConfig: Setting CVar [[r.DOF.Gather.EnableBokehSettings:0       ; no bokeh simulation when gathering]]
[2022.01.30-17.53.53:952][  0]LogConfig: Setting CVar [[r.DOF.Gather.RingCount:4                 ; medium number of samples when gathering]]
[2022.01.30-17.53.53:952][  0]LogConfig: Setting CVar [[r.DOF.Scatter.ForegroundCompositing:1    ; additive foreground scattering]]
[2022.01.30-17.53.53:953][  0]LogConfig: Setting CVar [[r.DOF.Scatter.BackgroundCompositing:2    ; additive background scattering]]
[2022.01.30-17.53.53:953][  0]LogConfig: Setting CVar [[r.DOF.Scatter.EnableBokehSettings:1      ; bokeh simulation when scattering]]
[2022.01.30-17.53.53:953][  0]LogConfig: Setting CVar [[r.DOF.Scatter.MaxSpriteRatio:0.1         ; only a maximum of 10% of scattered bokeh]]
[2022.01.30-17.53.53:953][  0]LogConfig: Setting CVar [[r.DOF.Recombine.Quality:1                ; cheap slight out of focus]]
[2022.01.30-17.53.53:953][  0]LogConfig: Setting CVar [[r.DOF.Recombine.EnableBokehSettings:0    ; no bokeh simulation on slight out of focus]]
[2022.01.30-17.53.53:954][  0]LogConfig: Setting CVar [[r.DOF.TemporalAAQuality:1                ; more stable temporal accumulation]]
[2022.01.30-17.53.53:954][  0]LogConfig: Setting CVar [[r.DOF.Kernel.MaxForegroundRadius:0.025]]
[2022.01.30-17.53.53:954][  0]LogConfig: Setting CVar [[r.DOF.Kernel.MaxBackgroundRadius:0.025]]
[2022.01.30-17.53.53:954][  0]LogConfig: Applying CVar settings from Section [TextureQuality@3] File [../../../DedicatedServer/Saved/Config/WindowsServer/Scalability.ini]
[2022.01.30-17.53.53:954][  0]LogConfig: Setting CVar [[r.Streaming.MipBias:0]]
[2022.01.30-17.53.53:955][  0]LogConfig: Setting CVar [[r.Streaming.AmortizeCPUToGPUCopy:0]]
[2022.01.30-17.53.53:955][  0]LogConfig: Setting CVar [[r.Streaming.MaxNumTexturesToStreamPerFrame:0]]
[2022.01.30-17.53.53:955][  0]LogConfig: Setting CVar [[r.Streaming.Boost:1]]
[2022.01.30-17.53.53:955][  0]LogConfig: Setting CVar [[r.MaxAnisotropy:8]]
[2022.01.30-17.53.53:955][  0]LogConfig: Setting CVar [[r.VT.MaxAnisotropy:8]]
[2022.01.30-17.53.53:956][  0]LogConfig: Setting CVar [[r.Streaming.LimitPoolSizeToVRAM:0]]
[2022.01.30-17.53.53:956][  0]LogConfig: Setting CVar [[r.Streaming.PoolSize:1000]]
[2022.01.30-17.53.53:956][  0]LogConfig: Setting CVar [[r.Streaming.MaxEffectiveScreenSize:0]]
[2022.01.30-17.53.53:956][  0]LogConfig: Applying CVar settings from Section [EffectsQuality@3] File [../../../DedicatedServer/Saved/Config/WindowsServer/Scalability.ini]
[2022.01.30-17.53.53:956][  0]LogConfig: Setting CVar [[r.TranslucencyLightingVolumeDim:64]]
[2022.01.30-17.53.53:956][  0]LogConfig: Setting CVar [[r.RefractionQuality:2]]
[2022.01.30-17.53.53:957][  0]LogConfig: Setting CVar [[r.SSR.Quality:3]]
[2022.01.30-17.53.53:957][  0]LogConfig: Setting CVar [[r.SSR.HalfResSceneColor:0]]
[2022.01.30-17.53.53:957][  0]LogConfig: Setting CVar [[r.SceneColorFormat:4]]
[2022.01.30-17.53.53:957][  0]LogConfig: Setting CVar [[r.DetailMode:2]]
[2022.01.30-17.53.53:957][  0]LogConfig: Setting CVar [[r.TranslucencyVolumeBlur:1]]
[2022.01.30-17.53.53:958][  0]LogConfig: Setting CVar [[r.MaterialQualityLevel:1 ; High quality]]
[2022.01.30-17.53.53:958][  0]LogConfig: Setting CVar [[r.AnisotropicMaterials:1]]
[2022.01.30-17.53.53:958][  0]LogConfig: Setting CVar [[r.SSS.Scale:1]]
[2022.01.30-17.53.53:958][  0]LogConfig: Setting CVar [[r.SSS.SampleSet:2]]
[2022.01.30-17.53.53:958][  0]LogConfig: Setting CVar [[r.SSS.Quality:1]]
[2022.01.30-17.53.53:958][  0]LogConfig: Setting CVar [[r.SSS.HalfRes:0]]
[2022.01.30-17.53.53:959][  0]LogConfig: Setting CVar [[r.SSGI.Quality:3]]
[2022.01.30-17.53.53:960][  0]LogConfig: Setting CVar [[r.EmitterSpawnRateScale:1.0]]
[2022.01.30-17.53.53:960][  0]LogConfig: Setting CVar [[r.ParticleLightQuality:2]]
[2022.01.30-17.53.53:961][  0]LogConfig: Setting CVar [[r.SkyAtmosphere.AerialPerspectiveLUT.FastApplyOnOpaque:1 ; Always have FastSkyLUT 1 in this case to avoid wrong sky]]
[2022.01.30-17.53.53:961][  0]LogConfig: Setting CVar [[r.SkyAtmosphere.AerialPerspectiveLUT.SampleCountMaxPerSlice:4]]
[2022.01.30-17.53.53:961][  0]LogConfig: Setting CVar [[r.SkyAtmosphere.AerialPerspectiveLUT.DepthResolution:16.0]]
[2022.01.30-17.53.53:961][  0]LogConfig: Setting CVar [[r.SkyAtmosphere.FastSkyLUT:1]]
[2022.01.30-17.53.53:961][  0]LogConfig: Setting CVar [[r.SkyAtmosphere.FastSkyLUT.SampleCountMin:4.0]]
[2022.01.30-17.53.53:962][  0]LogConfig: Setting CVar [[r.SkyAtmosphere.FastSkyLUT.SampleCountMax:128.0]]
[2022.01.30-17.53.53:962][  0]LogConfig: Setting CVar [[r.SkyAtmosphere.SampleCountMin:4.0]]
[2022.01.30-17.53.53:962][  0]LogConfig: Setting CVar [[r.SkyAtmosphere.SampleCountMax:128.0]]
[2022.01.30-17.53.53:962][  0]LogConfig: Setting CVar [[r.SkyAtmosphere.TransmittanceLUT.UseSmallFormat:0]]
[2022.01.30-17.53.53:962][  0]LogConfig: Setting CVar [[r.SkyAtmosphere.TransmittanceLUT.SampleCount:10.0]]
[2022.01.30-17.53.53:963][  0]LogConfig: Setting CVar [[r.SkyAtmosphere.MultiScatteringLUT.SampleCount:15.0]]
[2022.01.30-17.53.53:963][  0]LogConfig: Setting CVar [[r.SkyLight.RealTimeReflectionCapture:1]]
[2022.01.30-17.53.53:963][  0]LogConfig: Setting CVar [[fx.Niagara.QualityLevel:3]]
[2022.01.30-17.53.53:963][  0]LogConfig: Applying CVar settings from Section [FoliageQuality@3] File [../../../DedicatedServer/Saved/Config/WindowsServer/Scalability.ini]
[2022.01.30-17.53.53:963][  0]LogConfig: Setting CVar [[foliage.DensityScale:1.0]]
[2022.01.30-17.53.53:964][  0]LogConfig: Setting CVar [[grass.DensityScale:1.0]]
[2022.01.30-17.53.53:964][  0]LogConfig: Applying CVar settings from Section [ShadingQuality@3] File [../../../DedicatedServer/Saved/Config/WindowsServer/Scalability.ini]
[2022.01.30-17.53.53:964][  0]LogConfig: Setting CVar [[r.HairStrands.SkyLighting.IntegrationType:2]]
[2022.01.30-17.53.53:964][  0]LogConfig: Setting CVar [[r.HairStrands.SkyAO.SampleCount:4]]
[2022.01.30-17.53.53:964][  0]LogConfig: Setting CVar [[r.HairStrands.Visibility.MSAA.SamplePerPixel:4]]
[2022.01.30-17.53.53:965][  0]LogConfig: Applying CVar settings from Section [Startup] File [../../../Engine/Config/ConsoleVariables.ini]
[2022.01.30-17.53.53:965][  0]LogConfig: Setting CVar [[net.UseAdaptiveNetUpdateFrequency:0]]
[2022.01.30-17.53.53:965][  0]LogConfig: Setting CVar [[p.chaos.AllowCreatePhysxBodies:1]]
[2022.01.30-17.53.53:966][  0]LogConfig: Setting CVar [[fx.SkipVectorVMBackendOptimizations:1]]
[2022.01.30-17.53.53:966][  0]LogConfig: Applying CVar settings from Section [ConsoleVariables] File [../../../DedicatedServer/Saved/Config/WindowsServer/Engine.ini]
[2022.01.30-17.53.53:966][  0]LogInit: Computer: DESKTOP-P6G4D2C
[2022.01.30-17.53.53:966][  0]LogInit: User: User
[2022.01.30-17.53.53:966][  0]LogInit: CPU Page size=4096, Cores=6
[2022.01.30-17.53.53:967][  0]LogInit: High frequency timer resolution =10.000000 MHz
[2022.01.30-17.53.53:967][  0]LogMemory: Memory total: Physical=31.8GB (32GB approx)
[2022.01.30-17.53.53:967][  0]LogMemory: Platform Memory Stats for WindowsServer
[2022.01.30-17.53.53:967][  0]LogMemory: Process Physical Memory: 73.26 MB used, 73.27 MB peak
[2022.01.30-17.53.53:967][  0]LogMemory: Process Virtual Memory: 75.19 MB used, 75.19 MB peak
[2022.01.30-17.53.53:968][  0]LogMemory: Physical Memory: 8125.32 MB used,  24455.54 MB free, 32580.87 MB total
[2022.01.30-17.53.53:968][  0]LogMemory: Virtual Memory: 134191560.00 MB used,  26166.48 MB free, 134217728.00 MB total
[2022.01.30-17.53.53:972][  0]LogWindows: WindowsPlatformFeatures disabled or dedicated server build
[2022.01.30-17.53.54:111][  0]LogInit: Physics initialised using underlying interface: PhysX
[2022.01.30-17.53.54:111][  0]LogInit: Using OS detected language (ru-RU).
[2022.01.30-17.53.54:111][  0]LogInit: Using OS detected locale (ru-RU).
[2022.01.30-17.53.54:112][  0]LogTextLocalizationManager: No localization for 'ru-RU' exists, so 'en' will be used for the language.
[2022.01.30-17.53.54:112][  0]LogTextLocalizationManager: No localization for 'ru-RU' exists, so 'en' will be used for the locale.
[2022.01.30-17.53.54:131][  0]LogRendererCore: Ray tracing is disabled. Reason: r.RayTracing=0.
[2022.01.30-17.53.54:132][  0]LogODSC: ODSC Thread active.
[2022.01.30-17.53.54:138][  0]LogInit: Using OS detected language (ru-RU).
[2022.01.30-17.53.54:138][  0]LogInit: Using OS detected locale (ru-RU).
[2022.01.30-17.53.54:138][  0]LogTextLocalizationManager: No localization for 'ru-RU' exists, so 'en' will be used for the language.
[2022.01.30-17.53.54:138][  0]LogTextLocalizationManager: No localization for 'ru-RU' exists, so 'en' will be used for the locale.
[2022.01.30-17.53.54:139][  0]LogAssetRegistry: FAssetRegistry took 0.0005 seconds to start up
[2022.01.30-17.53.54:196][  0]LogTextLocalizationManager: Compacting localization data took   0.52ms
[2022.01.30-17.53.54:196][  0]LogStreaming: Display: FlushAsyncLoading: 1 QueuedPackages, 0 AsyncPackages
[2022.01.30-17.53.54:197][  0]LogPackageLocalizationCache: Processed 26 localized package path(s) for 1 prioritized culture(s) in 0.000063 seconds
[2022.01.30-17.53.54:197][  0]LogPakFile: New pak file ../../../DedicatedServer/Content/Paks/DedicatedServer-WindowsServer.pak added to pak precacher.
[2022.01.30-17.53.54:198][  0]LogInit: Selected Device Profile: [WindowsServer]
[2022.01.30-17.53.54:199][  0]LogInit: Active device profile: [000001F6A9572B00][000001F6A5CADB70 49] WindowsServer
[2022.01.30-17.53.54:199][  0]LogInit: Profiles: [000001F6A9572C80][000001F6A7DC6DC0 49] Windows, [000001F6A9572B00][000001F6A5CADB70 49] WindowsServer, 
[2022.01.30-17.53.54:206][  0]LogSerialization: Display: AllowBulkDataInIoStore: 'true'
[2022.01.30-17.53.54:211][  0]LogNetVersion: DedicatedServer 1.0.0, NetCL: 0, EngineNetVer: 17, GameNetVer: 0 (Checksum: 1551992059)
[2022.01.30-17.53.54:229][  0]LogAudioCaptureCore: Display: No Audio Capture implementations found. Audio input will be silent.
[2022.01.30-17.53.54:229][  0]LogAudioCaptureCore: Display: No Audio Capture implementations found. Audio input will be silent.
[2022.01.30-17.53.54:230][  0]LogHMD: PokeAHoleMaterial loaded successfully
[2022.01.30-17.53.54:253][  0]LogUObjectArray: 15873 objects as part of root set at end of initial load.
[2022.01.30-17.53.54:253][  0]LogUObjectAllocator: 3260232 out of 0 bytes used by permanent object pool.
[2022.01.30-17.53.54:254][  0]LogUObjectArray: CloseDisregardForGC: 15873/0 objects in disregard for GC pool
[2022.01.30-17.53.54:267][  0]LogNiagaraDebuggerClient: Niagara Debugger Client Initialized | Session: F5C9ABDB46156F386F014CA16E697910 | Instance: DBF09AAE454E0786DD30F4BAFEE8BBCF (DESKTOP-P6G4D2C-13876).
[2022.01.30-17.53.54:268][  0]LogAndroidPermission: UAndroidPermissionCallbackProxy::GetInstance
[2022.01.30-17.53.54:268][  0]LogOcInput: OculusInput pre-init called
[2022.01.30-17.53.54:271][  0]LogEngine: Initializing Engine...
[2022.01.30-17.53.54:272][  0]LogStats: UGameplayTagsManager::InitializeManager -  0.000 s
[2022.01.30-17.53.54:275][  0]LogInit: Initializing FReadOnlyCVARCache
[2022.01.30-17.53.54:275][  0]LogNetVersion: Set ProjectVersion to 1.0.0.0. Version Checksum will be recalculated on next use.
[2022.01.30-17.53.54:276][  0]LogInit: Texture streaming: Disabled
[2022.01.30-17.53.54:289][  0]LogInit: Display: Game Engine Initialized.
[2022.01.30-17.53.54:290][  0]LogInit: Display: Starting Game.
[2022.01.30-17.53.54:290][  0]LogNet: Browse: /Game/ThirdPersonCPP/Maps/ThirdPersonExampleMap?Name=Player
[2022.01.30-17.53.54:290][  0]LogLoad: LoadMap: /Game/ThirdPersonCPP/Maps/ThirdPersonExampleMap?Name=Player
[2022.01.30-17.53.54:291][  0]LogWorld: BeginTearingDown for /Temp/Untitled_0
[2022.01.30-17.53.54:293][  0]LogWorld: UWorld::CleanupWorld for Untitled, bSessionEnded=true, bCleanupResources=true
[2022.01.30-17.53.54:295][  0]LogUObjectHash: Compacting FUObjectHashTables data took   0.55ms
[2022.01.30-17.53.54:296][  0]LogStreaming: Error: Couldn't find file for package /Game/ThirdPersonCPP/Maps/ThirdPersonExampleMap requested by async loading code. NameToLoad: /Game/ThirdPersonCPP/Maps/ThirdPersonExampleMap
[2022.01.30-17.53.54:297][  0]LogStreaming: Error: Found 0 dependent packages...
[2022.01.30-17.53.54:297][  0]LogLoad: Error: Failed to enter /Game/ThirdPersonCPP/Maps/ThirdPersonExampleMap: Failed to load package '/Game/ThirdPersonCPP/Maps/ThirdPersonExampleMap'. Please check the log for errors.
[2022.01.30-17.55.01:105][  0]Message dialog closed, result: Ok, title: Message, text: The map specified on the commandline '/Game/ThirdPersonCPP/Maps/ThirdPersonExampleMap' could not be found. Exiting.
[2022.01.30-17.55.01:105][  0]LogWindows: FPlatformMisc::RequestExit(0)
[2022.01.30-17.55.01:109][  0]LogWindows: FPlatformMisc::RequestExitWithStatus(0, 0)
[2022.01.30-17.55.01:110][  0]LogCore: Engine exit requested (reason: Win RequestExit)
[2022.01.30-17.55.01:111][  0]LogPakFile: AllPaks IndexSizes: DirectoryHashSize=203380, PathHashSize=16, EntriesSize=32752, TotalSize=236148
[2022.01.30-17.55.01:111][  0]LogInit: Display: Engine is initialized. Leaving FEngineLoop::Init()
[2022.01.30-17.55.01:111][  0]LogLoad: (Engine Initialization) Total time: 67.55 seconds
[2022.01.30-17.55.01:112][  0]LogCore: Engine exit requested (reason: EngineExit() was called; note: exit was already requested)
[2022.01.30-17.55.01:113][  0]LogInit: Display: PreExit Game.
[2022.01.30-17.55.01:159][  0]LogExit: Preparing to exit.
[2022.01.30-17.55.01:162][  0]LogDemo: Cleaned up 0 splitscreen connections with owner deletion
[2022.01.30-17.55.01:163][  0]LogExit: Game engine shut down
[2022.01.30-17.55.01:177][  0]LogExit: Object subsystem successfully closed.
[2022.01.30-17.55.01:178][  0]LogModuleManager: Shutting down and abandoning module AutomationController (306)
[2022.01.30-17.55.01:178][  0]LogModuleManager: Shutting down and abandoning module AutomationWorker (304)
[2022.01.30-17.55.01:178][  0]LogModuleManager: Shutting down and abandoning module OpenXRInput (302)
[2022.01.30-17.55.01:178][  0]LogModuleManager: Shutting down and abandoning module OculusMR (300)
[2022.01.30-17.55.01:179][  0]LogModuleManager: Shutting down and abandoning module OpenExrWrapper (298)
[2022.01.30-17.55.01:179][  0]LogModuleManager: Shutting down and abandoning module ImgMediaFactory (296)
[2022.01.30-17.55.01:179][  0]LogModuleManager: Shutting down and abandoning module AvfMediaFactory (294)
[2022.01.30-17.55.01:179][  0]LogModuleManager: Shutting down and abandoning module CharacterAI (292)
[2022.01.30-17.55.01:179][  0]LogModuleManager: Shutting down and abandoning module PlanarCut (290)
[2022.01.30-17.55.01:179][  0]LogModuleManager: Shutting down and abandoning module SessionServices (288)
[2022.01.30-17.55.01:180][  0]LogModuleManager: Shutting down and abandoning module LiveCoding (286)
[2022.01.30-17.55.01:180][  0]LogModuleManager: Shutting down and abandoning module LevelSequence (284)
[2022.01.30-17.55.01:180][  0]LogModuleManager: Shutting down and abandoning module MovieSceneTracks (282)
[2022.01.30-17.55.01:180][  0]LogModuleManager: Shutting down and abandoning module MovieScene (280)
[2022.01.30-17.55.01:180][  0]LogModuleManager: Shutting down and abandoning module StreamingPauseRendering (278)
[2022.01.30-17.55.01:181][  0]LogModuleManager: Shutting down and abandoning module ImageWriteQueue (276)
[2022.01.30-17.55.01:181][  0]LogModuleManager: Shutting down and abandoning module ImageWrapper (275)
[2022.01.30-17.55.01:181][  0]LogModuleManager: Shutting down and abandoning module ProfilerService (272)
[2022.01.30-17.55.01:386][  0]LogModuleManager: Shutting down and abandoning module TaskGraph (270)
[2022.01.30-17.55.01:386][  0]LogModuleManager: Shutting down and abandoning module Synthesis (268)
[2022.01.30-17.55.01:388][  0]LogModuleManager: Shutting down and abandoning module TakeMovieScene (266)
[2022.01.30-17.55.01:389][  0]LogModuleManager: Shutting down and abandoning module LiveLinkMovieScene (264)
[2022.01.30-17.55.01:390][  0]LogModuleManager: Shutting down and abandoning module LiveLinkComponents (262)
[2022.01.30-17.55.01:391][  0]LogModuleManager: Shutting down and abandoning module LiveLink (260)
[2022.01.30-17.55.02:310][  0]LogModuleManager: Shutting down and abandoning module OculusInput (258)
[2022.01.30-17.55.02:310][  0]LogModuleManager: Shutting down and abandoning module MobilePatchingUtils (256)
[2022.01.30-17.55.02:312][  0]LogModuleManager: Shutting down and abandoning module GooglePAD (254)
[2022.01.30-17.55.02:316][  0]LogModuleManager: Shutting down and abandoning module CustomMeshComponent (252)
[2022.01.30-17.55.02:316][  0]LogModuleManager: Shutting down and abandoning module CableComponent (250)
[2022.01.30-17.55.02:317][  0]LogModuleManager: Shutting down and abandoning module AudioCapture (248)
[2022.01.30-17.55.02:318][  0]LogModuleManager: Shutting down and abandoning module AudioCaptureRtAudio (247)
[2022.01.30-17.55.02:320][  0]LogModuleManager: Shutting down and abandoning module AssetTags (244)
[2022.01.30-17.55.02:322][  0]LogModuleManager: Shutting down and abandoning module ArchVisCharacter (242)
[2022.01.30-17.55.02:323][  0]LogModuleManager: Shutting down and abandoning module AppleImageUtils (240)
[2022.01.30-17.55.02:324][  0]LogModuleManager: Shutting down and abandoning module AndroidPermission (238)
[2022.01.30-17.55.02:325][  0]LogModuleManager: Shutting down and abandoning module ActorLayerUtilities (236)
[2022.01.30-17.55.02:325][  0]LogModuleManager: Shutting down and abandoning module MediaCompositing (234)
[2022.01.30-17.55.02:326][  0]LogModuleManager: Shutting down and abandoning module ImgMedia (232)
[2022.01.30-17.55.02:326][  0]LogModuleManager: Shutting down and abandoning module MagicLeapLightEstimation (230)
[2022.01.30-17.55.02:327][  0]LogModuleManager: Shutting down and abandoning module MagicLeapHelperVulkan (228)
[2022.01.30-17.55.02:327][  0]LogModuleManager: Shutting down and abandoning module MagicLeapHelperOpenGL (226)
[2022.01.30-17.55.02:327][  0]LogModuleManager: Shutting down and abandoning module MagicLeapAudio (224)
[2022.01.30-17.55.02:327][  0]LogModuleManager: Shutting down and abandoning module MagicLeapSharedWorld (222)
[2022.01.30-17.55.02:327][  0]LogModuleManager: Shutting down and abandoning module OpenImageDenoise (220)
[2022.01.30-17.55.02:328][  0]LogModuleManager: Shutting down and abandoning module MotoSynth (218)
[2022.01.30-17.55.02:328][  0]LogModuleManager: Shutting down and abandoning module ChaosNiagara (216)
[2022.01.30-17.55.02:328][  0]LogModuleManager: Shutting down and abandoning module ProceduralMeshComponent (214)
[2022.01.30-17.55.02:328][  0]LogModuleManager: Shutting down and abandoning module GeometryCollectionTracks (212)
[2022.01.30-17.55.02:328][  0]LogModuleManager: Shutting down and abandoning module EditableMesh (210)
[2022.01.30-17.55.02:329][  0]LogModuleManager: Shutting down and abandoning module MeshConversion (208)
[2022.01.30-17.55.02:329][  0]LogModuleManager: Shutting down and abandoning module DynamicMesh (206)
[2022.01.30-17.55.02:329][  0]LogModuleManager: Shutting down and abandoning module GeometryAlgorithms (204)
[2022.01.30-17.55.02:329][  0]LogModuleManager: Shutting down and abandoning module GeometricObjects (202)
[2022.01.30-17.55.02:329][  0]LogModuleManager: Shutting down and abandoning module BackChannel (200)
[2022.01.30-17.55.02:330][  0]LogModuleManager: Shutting down and abandoning module AutomationUtils (198)
[2022.01.30-17.55.02:330][  0]LogModuleManager: Shutting down and abandoning module GeometryCacheTracks (196)
[2022.01.30-17.55.02:330][  0]LogModuleManager: Shutting down and abandoning module GeometryCache (194)
[2022.01.30-17.55.02:330][  0]LogModuleManager: Shutting down and abandoning module UObjectPlugin (192)
[2022.01.30-17.55.02:331][  0]LogModuleManager: Shutting down and abandoning module OodleNetworkHandlerComponent (190)
[2022.01.30-17.55.02:332][  0]LogModuleManager: Shutting down and abandoning module TemplateSequence (188)
[2022.01.30-17.55.02:332][  0]LogModuleManager: Shutting down and abandoning module DedicatedServer (186)
[2022.01.30-17.55.02:332][  0]LogModuleManager: Shutting down and abandoning module AudioSynesthesia (184)
[2022.01.30-17.55.02:333][  0]LogModuleManager: Shutting down and abandoning module AudioSynesthesiaCore (182)
[2022.01.30-17.55.02:333][  0]LogModuleManager: Shutting down and abandoning module SoundFields (180)
[2022.01.30-17.55.02:333][  0]LogModuleManager: Shutting down and abandoning module RuntimePhysXCooking (178)
[2022.01.30-17.55.02:333][  0]LogModuleManager: Shutting down and abandoning module LocationServicesBPLibrary (174)
[2022.01.30-17.55.02:333][  0]LogModuleManager: Shutting down and abandoning module ActorSequence (172)
[2022.01.30-17.55.02:334][  0]LogModuleManager: Shutting down and abandoning module UdpMessaging (170)
[2022.01.30-17.55.02:334][  0]LogModuleManager: Shutting down and abandoning module TcpMessaging (168)
[2022.01.30-17.55.02:334][  0]LogModuleManager: Shutting down and abandoning module ImgMediaEngine (166)
[2022.01.30-17.55.02:334][  0]LogModuleManager: Shutting down and abandoning module MagicLeapHandMeshing (164)
[2022.01.30-17.55.02:335][  0]LogModuleManager: Shutting down and abandoning module MagicLeapSecureStorage (162)
[2022.01.30-17.55.02:335][  0]LogModuleManager: Shutting down and abandoning module MagicLeapPrivileges (160)
[2022.01.30-17.55.02:335][  0]LogModuleManager: Shutting down and abandoning module MagicLeapPlanes (158)
[2022.01.30-17.55.02:335][  0]LogModuleManager: Shutting down and abandoning module MagicLeapImageTracker (156)
[2022.01.30-17.55.02:335][  0]LogModuleManager: Shutting down and abandoning module MagicLeapIdentity (154)
[2022.01.30-17.55.02:336][  0]LogModuleManager: Shutting down and abandoning module MagicLeapHandTracking (152)
[2022.01.30-17.55.02:336][  0]LogModuleManager: Shutting down and abandoning module MagicLeapEyeTracker (150)
[2022.01.30-17.55.02:336][  0]LogModuleManager: Shutting down and abandoning module MagicLeapController (148)
[2022.01.30-17.55.02:336][  0]LogModuleManager: Shutting down and abandoning module MagicLeapARPinImpl (146)
[2022.01.30-17.55.02:336][  0]LogModuleManager: Shutting down and abandoning module MagicLeapAR (144)
[2022.01.30-17.55.02:337][  0]LogModuleManager: Shutting down and abandoning module MagicLeapARPin (142)
[2022.01.30-17.55.02:337][  0]LogModuleManager: Shutting down and abandoning module NiagaraAnimNotifies (140)
[2022.01.30-17.55.02:337][  0]LogModuleManager: Shutting down and abandoning module Niagara (138)
[2022.01.30-17.55.02:337][  0]LogModuleManager: Shutting down and abandoning module SignalProcessing (137)
[2022.01.30-17.55.02:337][  0]LogModuleManager: Shutting down and abandoning module NiagaraCore (134)
[2022.01.30-17.55.02:337][  0]LogModuleManager: Shutting down and abandoning module FacialAnimation (132)
[2022.01.30-17.55.02:338][  0]LogModuleManager: Shutting down and abandoning module SignificanceManager (130)
[2022.01.30-17.55.02:338][  0]LogModuleManager: Shutting down and abandoning module AnimationSharing (128)
[2022.01.30-17.55.02:338][  0]LogModuleManager: Shutting down and abandoning module GameplayCameras (126)
[2022.01.30-17.55.02:339][  0]LogModuleManager: Shutting down and abandoning module LightPropagationVolumeRuntime (124)
[2022.01.30-17.55.02:339][  0]LogModuleManager: Shutting down and abandoning module Paper2D (122)
[2022.01.30-17.55.02:339][  0]LogModuleManager: Shutting down and abandoning module WindowsMoviePlayer (120)
[2022.01.30-17.55.02:341][  0]LogModuleManager: Shutting down and abandoning module NetworkReplayStreaming (118)
[2022.01.30-17.55.02:342][  0]LogModuleManager: Shutting down and abandoning module PacketHandler (116)
[2022.01.30-17.55.02:342][  0]LogModuleManager: Shutting down and abandoning module ClothingSystemRuntimeNv (114)
[2022.01.30-17.55.02:342][  0]LogModuleManager: Shutting down and abandoning module MediaAssets (112)
[2022.01.30-17.55.02:343][  0]LogModuleManager: Shutting down and abandoning module FunctionalTesting (110)
[2022.01.30-17.55.02:343][  0]LogModuleManager: Shutting down and abandoning module Messaging (108)
[2022.01.30-17.55.02:343][  0]LogModuleManager: Shutting down and abandoning module Networking (106)
[2022.01.30-17.55.02:343][  0]LogModuleManager: Shutting down and abandoning module Core (104)
[2022.01.30-17.55.02:343][  0]LogModuleManager: Shutting down and abandoning module FieldSystemEngine (102)
[2022.01.30-17.55.02:344][  0]LogModuleManager: Shutting down and abandoning module Media (100)
[2022.01.30-17.55.02:344][  0]LogModuleManager: Shutting down and abandoning module MediaInfo (99)
[2022.01.30-17.55.02:344][  0]LogModuleManager: Shutting down and abandoning module NullDrv (94)
[2022.01.30-17.55.02:344][  0]LogModuleManager: Shutting down and abandoning module PhysXCooking (92)
[2022.01.30-17.55.02:344][  0]LogModuleManager: Shutting down and abandoning module Chaos (90)
[2022.01.30-17.55.02:345][  0]LogModuleManager: Shutting down and abandoning module SteamVRInputDevice (88)
[2022.01.30-17.55.02:345][  0]LogModuleManager: Shutting down and abandoning module SteamVRInput (86)
[2022.01.30-17.55.02:345][  0]LogModuleManager: Shutting down and abandoning module SteamVR (84)
[2022.01.30-17.55.02:345][  0]LogHMD: Freeing OpenVRDLLHandle.
[2022.01.30-17.55.02:345][  0]LogModuleManager: Shutting down and abandoning module OpenXRHandTracking (82)
[2022.01.30-17.55.02:345][  0]LogModuleManager: Shutting down and abandoning module OpenXRAR (80)
[2022.01.30-17.55.02:346][  0]LogModuleManager: Shutting down and abandoning module AugmentedReality (79)
[2022.01.30-17.55.02:346][  0]LogModuleManager: Shutting down and abandoning module OpenXRHMD (76)
[2022.01.30-17.55.02:346][  0]LogModuleManager: Shutting down and abandoning module OpenXREyeTracker (74)
[2022.01.30-17.55.02:346][  0]LogModuleManager: Shutting down and abandoning module OculusHMD (72)
[2022.01.30-17.55.02:346][  0]LogModuleManager: Shutting down and abandoning module ExampleDeviceProfileSelector (70)
[2022.01.30-17.55.02:347][  0]LogModuleManager: Shutting down and abandoning module ChunkDownloader (68)
[2022.01.30-17.55.02:347][  0]LogModuleManager: Shutting down and abandoning module LauncherChunkInstaller (66)
[2022.01.30-17.55.02:347][  0]LogModuleManager: Shutting down and abandoning module OnlineSubsystem (62)
[2022.01.30-17.55.02:347][  0]LogModuleManager: Shutting down and abandoning module HTTP (57)
[2022.01.30-17.55.02:347][  0]LogHttp: Display: cleaning up 0 outstanding Http requests.
[2022.01.30-17.55.02:376][  0]LogModuleManager: Shutting down and abandoning module SSL (56)
[2022.01.30-17.55.02:376][  0]LogModuleManager: Shutting down and abandoning module ExrReaderGpu (52)
[2022.01.30-17.55.02:376][  0]LogModuleManager: Shutting down and abandoning module MLSDK (50)
[2022.01.30-17.55.02:376][  0]LogModuleManager: Shutting down and abandoning module MagicLeap (48)
[2022.01.30-17.55.02:377][  0]LogModuleManager: Shutting down and abandoning module NiagaraVertexFactories (46)
[2022.01.30-17.55.02:377][  0]LogModuleManager: Shutting down and abandoning module NiagaraShader (44)
[2022.01.30-17.55.02:377][  0]LogModuleManager: Shutting down and abandoning module ChaosCloth (42)
[2022.01.30-17.55.02:377][  0]LogModuleManager: Shutting down and abandoning module VariantManagerContent (40)
[2022.01.30-17.55.02:377][  0]LogModuleManager: Shutting down and abandoning module DatasmithContent (38)
[2022.01.30-17.55.02:378][  0]LogModuleManager: Shutting down and abandoning module AISupportModule (36)
[2022.01.30-17.55.02:378][  0]LogModuleManager: Shutting down and abandoning module PlatformCryptoOpenSSL (34)
[2022.01.30-17.55.02:378][  0]LogModuleManager: Shutting down and abandoning module PlatformCryptoTypes (32)
[2022.01.30-17.55.02:378][  0]LogModuleManager: Shutting down and abandoning module PlatformCrypto (30)
[2022.01.30-17.55.02:378][  0]LogModuleManager: Shutting down and abandoning module PythonScriptPluginPreload (28)
[2022.01.30-17.55.02:378][  0]LogModuleManager: Shutting down and abandoning module OodleDataCompressionFormat (26)
[2022.01.30-17.55.02:379][  0]LogModuleManager: Shutting down and abandoning module RenderCore (24)
[2022.01.30-17.55.02:379][  0]LogModuleManager: Shutting down and abandoning module Landscape (22)
[2022.01.30-17.55.02:379][  0]LogModuleManager: Shutting down and abandoning module AnimGraphRuntime (20)
[2022.01.30-17.55.02:379][  0]LogModuleManager: Shutting down and abandoning module Renderer (18)
[2022.01.30-17.55.02:380][  0]LogModuleManager: Shutting down and abandoning module Engine (16)
[2022.01.30-17.55.02:380][  0]LogModuleManager: Shutting down and abandoning module CoreUObject (14)
[2022.01.30-17.55.02:380][  0]LogModuleManager: Shutting down and abandoning module NetworkFile (12)
[2022.01.30-17.55.02:380][  0]LogModuleManager: Shutting down and abandoning module CookedIterativeFile (10)
[2022.01.30-17.55.02:380][  0]LogModuleManager: Shutting down and abandoning module StreamingFile (8)
[2022.01.30-17.55.02:380][  0]LogModuleManager: Shutting down and abandoning module SandboxFile (6)
[2022.01.30-17.55.02:381][  0]LogModuleManager: Shutting down and abandoning module PakFile (4)
[2022.01.30-17.55.02:381][  0]LogModuleManager: Shutting down and abandoning module RSA (3)
[2022.01.30-17.55.02:381][  0]LogContentStreaming: Display: There are 1 unreleased StreamingManagers
[2022.01.30-17.55.02:382][  0]LogExit: Exiting.
[2022.01.30-17.55.02:420][  0]Log file closed, 01/30/22 20:55:02
