Log file open, 01/31/22 19:47:48
LogWindows: Failed to load 'aqProf.dll' (GetLastError=126)
LogWindows: File 'aqProf.dll' does not exist
LogWindows: Failed to load 'VtuneApi.dll' (GetLastError=126)
LogWindows: File 'VtuneApi.dll' does not exist
LogWindows: Failed to load 'VtuneApi32e.dll' (GetLastError=126)
LogWindows: File 'VtuneApi32e.dll' does not exist
LogConsoleResponse: Display: Failed to find resolution value strings in scalability ini. Falling back to default.
LogConsoleResponse: Display: Failed to find resolution value strings in scalability ini. Falling back to default.
LogPakFile: Display: Found Pak file ../../../DedicatedServer/Content/Paks/DedicatedServer-WindowsServer.pak attempting to mount.
LogPakFile: Display: Mounting pak file ../../../DedicatedServer/Content/Paks/DedicatedServer-WindowsServer.pak.
LogPakFile: PakFile PrimaryIndexSize=24390
LogPakFile: PakFile PathHashIndexSize=45691
LogPakFile: PakFile FullDirectoryIndexSize=58401
LogShaderLibrary: Display: ShaderCodeLibraryPakFileMountedCallback: PakFile '../../../DedicatedServer/Content/Paks/DedicatedServer-WindowsServer.pak' (chunk index -1, root '../../../') mounted
LogShaderLibrary: Display: ShaderCodeLibraryPakFileMountedCallback: pending pak file info (ChunkID:-1 Root:../../../ File:../../../DedicatedServer/Content/Paks/DedicatedServer-WindowsServer.pak)
LogPakFile: OnPakFileMounted2Time == 0.000029
LogPlatformFile: Not using cached read wrapper
LogTaskGraph: Started task graph with 5 named threads and 9 total threads with 1 sets of task threads.
LogStats: Stats thread started at 0.078823
LogICUInternationalization: ICU TimeZone Detection - Raw Offset: +3:00, Platform Override: ''
LogInit: Display: Loading text-based GConfig....
LogPluginManager: Mounting plugin Paper2D
LogPluginManager: Mounting plugin AISupport
LogPluginManager: Mounting plugin EnvironmentQueryEditor
LogPluginManager: Mounting plugin LightPropagationVolume
LogPluginManager: Mounting plugin CameraShakePreviewer
LogPluginManager: Mounting plugin GameplayCameras
LogPluginManager: Mounting plugin TemplateSequence
LogPluginManager: Mounting plugin LevelSequenceEditor
LogPluginManager: Mounting plugin OodleData
LogPluginManager: Mounting plugin OodleNetwork
LogPluginManager: Mounting plugin AnimationSharing
LogPluginManager: Mounting plugin SignificanceManager
LogPluginManager: Mounting plugin PluginUtils
LogPluginManager: Mounting plugin PropertyAccessEditor
LogPluginManager: Mounting plugin UObjectPlugin
LogPluginManager: Mounting plugin AssetManagerEditor
LogPluginManager: Mounting plugin FacialAnimation
LogPluginManager: Mounting plugin GeometryMode
LogPluginManager: Mounting plugin SpeedTreeImporter
LogPluginManager: Mounting plugin DatasmithContent
LogPluginManager: Mounting plugin VariantManagerContent
LogPluginManager: Mounting plugin AlembicImporter
LogPluginManager: Mounting plugin GeometryCache
LogPluginManager: Mounting plugin AutomationUtils
LogPluginManager: Mounting plugin ScreenshotTools
LogPluginManager: Mounting plugin BackChannel
LogPluginManager: Mounting plugin ChaosClothEditor
LogPluginManager: Mounting plugin ChaosCloth
LogPluginManager: Mounting plugin ChaosEditor
LogPluginManager: Mounting plugin PlanarCut
LogPluginManager: Mounting plugin GeometryProcessing
LogPluginManager: Mounting plugin EditableMesh
LogPluginManager: Mounting plugin GeometryCollectionPlugin
LogPluginManager: Mounting plugin ProceduralMeshComponent
LogPluginManager: Mounting plugin ChaosSolverPlugin
LogPluginManager: Mounting plugin ChaosNiagara
LogPluginManager: Mounting plugin Niagara
LogPluginManager: Mounting plugin PythonScriptPlugin
LogPluginManager: Mounting plugin CharacterAI
LogPluginManager: Mounting plugin MotoSynth
LogPluginManager: Mounting plugin OpenImageDenoise
LogPluginManager: Mounting plugin PlatformCrypto
LogPluginManager: Mounting plugin MagicLeapPassableWorld
LogPluginManager: Mounting plugin MagicLeap
LogPluginManager: Mounting plugin MLSDK
LogPluginManager: Mounting plugin MagicLeapLightEstimation
LogPluginManager: Mounting plugin AvfMedia
LogPluginManager: Mounting plugin ImgMedia
LogPluginManager: Mounting plugin MediaCompositing
LogPluginManager: Mounting plugin MeshPainting
LogPluginManager: Mounting plugin TcpMessaging
LogPluginManager: Mounting plugin UdpMessaging
LogPluginManager: Mounting plugin ActorSequence
LogPluginManager: Mounting plugin MatineeToLevelSequence
LogPluginManager: Mounting plugin OnlineSubsystemNull
LogPluginManager: Mounting plugin OnlineSubsystem
LogPluginManager: Mounting plugin OnlineSubsystemUtils
LogPluginManager: Mounting plugin LauncherChunkInstaller
LogPluginManager: Mounting plugin ActorLayerUtilities
LogPluginManager: Mounting plugin AndroidPermission
LogPluginManager: Mounting plugin AppleImageUtils
LogPluginManager: Mounting plugin ArchVisCharacter
LogPluginManager: Mounting plugin AssetTags
LogPluginManager: Mounting plugin AudioCapture
LogPluginManager: Mounting plugin CableComponent
LogPluginManager: Mounting plugin ChunkDownloader
LogPluginManager: Mounting plugin CustomMeshComponent
LogPluginManager: Mounting plugin ExampleDeviceProfileSelector
LogPluginManager: Mounting plugin GooglePAD
LogPluginManager: Mounting plugin LocationServicesBPLibrary
LogPluginManager: Mounting plugin MobilePatchingUtils
LogPluginManager: Mounting plugin OculusVR
LogPluginManager: Mounting plugin OpenXREyeTracker
LogPluginManager: Mounting plugin OpenXR
LogPluginManager: Mounting plugin OpenXRHandTracking
LogPluginManager: Mounting plugin LiveLink
LogPluginManager: Mounting plugin Takes
LogPluginManager: Mounting plugin PhysXVehicles
LogPluginManager: Mounting plugin RuntimePhysXCooking
LogPluginManager: Mounting plugin SoundFields
LogPluginManager: Mounting plugin SteamVR
LogPluginManager: Mounting plugin Synthesis
LogPluginManager: Mounting plugin AudioSynesthesia
LogPluginManager: Mounting plugin WindowsMoviePlayer
LogLuminAPIImpl: Warning: MLSDK not found.  This likely means the MLSDK environment variable is not set.
LogInit: Using libcurl 7.55.1-DEV
LogInit:  - built for x86_64-pc-win32
LogInit:  - supports SSL with OpenSSL/1.1.1
LogInit:  - supports HTTP deflate (compression) using libz 1.2.8
LogInit:  - other features:
LogInit:      CURL_VERSION_SSL
LogInit:      CURL_VERSION_LIBZ
LogInit:      CURL_VERSION_IPV6
LogInit:      CURL_VERSION_ASYNCHDNS
LogInit:      CURL_VERSION_LARGEFILE
LogInit:      CURL_VERSION_IDN
LogInit:  CurlRequestOptions (configurable via config and command line):
LogInit:  - bVerifyPeer = true  - Libcurl will verify peer certificate
LogInit:  - bUseHttpProxy = false  - Libcurl will NOT use HTTP proxy
LogInit:  - bDontReuseConnections = false  - Libcurl will reuse connections
LogInit:  - MaxHostConnections = 16  - Libcurl will limit the number of connections to a host
LogInit:  - LocalHostAddr = Default
LogInit:  - BufferSize = 65536
LogOnline: OSS: Creating online subsystem instance for: NULL
LogInit: WinSock: version 1.1 (2.2), MaxSocks=32767, MaxUdp=65467
LogOnline: OSS: TryLoadSubsystemAndSetDefault: Loaded subsystem for module [NULL]
LogInit: Build: ++UE4+Release-4.27-CL-0
LogInit: Engine Version: 4.27.1-0+++UE4+Release-4.27
LogInit: Compatible Engine Version: 4.27.0-0+++UE4+Release-4.27
LogInit: Net CL: 0
LogInit: OS: Windows 10 (Release 1809) (), CPU: Intel(R) Core(TM) i7-9750H CPU @ 2.60GHz, GPU: Intel(R) UHD Graphics 630
LogInit: Compiled (64-bit): Jan 30 2022 19:11:23
LogInit: Compiled with Visual C++: 19.29.30137.00
LogInit: Build Configuration: Development
LogInit: Branch Name: ++UE4+Release-4.27
LogInit: Command Line:  -log
LogInit: Base Directory: D:/Projects_Of_Mine/DedicatedServer/WindowsServer/DedicatedServer/Binaries/Win64/
LogInit: Allocator: binned2
LogInit: Installed Engine Build: 0
LogDevObjectVersion: Number of dev versions registered: 29
LogDevObjectVersion:   Dev-Blueprints (B0D832E4-1F89-4F0D-ACCF-7EB736FD4AA2): 10
LogDevObjectVersion:   Dev-Build (E1C64328-A22C-4D53-A36C-8E866417BD8C): 0
LogDevObjectVersion:   Dev-Core (375EC13C-06E4-48FB-B500-84F0262A717E): 4
LogDevObjectVersion:   Dev-Editor (E4B068ED-F494-42E9-A231-DA0B2E46BB41): 40
LogDevObjectVersion:   Dev-Framework (CFFC743F-43B0-4480-9391-14DF171D2073): 37
LogDevObjectVersion:   Dev-Mobile (B02B49B5-BB20-44E9-A304-32B752E40360): 3
LogDevObjectVersion:   Dev-Networking (A4E4105C-59A1-49B5-A7C5-40C4547EDFEE): 0
LogDevObjectVersion:   Dev-Online (39C831C9-5AE6-47DC-9A44-9C173E1C8E7C): 0
LogDevObjectVersion:   Dev-Physics (78F01B33-EBEA-4F98-B9B4-84EACCB95AA2): 14
LogDevObjectVersion:   Dev-Platform (6631380F-2D4D-43E0-8009-CF276956A95A): 0
LogDevObjectVersion:   Dev-Rendering (12F88B9F-8875-4AFC-A67C-D90C383ABD29): 45
LogDevObjectVersion:   Dev-Sequencer (7B5AE74C-D270-4C10-A958-57980B212A5A): 13
LogDevObjectVersion:   Dev-VR (D7296918-1DD6-4BDD-9DE2-64A83CC13884): 3
LogDevObjectVersion:   Dev-LoadTimes (C2A15278-BFE7-4AFE-6C17-90FF531DF755): 1
LogDevObjectVersion:   Private-Geometry (6EACA3D4-40EC-4CC1-B786-8BED09428FC5): 3
LogDevObjectVersion:   Dev-AnimPhys (29E575DD-E0A3-4627-9D10-D276232CDCEA): 17
LogDevObjectVersion:   Dev-Anim (AF43A65D-7FD3-4947-9873-3E8ED9C1BB05): 15
LogDevObjectVersion:   Dev-ReflectionCapture (6B266CEC-1EC7-4B8F-A30B-E4D90942FC07): 1
LogDevObjectVersion:   Dev-Automation (0DF73D61-A23F-47EA-B727-89E90C41499A): 1
LogDevObjectVersion:   FortniteMain (601D1886-AC64-4F84-AA16-D3DE0DEAC7D6): 47
LogDevObjectVersion:   FortniteRelease (E7086368-6B23-4C58-8439-1B7016265E91): 1
LogDevObjectVersion:   Dev-Enterprise (9DFFBCD6-494F-0158-E221-12823C92A888): 10
LogDevObjectVersion:   Dev-Niagara (F2AED0AC-9AFE-416F-8664-AA7FFA26D6FC): 1
LogDevObjectVersion:   Dev-Destruction (174F1F0B-B4C6-45A5-B13F-2EE8D0FB917D): 10
LogDevObjectVersion:   Dev-Physics-Ext (35F94A83-E258-406C-A318-09F59610247C): 41
LogDevObjectVersion:   Dev-PhysicsMaterial-Chaos (B68FC16E-8B1B-42E2-B453-215C058844FE): 1
LogDevObjectVersion:   Dev-CineCamera (B2E18506-4273-CFC2-A54E-F4BB758BBA07): 1
LogDevObjectVersion:   Dev-VirtualProduction (64F58936-FD1B-42BA-BA96-7289D5D0FA4E): 1
LogDevObjectVersion:   Dev-MediaFramework (6F0ED827-A609-4895-9C91-998D90180EA4): 2
LogInit: Presizing for max 2097152 objects, including 1 objects not considered by GC, pre-allocating 0 bytes for permanent pool.
LogConfig: Applying CVar settings from Section [/Script/Engine.StreamingSettings] File [../../../DedicatedServer/Saved/Config/WindowsServer/Engine.ini]
LogConfig: Setting CVar [[s.MinBulkDataSizeForAsyncLoading:131072]]
LogConfig: Setting CVar [[s.AsyncLoadingThreadEnabled:0]]
LogConfig: Setting CVar [[s.EventDrivenLoaderEnabled:1]]
LogConfig: Setting CVar [[s.WarnIfTimeLimitExceeded:0]]
LogConfig: Setting CVar [[s.TimeLimitExceededMultiplier:1.5]]
LogConfig: Setting CVar [[s.TimeLimitExceededMinTime:0.005]]
LogConfig: Setting CVar [[s.UseBackgroundLevelStreaming:1]]
LogConfig: Setting CVar [[s.PriorityAsyncLoadingExtraTime:15.0]]
LogConfig: Setting CVar [[s.LevelStreamingActorsUpdateTimeLimit:5.0]]
LogConfig: Setting CVar [[s.PriorityLevelStreamingActorsUpdateExtraTime:5.0]]
LogConfig: Setting CVar [[s.LevelStreamingComponentsRegistrationGranularity:10]]
LogConfig: Setting CVar [[s.UnregisterComponentsTimeLimit:1.0]]
LogConfig: Setting CVar [[s.LevelStreamingComponentsUnregistrationGranularity:5]]
LogConfig: Setting CVar [[s.FlushStreamingOnExit:1]]
LogStreaming: Display: Async Loading initialized: Event Driven Loader: true, Async Loading Thread: false, Async Post Load: false
LogInit: Object subsystem initialized
LogConfig: Setting CVar [[con.DebugEarlyDefault:1]]
LogConfig: Setting CVar [[r.setres:1280x720]]
LogConfig: Setting CVar [[fx.NiagaraAllowRuntimeScalabilityChanges:1]]
[2022.01.31-16.47.48:944][  0]LogConfig: Setting CVar [[con.DebugEarlyDefault:1]]
[2022.01.31-16.47.48:944][  0]LogConfig: Setting CVar [[r.setres:1280x720]]
[2022.01.31-16.47.48:944][  0]LogConfig: Setting CVar [[fx.NiagaraAllowRuntimeScalabilityChanges:1]]
[2022.01.31-16.47.48:944][  0]LogConfig: Applying CVar settings from Section [/Script/Engine.RendererSettings] File [../../../DedicatedServer/Saved/Config/WindowsServer/Engine.ini]
[2022.01.31-16.47.48:944][  0]LogConfig: Setting CVar [[r.GPUCrashDebugging:0]]
[2022.01.31-16.47.48:945][  0]LogConfig: Applying CVar settings from Section [/Script/Engine.RendererOverrideSettings] File [../../../DedicatedServer/Saved/Config/WindowsServer/Engine.ini]
[2022.01.31-16.47.48:945][  0]LogConfig: Applying CVar settings from Section [/Script/Engine.StreamingSettings] File [../../../DedicatedServer/Saved/Config/WindowsServer/Engine.ini]
[2022.01.31-16.47.48:945][  0]LogConfig: Setting CVar [[s.MinBulkDataSizeForAsyncLoading:131072]]
[2022.01.31-16.47.48:945][  0]LogConfig: Setting CVar [[s.AsyncLoadingThreadEnabled:0]]
[2022.01.31-16.47.48:946][  0]LogConfig: Setting CVar [[s.EventDrivenLoaderEnabled:1]]
[2022.01.31-16.47.48:946][  0]LogConfig: Setting CVar [[s.WarnIfTimeLimitExceeded:0]]
[2022.01.31-16.47.48:946][  0]LogConfig: Setting CVar [[s.TimeLimitExceededMultiplier:1.5]]
[2022.01.31-16.47.48:946][  0]LogConfig: Setting CVar [[s.TimeLimitExceededMinTime:0.005]]
[2022.01.31-16.47.48:946][  0]LogConfig: Setting CVar [[s.UseBackgroundLevelStreaming:1]]
[2022.01.31-16.47.48:947][  0]LogConfig: Setting CVar [[s.PriorityAsyncLoadingExtraTime:15.0]]
[2022.01.31-16.47.48:948][  0]LogConfig: Setting CVar [[s.LevelStreamingActorsUpdateTimeLimit:5.0]]
[2022.01.31-16.47.48:948][  0]LogConfig: Setting CVar [[s.PriorityLevelStreamingActorsUpdateExtraTime:5.0]]
[2022.01.31-16.47.48:948][  0]LogConfig: Setting CVar [[s.LevelStreamingComponentsRegistrationGranularity:10]]
[2022.01.31-16.47.48:948][  0]LogConfig: Setting CVar [[s.UnregisterComponentsTimeLimit:1.0]]
[2022.01.31-16.47.48:949][  0]LogConfig: Setting CVar [[s.LevelStreamingComponentsUnregistrationGranularity:5]]
[2022.01.31-16.47.48:949][  0]LogConfig: Setting CVar [[s.FlushStreamingOnExit:1]]
[2022.01.31-16.47.48:949][  0]LogConfig: Applying CVar settings from Section [/Script/Engine.GarbageCollectionSettings] File [../../../DedicatedServer/Saved/Config/WindowsServer/Engine.ini]
[2022.01.31-16.47.48:949][  0]LogConfig: Setting CVar [[gc.MaxObjectsNotConsideredByGC:1]]
[2022.01.31-16.47.48:949][  0]LogConfig: Setting CVar [[gc.SizeOfPermanentObjectPool:0]]
[2022.01.31-16.47.48:950][  0]LogConfig: Setting CVar [[gc.FlushStreamingOnGC:0]]
[2022.01.31-16.47.48:950][  0]LogConfig: Setting CVar [[gc.NumRetriesBeforeForcingGC:10]]
[2022.01.31-16.47.48:950][  0]LogConfig: Setting CVar [[gc.AllowParallelGC:1]]
[2022.01.31-16.47.48:950][  0]LogConfig: Setting CVar [[gc.TimeBetweenPurgingPendingKillObjects:61.1]]
[2022.01.31-16.47.48:950][  0]LogConfig: Setting CVar [[gc.MaxObjectsInEditor:25165824]]
[2022.01.31-16.47.48:950][  0]LogConfig: Setting CVar [[gc.IncrementalBeginDestroyEnabled:1]]
[2022.01.31-16.47.48:951][  0]LogConfig: Setting CVar [[gc.CreateGCClusters:1]]
[2022.01.31-16.47.48:951][  0]LogConfig: Setting CVar [[gc.MinGCClusterSize:5]]
[2022.01.31-16.47.48:951][  0]LogConfig: Setting CVar [[gc.ActorClusteringEnabled:0]]
[2022.01.31-16.47.48:951][  0]LogConfig: Setting CVar [[gc.BlueprintClusteringEnabled:0]]
[2022.01.31-16.47.48:951][  0]LogConfig: Setting CVar [[gc.UseDisregardForGCOnDedicatedServers:0]]
[2022.01.31-16.47.48:952][  0]LogConfig: Setting CVar [[gc.MultithreadedDestructionEnabled:1]]
[2022.01.31-16.47.48:952][  0]LogConfig: Applying CVar settings from Section [/Script/Engine.NetworkSettings] File [../../../DedicatedServer/Saved/Config/WindowsServer/Engine.ini]
[2022.01.31-16.47.48:952][  0]LogConfig: Applying CVar settings from Section [ViewDistanceQuality@3] File [../../../DedicatedServer/Saved/Config/WindowsServer/Scalability.ini]
[2022.01.31-16.47.48:952][  0]LogConfig: Setting CVar [[r.SkeletalMeshLODBias:0]]
[2022.01.31-16.47.48:952][  0]LogConfig: Setting CVar [[r.ViewDistanceScale:1.0]]
[2022.01.31-16.47.48:953][  0]LogConfig: Applying CVar settings from Section [AntiAliasingQuality@3] File [../../../DedicatedServer/Saved/Config/WindowsServer/Scalability.ini]
[2022.01.31-16.47.48:953][  0]LogConfig: Setting CVar [[r.PostProcessAAQuality:4]]
[2022.01.31-16.47.48:953][  0]LogConfig: Applying CVar settings from Section [ShadowQuality@3] File [../../../DedicatedServer/Saved/Config/WindowsServer/Scalability.ini]
[2022.01.31-16.47.48:953][  0]LogConfig: Setting CVar [[r.LightFunctionQuality:1]]
[2022.01.31-16.47.48:953][  0]LogConfig: Setting CVar [[r.ShadowQuality:5]]
[2022.01.31-16.47.48:954][  0]LogConfig: Setting CVar [[r.Shadow.CSM.MaxCascades:10]]
[2022.01.31-16.47.48:954][  0]LogConfig: Setting CVar [[r.Shadow.MaxResolution:2048]]
[2022.01.31-16.47.48:954][  0]LogConfig: Setting CVar [[r.Shadow.MaxCSMResolution:2048]]
[2022.01.31-16.47.48:954][  0]LogConfig: Setting CVar [[r.Shadow.RadiusThreshold:0.01]]
[2022.01.31-16.47.48:954][  0]LogConfig: Setting CVar [[r.Shadow.DistanceScale:1.0]]
[2022.01.31-16.47.48:954][  0]LogConfig: Setting CVar [[r.Shadow.CSM.TransitionScale:1.0]]
[2022.01.31-16.47.48:955][  0]LogConfig: Setting CVar [[r.Shadow.PreShadowResolutionFactor:1.0]]
[2022.01.31-16.47.48:955][  0]LogConfig: Setting CVar [[r.DistanceFieldShadowing:1]]
[2022.01.31-16.47.48:955][  0]LogConfig: Setting CVar [[r.DistanceFieldAO:1]]
[2022.01.31-16.47.48:955][  0]LogConfig: Setting CVar [[r.AOQuality:2]]
[2022.01.31-16.47.48:955][  0]LogConfig: Setting CVar [[r.VolumetricFog:1]]
[2022.01.31-16.47.48:956][  0]LogConfig: Setting CVar [[r.VolumetricFog.GridPixelSize:8]]
[2022.01.31-16.47.48:956][  0]LogConfig: Setting CVar [[r.VolumetricFog.GridSizeZ:128]]
[2022.01.31-16.47.48:956][  0]LogConfig: Setting CVar [[r.VolumetricFog.HistoryMissSupersampleCount:4]]
[2022.01.31-16.47.48:956][  0]LogConfig: Setting CVar [[r.LightMaxDrawDistanceScale:1]]
[2022.01.31-16.47.48:956][  0]LogConfig: Setting CVar [[r.CapsuleShadows:1]]
[2022.01.31-16.47.48:956][  0]LogConfig: Applying CVar settings from Section [PostProcessQuality@3] File [../../../DedicatedServer/Saved/Config/WindowsServer/Scalability.ini]
[2022.01.31-16.47.48:958][  0]LogConfig: Setting CVar [[r.MotionBlurQuality:4]]
[2022.01.31-16.47.48:958][  0]LogConfig: Setting CVar [[r.AmbientOcclusionMipLevelFactor:0.4]]
[2022.01.31-16.47.48:958][  0]LogConfig: Setting CVar [[r.AmbientOcclusionMaxQuality:100]]
[2022.01.31-16.47.48:959][  0]LogConfig: Setting CVar [[r.AmbientOcclusionLevels:-1]]
[2022.01.31-16.47.48:959][  0]LogConfig: Setting CVar [[r.AmbientOcclusionRadiusScale:1.0]]
[2022.01.31-16.47.48:959][  0]LogConfig: Setting CVar [[r.DepthOfFieldQuality:2]]
[2022.01.31-16.47.48:959][  0]LogConfig: Setting CVar [[r.RenderTargetPoolMin:400]]
[2022.01.31-16.47.48:959][  0]LogConfig: Setting CVar [[r.LensFlareQuality:2]]
[2022.01.31-16.47.48:959][  0]LogConfig: Setting CVar [[r.SceneColorFringeQuality:1]]
[2022.01.31-16.47.48:960][  0]LogConfig: Setting CVar [[r.EyeAdaptationQuality:2]]
[2022.01.31-16.47.48:960][  0]LogConfig: Setting CVar [[r.BloomQuality:5]]
[2022.01.31-16.47.48:960][  0]LogConfig: Setting CVar [[r.FastBlurThreshold:100]]
[2022.01.31-16.47.48:960][  0]LogConfig: Setting CVar [[r.Upscale.Quality:3]]
[2022.01.31-16.47.48:960][  0]LogConfig: Setting CVar [[r.Tonemapper.GrainQuantization:1]]
[2022.01.31-16.47.48:961][  0]LogConfig: Setting CVar [[r.LightShaftQuality:1]]
[2022.01.31-16.47.48:961][  0]LogConfig: Setting CVar [[r.Filter.SizeScale:1]]
[2022.01.31-16.47.48:961][  0]LogConfig: Setting CVar [[r.Tonemapper.Quality:5]]
[2022.01.31-16.47.48:961][  0]LogConfig: Setting CVar [[r.DOF.Gather.AccumulatorQuality:1        ; higher gathering accumulator quality]]
[2022.01.31-16.47.48:961][  0]LogConfig: Setting CVar [[r.DOF.Gather.PostfilterMethod:1          ; Median3x3 postfilering method]]
[2022.01.31-16.47.48:962][  0]LogConfig: Setting CVar [[r.DOF.Gather.EnableBokehSettings:0       ; no bokeh simulation when gathering]]
[2022.01.31-16.47.48:962][  0]LogConfig: Setting CVar [[r.DOF.Gather.RingCount:4                 ; medium number of samples when gathering]]
[2022.01.31-16.47.48:962][  0]LogConfig: Setting CVar [[r.DOF.Scatter.ForegroundCompositing:1    ; additive foreground scattering]]
[2022.01.31-16.47.48:962][  0]LogConfig: Setting CVar [[r.DOF.Scatter.BackgroundCompositing:2    ; additive background scattering]]
[2022.01.31-16.47.48:962][  0]LogConfig: Setting CVar [[r.DOF.Scatter.EnableBokehSettings:1      ; bokeh simulation when scattering]]
[2022.01.31-16.47.48:963][  0]LogConfig: Setting CVar [[r.DOF.Scatter.MaxSpriteRatio:0.1         ; only a maximum of 10% of scattered bokeh]]
[2022.01.31-16.47.48:963][  0]LogConfig: Setting CVar [[r.DOF.Recombine.Quality:1                ; cheap slight out of focus]]
[2022.01.31-16.47.48:963][  0]LogConfig: Setting CVar [[r.DOF.Recombine.EnableBokehSettings:0    ; no bokeh simulation on slight out of focus]]
[2022.01.31-16.47.48:963][  0]LogConfig: Setting CVar [[r.DOF.TemporalAAQuality:1                ; more stable temporal accumulation]]
[2022.01.31-16.47.48:963][  0]LogConfig: Setting CVar [[r.DOF.Kernel.MaxForegroundRadius:0.025]]
[2022.01.31-16.47.48:964][  0]LogConfig: Setting CVar [[r.DOF.Kernel.MaxBackgroundRadius:0.025]]
[2022.01.31-16.47.48:964][  0]LogConfig: Applying CVar settings from Section [TextureQuality@3] File [../../../DedicatedServer/Saved/Config/WindowsServer/Scalability.ini]
[2022.01.31-16.47.48:964][  0]LogConfig: Setting CVar [[r.Streaming.MipBias:0]]
[2022.01.31-16.47.48:964][  0]LogConfig: Setting CVar [[r.Streaming.AmortizeCPUToGPUCopy:0]]
[2022.01.31-16.47.48:964][  0]LogConfig: Setting CVar [[r.Streaming.MaxNumTexturesToStreamPerFrame:0]]
[2022.01.31-16.47.48:965][  0]LogConfig: Setting CVar [[r.Streaming.Boost:1]]
[2022.01.31-16.47.48:965][  0]LogConfig: Setting CVar [[r.MaxAnisotropy:8]]
[2022.01.31-16.47.48:965][  0]LogConfig: Setting CVar [[r.VT.MaxAnisotropy:8]]
[2022.01.31-16.47.48:965][  0]LogConfig: Setting CVar [[r.Streaming.LimitPoolSizeToVRAM:0]]
[2022.01.31-16.47.48:965][  0]LogConfig: Setting CVar [[r.Streaming.PoolSize:1000]]
[2022.01.31-16.47.48:965][  0]LogConfig: Setting CVar [[r.Streaming.MaxEffectiveScreenSize:0]]
[2022.01.31-16.47.48:966][  0]LogConfig: Applying CVar settings from Section [EffectsQuality@3] File [../../../DedicatedServer/Saved/Config/WindowsServer/Scalability.ini]
[2022.01.31-16.47.48:966][  0]LogConfig: Setting CVar [[r.TranslucencyLightingVolumeDim:64]]
[2022.01.31-16.47.48:966][  0]LogConfig: Setting CVar [[r.RefractionQuality:2]]
[2022.01.31-16.47.48:966][  0]LogConfig: Setting CVar [[r.SSR.Quality:3]]
[2022.01.31-16.47.48:967][  0]LogConfig: Setting CVar [[r.SSR.HalfResSceneColor:0]]
[2022.01.31-16.47.48:968][  0]LogConfig: Setting CVar [[r.SceneColorFormat:4]]
[2022.01.31-16.47.48:968][  0]LogConfig: Setting CVar [[r.DetailMode:2]]
[2022.01.31-16.47.48:968][  0]LogConfig: Setting CVar [[r.TranslucencyVolumeBlur:1]]
[2022.01.31-16.47.48:969][  0]LogConfig: Setting CVar [[r.MaterialQualityLevel:1 ; High quality]]
[2022.01.31-16.47.48:969][  0]LogConfig: Setting CVar [[r.AnisotropicMaterials:1]]
[2022.01.31-16.47.48:969][  0]LogConfig: Setting CVar [[r.SSS.Scale:1]]
[2022.01.31-16.47.48:969][  0]LogConfig: Setting CVar [[r.SSS.SampleSet:2]]
[2022.01.31-16.47.48:969][  0]LogConfig: Setting CVar [[r.SSS.Quality:1]]
[2022.01.31-16.47.48:970][  0]LogConfig: Setting CVar [[r.SSS.HalfRes:0]]
[2022.01.31-16.47.48:970][  0]LogConfig: Setting CVar [[r.SSGI.Quality:3]]
[2022.01.31-16.47.48:970][  0]LogConfig: Setting CVar [[r.EmitterSpawnRateScale:1.0]]
[2022.01.31-16.47.48:970][  0]LogConfig: Setting CVar [[r.ParticleLightQuality:2]]
[2022.01.31-16.47.48:970][  0]LogConfig: Setting CVar [[r.SkyAtmosphere.AerialPerspectiveLUT.FastApplyOnOpaque:1 ; Always have FastSkyLUT 1 in this case to avoid wrong sky]]
[2022.01.31-16.47.48:971][  0]LogConfig: Setting CVar [[r.SkyAtmosphere.AerialPerspectiveLUT.SampleCountMaxPerSlice:4]]
[2022.01.31-16.47.48:971][  0]LogConfig: Setting CVar [[r.SkyAtmosphere.AerialPerspectiveLUT.DepthResolution:16.0]]
[2022.01.31-16.47.48:971][  0]LogConfig: Setting CVar [[r.SkyAtmosphere.FastSkyLUT:1]]
[2022.01.31-16.47.48:971][  0]LogConfig: Setting CVar [[r.SkyAtmosphere.FastSkyLUT.SampleCountMin:4.0]]
[2022.01.31-16.47.48:971][  0]LogConfig: Setting CVar [[r.SkyAtmosphere.FastSkyLUT.SampleCountMax:128.0]]
[2022.01.31-16.47.48:971][  0]LogConfig: Setting CVar [[r.SkyAtmosphere.SampleCountMin:4.0]]
[2022.01.31-16.47.48:972][  0]LogConfig: Setting CVar [[r.SkyAtmosphere.SampleCountMax:128.0]]
[2022.01.31-16.47.48:972][  0]LogConfig: Setting CVar [[r.SkyAtmosphere.TransmittanceLUT.UseSmallFormat:0]]
[2022.01.31-16.47.48:972][  0]LogConfig: Setting CVar [[r.SkyAtmosphere.TransmittanceLUT.SampleCount:10.0]]
[2022.01.31-16.47.48:972][  0]LogConfig: Setting CVar [[r.SkyAtmosphere.MultiScatteringLUT.SampleCount:15.0]]
[2022.01.31-16.47.48:972][  0]LogConfig: Setting CVar [[r.SkyLight.RealTimeReflectionCapture:1]]
[2022.01.31-16.47.48:973][  0]LogConfig: Setting CVar [[fx.Niagara.QualityLevel:3]]
[2022.01.31-16.47.48:973][  0]LogConfig: Applying CVar settings from Section [FoliageQuality@3] File [../../../DedicatedServer/Saved/Config/WindowsServer/Scalability.ini]
[2022.01.31-16.47.48:973][  0]LogConfig: Setting CVar [[foliage.DensityScale:1.0]]
[2022.01.31-16.47.48:973][  0]LogConfig: Setting CVar [[grass.DensityScale:1.0]]
[2022.01.31-16.47.48:973][  0]LogConfig: Applying CVar settings from Section [ShadingQuality@3] File [../../../DedicatedServer/Saved/Config/WindowsServer/Scalability.ini]
[2022.01.31-16.47.48:974][  0]LogConfig: Setting CVar [[r.HairStrands.SkyLighting.IntegrationType:2]]
[2022.01.31-16.47.48:974][  0]LogConfig: Setting CVar [[r.HairStrands.SkyAO.SampleCount:4]]
[2022.01.31-16.47.48:974][  0]LogConfig: Setting CVar [[r.HairStrands.Visibility.MSAA.SamplePerPixel:4]]
[2022.01.31-16.47.48:974][  0]LogInit: Selected Device Profile: [WindowsServer]
[2022.01.31-16.47.48:974][  0]LogInit: Applying CVar settings loaded from the selected device profile: [WindowsServer]
[2022.01.31-16.47.48:975][  0]LogHAL: Display: Platform has ~ 32 GB [34163515392 / 34359738368 / 32], which maps to Largest [LargestMinGB=32, LargerMinGB=12, DefaultMinGB=8, SmallerMinGB=6, SmallestMinGB=0)
[2022.01.31-16.47.48:975][  0]LogInit: Going up to parent DeviceProfile [Windows]
[2022.01.31-16.47.48:975][  0]LogInit: Going up to parent DeviceProfile []
[2022.01.31-16.47.48:975][  0]LogConfig: Applying CVar settings from Section [ViewDistanceQuality@3] File [../../../DedicatedServer/Saved/Config/WindowsServer/Scalability.ini]
[2022.01.31-16.47.48:975][  0]LogConfig: Setting CVar [[r.SkeletalMeshLODBias:0]]
[2022.01.31-16.47.48:976][  0]LogConfig: Setting CVar [[r.ViewDistanceScale:1.0]]
[2022.01.31-16.47.48:976][  0]LogConfig: Applying CVar settings from Section [AntiAliasingQuality@3] File [../../../DedicatedServer/Saved/Config/WindowsServer/Scalability.ini]
[2022.01.31-16.47.48:976][  0]LogConfig: Setting CVar [[r.PostProcessAAQuality:4]]
[2022.01.31-16.47.48:976][  0]LogConfig: Applying CVar settings from Section [ShadowQuality@3] File [../../../DedicatedServer/Saved/Config/WindowsServer/Scalability.ini]
[2022.01.31-16.47.48:976][  0]LogConfig: Setting CVar [[r.LightFunctionQuality:1]]
[2022.01.31-16.47.48:977][  0]LogConfig: Setting CVar [[r.ShadowQuality:5]]
[2022.01.31-16.47.48:978][  0]LogConfig: Setting CVar [[r.Shadow.CSM.MaxCascades:10]]
[2022.01.31-16.47.48:978][  0]LogConfig: Setting CVar [[r.Shadow.MaxResolution:2048]]
[2022.01.31-16.47.48:979][  0]LogConfig: Setting CVar [[r.Shadow.MaxCSMResolution:2048]]
[2022.01.31-16.47.48:979][  0]LogConfig: Setting CVar [[r.Shadow.RadiusThreshold:0.01]]
[2022.01.31-16.47.48:979][  0]LogConfig: Setting CVar [[r.Shadow.DistanceScale:1.0]]
[2022.01.31-16.47.48:979][  0]LogConfig: Setting CVar [[r.Shadow.CSM.TransitionScale:1.0]]
[2022.01.31-16.47.48:979][  0]LogConfig: Setting CVar [[r.Shadow.PreShadowResolutionFactor:1.0]]
[2022.01.31-16.47.48:979][  0]LogConfig: Setting CVar [[r.DistanceFieldShadowing:1]]
[2022.01.31-16.47.48:980][  0]LogConfig: Setting CVar [[r.DistanceFieldAO:1]]
[2022.01.31-16.47.48:980][  0]LogConfig: Setting CVar [[r.AOQuality:2]]
[2022.01.31-16.47.48:980][  0]LogConfig: Setting CVar [[r.VolumetricFog:1]]
[2022.01.31-16.47.48:980][  0]LogConfig: Setting CVar [[r.VolumetricFog.GridPixelSize:8]]
[2022.01.31-16.47.48:980][  0]LogConfig: Setting CVar [[r.VolumetricFog.GridSizeZ:128]]
[2022.01.31-16.47.48:981][  0]LogConfig: Setting CVar [[r.VolumetricFog.HistoryMissSupersampleCount:4]]
[2022.01.31-16.47.48:981][  0]LogConfig: Setting CVar [[r.LightMaxDrawDistanceScale:1]]
[2022.01.31-16.47.48:981][  0]LogConfig: Setting CVar [[r.CapsuleShadows:1]]
[2022.01.31-16.47.48:981][  0]LogConfig: Applying CVar settings from Section [PostProcessQuality@3] File [../../../DedicatedServer/Saved/Config/WindowsServer/Scalability.ini]
[2022.01.31-16.47.48:981][  0]LogConfig: Setting CVar [[r.MotionBlurQuality:4]]
[2022.01.31-16.47.48:982][  0]LogConfig: Setting CVar [[r.AmbientOcclusionMipLevelFactor:0.4]]
[2022.01.31-16.47.48:982][  0]LogConfig: Setting CVar [[r.AmbientOcclusionMaxQuality:100]]
[2022.01.31-16.47.48:982][  0]LogConfig: Setting CVar [[r.AmbientOcclusionLevels:-1]]
[2022.01.31-16.47.48:982][  0]LogConfig: Setting CVar [[r.AmbientOcclusionRadiusScale:1.0]]
[2022.01.31-16.47.48:982][  0]LogConfig: Setting CVar [[r.DepthOfFieldQuality:2]]
[2022.01.31-16.47.48:982][  0]LogConfig: Setting CVar [[r.RenderTargetPoolMin:400]]
[2022.01.31-16.47.48:983][  0]LogConfig: Setting CVar [[r.LensFlareQuality:2]]
[2022.01.31-16.47.48:983][  0]LogConfig: Setting CVar [[r.SceneColorFringeQuality:1]]
[2022.01.31-16.47.48:983][  0]LogConfig: Setting CVar [[r.EyeAdaptationQuality:2]]
[2022.01.31-16.47.48:983][  0]LogConfig: Setting CVar [[r.BloomQuality:5]]
[2022.01.31-16.47.48:983][  0]LogConfig: Setting CVar [[r.FastBlurThreshold:100]]
[2022.01.31-16.47.48:984][  0]LogConfig: Setting CVar [[r.Upscale.Quality:3]]
[2022.01.31-16.47.48:984][  0]LogConfig: Setting CVar [[r.Tonemapper.GrainQuantization:1]]
[2022.01.31-16.47.48:984][  0]LogConfig: Setting CVar [[r.LightShaftQuality:1]]
[2022.01.31-16.47.48:984][  0]LogConfig: Setting CVar [[r.Filter.SizeScale:1]]
[2022.01.31-16.47.48:984][  0]LogConfig: Setting CVar [[r.Tonemapper.Quality:5]]
[2022.01.31-16.47.48:984][  0]LogConfig: Setting CVar [[r.DOF.Gather.AccumulatorQuality:1        ; higher gathering accumulator quality]]
[2022.01.31-16.47.48:985][  0]LogConfig: Setting CVar [[r.DOF.Gather.PostfilterMethod:1          ; Median3x3 postfilering method]]
[2022.01.31-16.47.48:985][  0]LogConfig: Setting CVar [[r.DOF.Gather.EnableBokehSettings:0       ; no bokeh simulation when gathering]]
[2022.01.31-16.47.48:985][  0]LogConfig: Setting CVar [[r.DOF.Gather.RingCount:4                 ; medium number of samples when gathering]]
[2022.01.31-16.47.48:985][  0]LogConfig: Setting CVar [[r.DOF.Scatter.ForegroundCompositing:1    ; additive foreground scattering]]
[2022.01.31-16.47.48:985][  0]LogConfig: Setting CVar [[r.DOF.Scatter.BackgroundCompositing:2    ; additive background scattering]]
[2022.01.31-16.47.48:986][  0]LogConfig: Setting CVar [[r.DOF.Scatter.EnableBokehSettings:1      ; bokeh simulation when scattering]]
[2022.01.31-16.47.48:986][  0]LogConfig: Setting CVar [[r.DOF.Scatter.MaxSpriteRatio:0.1         ; only a maximum of 10% of scattered bokeh]]
[2022.01.31-16.47.48:986][  0]LogConfig: Setting CVar [[r.DOF.Recombine.Quality:1                ; cheap slight out of focus]]
[2022.01.31-16.47.48:986][  0]LogConfig: Setting CVar [[r.DOF.Recombine.EnableBokehSettings:0    ; no bokeh simulation on slight out of focus]]
[2022.01.31-16.47.48:986][  0]LogConfig: Setting CVar [[r.DOF.TemporalAAQuality:1                ; more stable temporal accumulation]]
[2022.01.31-16.47.48:987][  0]LogConfig: Setting CVar [[r.DOF.Kernel.MaxForegroundRadius:0.025]]
[2022.01.31-16.47.48:988][  0]LogConfig: Setting CVar [[r.DOF.Kernel.MaxBackgroundRadius:0.025]]
[2022.01.31-16.47.48:988][  0]LogConfig: Applying CVar settings from Section [TextureQuality@3] File [../../../DedicatedServer/Saved/Config/WindowsServer/Scalability.ini]
[2022.01.31-16.47.48:989][  0]LogConfig: Setting CVar [[r.Streaming.MipBias:0]]
[2022.01.31-16.47.48:989][  0]LogConfig: Setting CVar [[r.Streaming.AmortizeCPUToGPUCopy:0]]
[2022.01.31-16.47.48:989][  0]LogConfig: Setting CVar [[r.Streaming.MaxNumTexturesToStreamPerFrame:0]]
[2022.01.31-16.47.48:989][  0]LogConfig: Setting CVar [[r.Streaming.Boost:1]]
[2022.01.31-16.47.48:989][  0]LogConfig: Setting CVar [[r.MaxAnisotropy:8]]
[2022.01.31-16.47.48:990][  0]LogConfig: Setting CVar [[r.VT.MaxAnisotropy:8]]
[2022.01.31-16.47.48:990][  0]LogConfig: Setting CVar [[r.Streaming.LimitPoolSizeToVRAM:0]]
[2022.01.31-16.47.48:990][  0]LogConfig: Setting CVar [[r.Streaming.PoolSize:1000]]
[2022.01.31-16.47.48:990][  0]LogConfig: Setting CVar [[r.Streaming.MaxEffectiveScreenSize:0]]
[2022.01.31-16.47.48:990][  0]LogConfig: Applying CVar settings from Section [EffectsQuality@3] File [../../../DedicatedServer/Saved/Config/WindowsServer/Scalability.ini]
[2022.01.31-16.47.48:991][  0]LogConfig: Setting CVar [[r.TranslucencyLightingVolumeDim:64]]
[2022.01.31-16.47.48:991][  0]LogConfig: Setting CVar [[r.RefractionQuality:2]]
[2022.01.31-16.47.48:991][  0]LogConfig: Setting CVar [[r.SSR.Quality:3]]
[2022.01.31-16.47.48:991][  0]LogConfig: Setting CVar [[r.SSR.HalfResSceneColor:0]]
[2022.01.31-16.47.48:991][  0]LogConfig: Setting CVar [[r.SceneColorFormat:4]]
[2022.01.31-16.47.48:991][  0]LogConfig: Setting CVar [[r.DetailMode:2]]
[2022.01.31-16.47.48:992][  0]LogConfig: Setting CVar [[r.TranslucencyVolumeBlur:1]]
[2022.01.31-16.47.48:992][  0]LogConfig: Setting CVar [[r.MaterialQualityLevel:1 ; High quality]]
[2022.01.31-16.47.48:992][  0]LogConfig: Setting CVar [[r.AnisotropicMaterials:1]]
[2022.01.31-16.47.48:992][  0]LogConfig: Setting CVar [[r.SSS.Scale:1]]
[2022.01.31-16.47.48:992][  0]LogConfig: Setting CVar [[r.SSS.SampleSet:2]]
[2022.01.31-16.47.48:993][  0]LogConfig: Setting CVar [[r.SSS.Quality:1]]
[2022.01.31-16.47.48:993][  0]LogConfig: Setting CVar [[r.SSS.HalfRes:0]]
[2022.01.31-16.47.48:993][  0]LogConfig: Setting CVar [[r.SSGI.Quality:3]]
[2022.01.31-16.47.48:993][  0]LogConfig: Setting CVar [[r.EmitterSpawnRateScale:1.0]]
[2022.01.31-16.47.48:993][  0]LogConfig: Setting CVar [[r.ParticleLightQuality:2]]
[2022.01.31-16.47.48:993][  0]LogConfig: Setting CVar [[r.SkyAtmosphere.AerialPerspectiveLUT.FastApplyOnOpaque:1 ; Always have FastSkyLUT 1 in this case to avoid wrong sky]]
[2022.01.31-16.47.48:994][  0]LogConfig: Setting CVar [[r.SkyAtmosphere.AerialPerspectiveLUT.SampleCountMaxPerSlice:4]]
[2022.01.31-16.47.48:994][  0]LogConfig: Setting CVar [[r.SkyAtmosphere.AerialPerspectiveLUT.DepthResolution:16.0]]
[2022.01.31-16.47.48:994][  0]LogConfig: Setting CVar [[r.SkyAtmosphere.FastSkyLUT:1]]
[2022.01.31-16.47.48:994][  0]LogConfig: Setting CVar [[r.SkyAtmosphere.FastSkyLUT.SampleCountMin:4.0]]
[2022.01.31-16.47.48:994][  0]LogConfig: Setting CVar [[r.SkyAtmosphere.FastSkyLUT.SampleCountMax:128.0]]
[2022.01.31-16.47.48:995][  0]LogConfig: Setting CVar [[r.SkyAtmosphere.SampleCountMin:4.0]]
[2022.01.31-16.47.48:995][  0]LogConfig: Setting CVar [[r.SkyAtmosphere.SampleCountMax:128.0]]
[2022.01.31-16.47.48:995][  0]LogConfig: Setting CVar [[r.SkyAtmosphere.TransmittanceLUT.UseSmallFormat:0]]
[2022.01.31-16.47.48:995][  0]LogConfig: Setting CVar [[r.SkyAtmosphere.TransmittanceLUT.SampleCount:10.0]]
[2022.01.31-16.47.48:995][  0]LogConfig: Setting CVar [[r.SkyAtmosphere.MultiScatteringLUT.SampleCount:15.0]]
[2022.01.31-16.47.48:996][  0]LogConfig: Setting CVar [[r.SkyLight.RealTimeReflectionCapture:1]]
[2022.01.31-16.47.48:996][  0]LogConfig: Setting CVar [[fx.Niagara.QualityLevel:3]]
[2022.01.31-16.47.48:996][  0]LogConfig: Applying CVar settings from Section [FoliageQuality@3] File [../../../DedicatedServer/Saved/Config/WindowsServer/Scalability.ini]
[2022.01.31-16.47.48:996][  0]LogConfig: Setting CVar [[foliage.DensityScale:1.0]]
[2022.01.31-16.47.48:996][  0]LogConfig: Setting CVar [[grass.DensityScale:1.0]]
[2022.01.31-16.47.48:996][  0]LogConfig: Applying CVar settings from Section [ShadingQuality@3] File [../../../DedicatedServer/Saved/Config/WindowsServer/Scalability.ini]
[2022.01.31-16.47.48:997][  0]LogConfig: Setting CVar [[r.HairStrands.SkyLighting.IntegrationType:2]]
[2022.01.31-16.47.48:998][  0]LogConfig: Setting CVar [[r.HairStrands.SkyAO.SampleCount:4]]
[2022.01.31-16.47.48:999][  0]LogConfig: Setting CVar [[r.HairStrands.Visibility.MSAA.SamplePerPixel:4]]
[2022.01.31-16.47.48:999][  0]LogConfig: Applying CVar settings from Section [Startup] File [../../../Engine/Config/ConsoleVariables.ini]
[2022.01.31-16.47.48:999][  0]LogConfig: Setting CVar [[net.UseAdaptiveNetUpdateFrequency:0]]
[2022.01.31-16.47.48:999][  0]LogConfig: Setting CVar [[p.chaos.AllowCreatePhysxBodies:1]]
[2022.01.31-16.47.48:999][  0]LogConfig: Setting CVar [[fx.SkipVectorVMBackendOptimizations:1]]
[2022.01.31-16.47.49:000][  0]LogConfig: Applying CVar settings from Section [ConsoleVariables] File [../../../DedicatedServer/Saved/Config/WindowsServer/Engine.ini]
[2022.01.31-16.47.49:000][  0]LogInit: Computer: DESKTOP-P6G4D2C
[2022.01.31-16.47.49:000][  0]LogInit: User: User
[2022.01.31-16.47.49:000][  0]LogInit: CPU Page size=4096, Cores=6
[2022.01.31-16.47.49:000][  0]LogInit: High frequency timer resolution =10.000000 MHz
[2022.01.31-16.47.49:000][  0]LogMemory: Memory total: Physical=31.8GB (32GB approx)
[2022.01.31-16.47.49:001][  0]LogMemory: Platform Memory Stats for WindowsServer
[2022.01.31-16.47.49:001][  0]LogMemory: Process Physical Memory: 73.82 MB used, 73.82 MB peak
[2022.01.31-16.47.49:001][  0]LogMemory: Process Virtual Memory: 75.49 MB used, 75.49 MB peak
[2022.01.31-16.47.49:001][  0]LogMemory: Physical Memory: 7651.02 MB used,  24929.85 MB free, 32580.87 MB total
[2022.01.31-16.47.49:001][  0]LogMemory: Virtual Memory: 134190408.00 MB used,  27316.76 MB free, 134217728.00 MB total
[2022.01.31-16.47.49:005][  0]LogWindows: WindowsPlatformFeatures disabled or dedicated server build
[2022.01.31-16.47.49:022][  0]LogInit: Physics initialised using underlying interface: PhysX
[2022.01.31-16.47.49:022][  0]LogInit: Using OS detected language (ru-RU).
[2022.01.31-16.47.49:023][  0]LogInit: Using OS detected locale (ru-RU).
[2022.01.31-16.47.49:023][  0]LogTextLocalizationManager: No localization for 'ru-RU' exists, so 'en' will be used for the language.
[2022.01.31-16.47.49:024][  0]LogTextLocalizationManager: No localization for 'ru-RU' exists, so 'en' will be used for the locale.
[2022.01.31-16.47.49:042][  0]LogRendererCore: Ray tracing is disabled. Reason: r.RayTracing=0.
[2022.01.31-16.47.49:042][  0]LogODSC: ODSC Thread active.
[2022.01.31-16.47.49:049][  0]LogInit: Using OS detected language (ru-RU).
[2022.01.31-16.47.49:049][  0]LogInit: Using OS detected locale (ru-RU).
[2022.01.31-16.47.49:049][  0]LogTextLocalizationManager: No localization for 'ru-RU' exists, so 'en' will be used for the language.
[2022.01.31-16.47.49:049][  0]LogTextLocalizationManager: No localization for 'ru-RU' exists, so 'en' will be used for the locale.
[2022.01.31-16.47.49:050][  0]LogAssetRegistry: FAssetRegistry took 0.0005 seconds to start up
[2022.01.31-16.47.49:103][  0]LogTextLocalizationManager: Compacting localization data took   0.52ms
[2022.01.31-16.47.49:103][  0]LogStreaming: Display: FlushAsyncLoading: 1 QueuedPackages, 0 AsyncPackages
[2022.01.31-16.47.49:104][  0]LogPackageLocalizationCache: Processed 26 localized package path(s) for 1 prioritized culture(s) in 0.000049 seconds
[2022.01.31-16.47.49:104][  0]LogPakFile: New pak file ../../../DedicatedServer/Content/Paks/DedicatedServer-WindowsServer.pak added to pak precacher.
[2022.01.31-16.47.49:105][  0]LogInit: Selected Device Profile: [WindowsServer]
[2022.01.31-16.47.49:105][  0]LogInit: Active device profile: [0000021668C52B00][000002166538DB70 49] WindowsServer
[2022.01.31-16.47.49:105][  0]LogInit: Profiles: [0000021668C52C80][00000216674A6DC0 49] Windows, [0000021668C52B00][000002166538DB70 49] WindowsServer, 
[2022.01.31-16.47.49:112][  0]LogSerialization: Display: AllowBulkDataInIoStore: 'true'
[2022.01.31-16.47.49:117][  0]LogNetVersion: DedicatedServer 1.0.0, NetCL: 0, EngineNetVer: 17, GameNetVer: 0 (Checksum: 1551992059)
[2022.01.31-16.47.49:134][  0]LogAudioCaptureCore: Display: No Audio Capture implementations found. Audio input will be silent.
[2022.01.31-16.47.49:134][  0]LogAudioCaptureCore: Display: No Audio Capture implementations found. Audio input will be silent.
[2022.01.31-16.47.49:135][  0]LogHMD: PokeAHoleMaterial loaded successfully
[2022.01.31-16.47.49:205][  0]LogUObjectArray: 15882 objects as part of root set at end of initial load.
[2022.01.31-16.47.49:205][  0]LogUObjectAllocator: 3262488 out of 0 bytes used by permanent object pool.
[2022.01.31-16.47.49:206][  0]LogUObjectArray: CloseDisregardForGC: 15882/0 objects in disregard for GC pool
[2022.01.31-16.47.49:212][  0]LogNiagaraDebuggerClient: Niagara Debugger Client Initialized | Session: 77594C734BAB97CDD2AA8CB6104256B7 | Instance: 005BAB774239280977C6B2B78F600705 (DESKTOP-P6G4D2C-12036).
[2022.01.31-16.47.49:213][  0]LogAndroidPermission: UAndroidPermissionCallbackProxy::GetInstance
[2022.01.31-16.47.49:214][  0]LogOcInput: OculusInput pre-init called
[2022.01.31-16.47.49:217][  0]LogEngine: Initializing Engine...
[2022.01.31-16.47.49:218][  0]LogStats: UGameplayTagsManager::InitializeManager -  0.000 s
[2022.01.31-16.47.49:221][  0]LogInit: Initializing FReadOnlyCVARCache
[2022.01.31-16.47.49:221][  0]LogNetVersion: Set ProjectVersion to 1.0.0.0. Version Checksum will be recalculated on next use.
[2022.01.31-16.47.49:221][  0]LogInit: Texture streaming: Disabled
[2022.01.31-16.47.49:231][  0]LogInit: Display: Game Engine Initialized.
[2022.01.31-16.47.49:232][  0]LogInit: Display: Starting Game.
[2022.01.31-16.47.49:232][  0]LogNet: Browse: /Game/ThirdPersonCPP/Maps/ThirdPersonExampleMap?Name=Player
[2022.01.31-16.47.49:232][  0]LogLoad: LoadMap: /Game/ThirdPersonCPP/Maps/ThirdPersonExampleMap?Name=Player
[2022.01.31-16.47.49:232][  0]LogWorld: BeginTearingDown for /Temp/Untitled_0
[2022.01.31-16.47.49:235][  0]LogWorld: UWorld::CleanupWorld for Untitled, bSessionEnded=true, bCleanupResources=true
[2022.01.31-16.47.49:236][  0]LogUObjectHash: Compacting FUObjectHashTables data took   0.52ms
[2022.01.31-16.47.49:252][  0]LogAIModule: Creating AISystem for world ThirdPersonExampleMap
[2022.01.31-16.47.49:252][  0]LogLoad: Game class is 'DedicatedServerGameMode'
[2022.01.31-16.47.49:253][  0]LogNet: ReplicationDriverClass is null! Not using ReplicationDriver.
[2022.01.31-16.47.49:253][  0]LogNetCore: DDoS detection status: detection enabled: 0 analytics enabled: 0
[2022.01.31-16.47.49:253][  0]LogInit: WinSock: Socket queue. Rx: 131072 (config 131072) Tx: 131072 (config 131072)
[2022.01.31-16.47.49:253][  0]LogNet: Created socket for bind address: 0.0.0.0 on port 7777
[2022.01.31-16.47.49:254][  0]PacketHandlerLog: Loaded PacketHandler component: Engine.EngineHandlerComponentFactory (StatelessConnectHandlerComponent)
[2022.01.31-16.47.49:254][  0]LogNet: GameNetDriver IpNetDriver_2147482567 IpNetDriver listening on port 7777
[2022.01.31-16.47.49:255][  0]LogWorld: Bringing World /Game/ThirdPersonCPP/Maps/ThirdPersonExampleMap.ThirdPersonExampleMap up for play (max tick rate 30) at 2022.01.31-19.47.49
[2022.01.31-16.47.49:255][  0]LogWorld: Bringing up level for play took: 0.000617
[2022.01.31-16.47.49:255][  0]LogLoad: Took 0.022697 seconds to LoadMap(/Game/ThirdPersonCPP/Maps/ThirdPersonExampleMap)
[2022.01.31-16.47.49:255][  0]LogPakFile: AllPaks IndexSizes: DirectoryHashSize=205864, PathHashSize=16, EntriesSize=32752, TotalSize=238632
[2022.01.31-16.47.49:255][  0]LogInit: Display: Engine is initialized. Leaving FEngineLoop::Init()
[2022.01.31-16.47.49:256][  0]LogLoad: (Engine Initialization) Total time: 0.61 seconds
[2022.01.31-16.48.21:213][962]LogNet: NotifyAcceptingConnection accepted from: 127.0.0.1:57652
[2022.01.31-16.48.21:213][962]LogHandshake: SendConnectChallenge. Timestamp: 31.956283, Cookie: 170024195205153068071174121142093011166035033147047183086067
[2022.01.31-16.48.21:245][963]LogNet: NotifyAcceptingConnection accepted from: 127.0.0.1:57652
[2022.01.31-16.48.21:245][963]LogHandshake: SendChallengeAck. InCookie: 170024195205153068071174121142093011166035033147047183086067
[2022.01.31-16.48.21:246][963]LogNet: Server accepting post-challenge connection from: 127.0.0.1:57652
[2022.01.31-16.48.21:247][963]PacketHandlerLog: Loaded PacketHandler component: Engine.EngineHandlerComponentFactory (StatelessConnectHandlerComponent)
[2022.01.31-16.48.21:247][963]LogNet: NotifyAcceptedConnection: Name: ThirdPersonExampleMap, TimeStamp: 01/31/22 19:48:21, [UNetConnection] RemoteAddr: 127.0.0.1:57652, Name: IpConnection_2147482559, Driver: GameNetDriver IpNetDriver_2147482567, IsServer: YES, PC: NULL, Owner: NULL, UniqueId: INVALID
[2022.01.31-16.48.21:247][963]LogNet: AddClientConnection: Added client connection: [UNetConnection] RemoteAddr: 127.0.0.1:57652, Name: IpConnection_2147482559, Driver: GameNetDriver IpNetDriver_2147482567, IsServer: YES, PC: NULL, Owner: NULL, UniqueId: INVALID
[2022.01.31-16.48.21:279][964]LogNet: NotifyAcceptingChannel Control 0 server World /Game/ThirdPersonCPP/Maps/ThirdPersonExampleMap.ThirdPersonExampleMap: Accepted
[2022.01.31-16.48.21:279][964]LogNet: Remote platform little endian=1
[2022.01.31-16.48.21:279][964]LogNet: This platform little endian=1
[2022.01.31-16.48.21:279][964]LogNetVersion: DedicatedServer 1.0.0.0, NetCL: 0, EngineNetVer: 17, GameNetVer: 0 (Checksum: 1377552191)
[2022.01.31-16.48.21:312][965]LogNet: Login request: ?Name=DESKTOP-P6G4D2C-858984F645258206C88E1088F37707E6 userId: NULL:DESKTOP-P6G4D2C-858984F645258206C88E1088F37707E6 platform: NULL
[2022.01.31-16.48.21:346][966]LogNet: Client netspeed is 100000
[2022.01.31-16.48.21:412][968]LogNet: Join request: /Game/ThirdPersonCPP/Maps/ThirdPersonExampleMap?Name=DESKTOP-P6G4D2C-858984F645258206C88E1088F37707E6?SplitscreenCount=1
[2022.01.31-16.48.21:412][968]LogOnlineSession: Warning: OSS: No game present to join for session (GameSession)
[2022.01.31-16.48.21:414][968]LogNet: Join succeeded: DESKTOP-P6G4D2C-8589
[2022.01.31-16.48.24:517][ 57]LogScript: Warning: Accessed None trying to read property Notify
	BP_Door_C /Game/ThirdPersonCPP/Maps/ThirdPersonExampleMap.ThirdPersonExampleMap:PersistentLevel.BP_Door_2
	Function /Game/Blueprints/BP_Door.BP_Door_C:OnRep_DoorStatus:000A
[2022.01.31-16.48.24:518][ 57]LogScript: Warning: Script call stack:
	Function /Game/ThirdPersonCPP/Blueprints/ThirdPersonCharacter.ThirdPersonCharacter_C:LineTrace
	Function /Game/ThirdPersonCPP/Blueprints/ThirdPersonCharacter.ThirdPersonCharacter_C:ExecuteUbergraph_ThirdPersonCharacter
	Function /Game/Blueprints/BP_Door.BP_Door_C:Interacted
	Function /Game/Blueprints/BP_Door.BP_Door_C:ExecuteUbergraph_BP_Door
	Function /Game/Blueprints/BP_Door.BP_Door_C:OnRep_DoorStatus

[2022.01.31-16.48.29:273][200]LogScript: Warning: Accessed None trying to read property Notify
	BP_Door_C /Game/ThirdPersonCPP/Maps/ThirdPersonExampleMap.ThirdPersonExampleMap:PersistentLevel.BP_Door_2
	Function /Game/Blueprints/BP_Door.BP_Door_C:OnRep_DoorStatus:000A
[2022.01.31-16.48.29:274][200]LogScript: Warning: Script call stack:
	Function /Game/ThirdPersonCPP/Blueprints/ThirdPersonCharacter.ThirdPersonCharacter_C:LineTrace
	Function /Game/ThirdPersonCPP/Blueprints/ThirdPersonCharacter.ThirdPersonCharacter_C:ExecuteUbergraph_ThirdPersonCharacter
	Function /Game/Blueprints/BP_Door.BP_Door_C:Interacted
	Function /Game/Blueprints/BP_Door.BP_Door_C:ExecuteUbergraph_BP_Door
	Function /Game/Blueprints/BP_Door.BP_Door_C:OnRep_DoorStatus

[2022.01.31-16.48.44:321][652]LogNet: UChannel::ReceivedSequencedBunch: Bunch.bClose == true. ChIndex == 0. Calling ConditionalCleanUp.
[2022.01.31-16.48.44:321][652]LogNet: UChannel::CleanUp: ChIndex == 0. Closing connection. [UChannel] ChIndex: 0, Closing: 0 [UNetConnection] RemoteAddr: 127.0.0.1:57652, Name: IpConnection_2147482559, Driver: GameNetDriver IpNetDriver_2147482567, IsServer: YES, PC: PlayerController_2147482555, Owner: PlayerController_2147482555, UniqueId: NULL:DESKTOP-P6G4D2C-858984F645258206C88E1088F37707E6
[2022.01.31-16.48.44:321][652]LogNet: UNetConnection::Close: [UNetConnection] RemoteAddr: 127.0.0.1:57652, Name: IpConnection_2147482559, Driver: GameNetDriver IpNetDriver_2147482567, IsServer: YES, PC: PlayerController_2147482555, Owner: PlayerController_2147482555, UniqueId: NULL:DESKTOP-P6G4D2C-858984F645258206C88E1088F37707E6, Channels: 10, Time: 2022.01.31-16.48.44
[2022.01.31-16.48.44:321][652]LogNet: UChannel::Close: Sending CloseBunch. ChIndex == 0. Name: [UChannel] ChIndex: 0, Closing: 0 [UNetConnection] RemoteAddr: 127.0.0.1:57652, Name: IpConnection_2147482559, Driver: GameNetDriver IpNetDriver_2147482567, IsServer: YES, PC: PlayerController_2147482555, Owner: PlayerController_2147482555, UniqueId: NULL:DESKTOP-P6G4D2C-858984F645258206C88E1088F37707E6
[2022.01.31-16.48.44:322][652]LogOnlineSession: Warning: OSS: No game present to leave for session (GameSession)
[2022.01.31-16.49.19:556][710]LogNet: NotifyAcceptingConnection accepted from: 127.0.0.1:56522
[2022.01.31-16.49.19:556][710]LogHandshake: SendConnectChallenge. Timestamp: 90.299768, Cookie: 151189059217217063222255058078110213226255067159132076161170
[2022.01.31-16.49.19:589][711]LogNet: NotifyAcceptingConnection accepted from: 127.0.0.1:56522
[2022.01.31-16.49.19:589][711]LogHandshake: SendChallengeAck. InCookie: 151189059217217063222255058078110213226255067159132076161170
[2022.01.31-16.49.19:590][711]LogNet: Server accepting post-challenge connection from: 127.0.0.1:56522
[2022.01.31-16.49.19:592][711]PacketHandlerLog: Loaded PacketHandler component: Engine.EngineHandlerComponentFactory (StatelessConnectHandlerComponent)
[2022.01.31-16.49.19:592][711]LogNet: NotifyAcceptedConnection: Name: ThirdPersonExampleMap, TimeStamp: 01/31/22 19:49:19, [UNetConnection] RemoteAddr: 127.0.0.1:56522, Name: IpConnection_2147482530, Driver: GameNetDriver IpNetDriver_2147482567, IsServer: YES, PC: NULL, Owner: NULL, UniqueId: INVALID
[2022.01.31-16.49.19:593][711]LogNet: AddClientConnection: Added client connection: [UNetConnection] RemoteAddr: 127.0.0.1:56522, Name: IpConnection_2147482530, Driver: GameNetDriver IpNetDriver_2147482567, IsServer: YES, PC: NULL, Owner: NULL, UniqueId: INVALID
[2022.01.31-16.49.19:623][712]LogNet: NotifyAcceptingChannel Control 0 server World /Game/ThirdPersonCPP/Maps/ThirdPersonExampleMap.ThirdPersonExampleMap: Accepted
[2022.01.31-16.49.19:623][712]LogNet: Remote platform little endian=1
[2022.01.31-16.49.19:623][712]LogNet: This platform little endian=1
[2022.01.31-16.49.19:657][713]LogNet: Login request: ?Name=DESKTOP-P6G4D2C-FF96467943A448D5C92FEEB042C4211C userId: NULL:DESKTOP-P6G4D2C-FF96467943A448D5C92FEEB042C4211C platform: NULL
[2022.01.31-16.49.19:690][714]LogNet: Client netspeed is 100000
[2022.01.31-16.49.19:758][716]LogNet: Join request: /Game/ThirdPersonCPP/Maps/ThirdPersonExampleMap?Name=DESKTOP-P6G4D2C-FF96467943A448D5C92FEEB042C4211C?SplitscreenCount=1
[2022.01.31-16.49.19:758][716]LogOnlineSession: Warning: OSS: No game present to join for session (GameSession)
[2022.01.31-16.49.19:759][716]LogNet: Join succeeded: DESKTOP-P6G4D2C-FF96
[2022.01.31-16.49.45:827][500]LogNet: NotifyAcceptingConnection accepted from: 127.0.0.1:56799
[2022.01.31-16.49.45:827][500]LogHandshake: SendConnectChallenge. Timestamp: 116.571051, Cookie: 221218158009192016077190227107101134074053134017221225201182
[2022.01.31-16.49.45:860][501]LogNet: NotifyAcceptingConnection accepted from: 127.0.0.1:56799
[2022.01.31-16.49.45:860][501]LogHandshake: SendChallengeAck. InCookie: 221218158009192016077190227107101134074053134017221225201182
[2022.01.31-16.49.45:860][501]LogNet: Server accepting post-challenge connection from: 127.0.0.1:56799
[2022.01.31-16.49.45:861][501]PacketHandlerLog: Loaded PacketHandler component: Engine.EngineHandlerComponentFactory (StatelessConnectHandlerComponent)
[2022.01.31-16.49.45:861][501]LogNet: NotifyAcceptedConnection: Name: ThirdPersonExampleMap, TimeStamp: 01/31/22 19:49:45, [UNetConnection] RemoteAddr: 127.0.0.1:56799, Name: IpConnection_2147482502, Driver: GameNetDriver IpNetDriver_2147482567, IsServer: YES, PC: NULL, Owner: NULL, UniqueId: INVALID
[2022.01.31-16.49.45:861][501]LogNet: AddClientConnection: Added client connection: [UNetConnection] RemoteAddr: 127.0.0.1:56799, Name: IpConnection_2147482502, Driver: GameNetDriver IpNetDriver_2147482567, IsServer: YES, PC: NULL, Owner: NULL, UniqueId: INVALID
[2022.01.31-16.49.45:893][502]LogNet: NotifyAcceptingChannel Control 0 server World /Game/ThirdPersonCPP/Maps/ThirdPersonExampleMap.ThirdPersonExampleMap: Accepted
[2022.01.31-16.49.45:894][502]LogNet: Remote platform little endian=1
[2022.01.31-16.49.45:895][502]LogNet: This platform little endian=1
[2022.01.31-16.49.45:927][503]LogNet: Login request: ?Name=DESKTOP-P6G4D2C-0438EC494558E70638A52E8C0FDE1E1C userId: NULL:DESKTOP-P6G4D2C-0438EC494558E70638A52E8C0FDE1E1C platform: NULL
[2022.01.31-16.49.45:961][504]LogNet: Client netspeed is 100000
[2022.01.31-16.49.45:994][505]LogNet: Join request: /Game/ThirdPersonCPP/Maps/ThirdPersonExampleMap?Name=DESKTOP-P6G4D2C-0438EC494558E70638A52E8C0FDE1E1C?SplitscreenCount=1
[2022.01.31-16.49.45:994][505]LogOnlineSession: Warning: OSS: No game present to join for session (GameSession)
[2022.01.31-16.49.45:995][505]LogNet: Join succeeded: DESKTOP-P6G4D2C-0438
[2022.01.31-16.49.53:030][716]LogScript: Warning: Accessed None trying to read property Notify
	BP_Door_C /Game/ThirdPersonCPP/Maps/ThirdPersonExampleMap.ThirdPersonExampleMap:PersistentLevel.BP_Door_2
	Function /Game/Blueprints/BP_Door.BP_Door_C:OnRep_DoorStatus:000A
[2022.01.31-16.49.53:031][716]LogScript: Warning: Script call stack:
	Function /Game/ThirdPersonCPP/Blueprints/ThirdPersonCharacter.ThirdPersonCharacter_C:LineTrace
	Function /Game/ThirdPersonCPP/Blueprints/ThirdPersonCharacter.ThirdPersonCharacter_C:ExecuteUbergraph_ThirdPersonCharacter
	Function /Game/Blueprints/BP_Door.BP_Door_C:Interacted
	Function /Game/Blueprints/BP_Door.BP_Door_C:ExecuteUbergraph_BP_Door
	Function /Game/Blueprints/BP_Door.BP_Door_C:OnRep_DoorStatus

[2022.01.31-16.50.09:980][225]LogScript: Warning: Accessed None trying to read property Notify
	BP_Door_C /Game/ThirdPersonCPP/Maps/ThirdPersonExampleMap.ThirdPersonExampleMap:PersistentLevel.BP_Door_2
	Function /Game/Blueprints/BP_Door.BP_Door_C:OnRep_DoorStatus:000A
[2022.01.31-16.50.09:982][225]LogScript: Warning: Script call stack:
	Function /Game/ThirdPersonCPP/Blueprints/ThirdPersonCharacter.ThirdPersonCharacter_C:LineTrace
	Function /Game/ThirdPersonCPP/Blueprints/ThirdPersonCharacter.ThirdPersonCharacter_C:ExecuteUbergraph_ThirdPersonCharacter
	Function /Game/Blueprints/BP_Door.BP_Door_C:Interacted
	Function /Game/Blueprints/BP_Door.BP_Door_C:ExecuteUbergraph_BP_Door
	Function /Game/Blueprints/BP_Door.BP_Door_C:OnRep_DoorStatus

[2022.01.31-16.50.11:380][267]LogScript: Warning: Accessed None trying to read property Notify
	BP_Door_C /Game/ThirdPersonCPP/Maps/ThirdPersonExampleMap.ThirdPersonExampleMap:PersistentLevel.BP_Door_2
	Function /Game/Blueprints/BP_Door.BP_Door_C:OnRep_DoorStatus:000A
[2022.01.31-16.50.11:381][267]LogScript: Warning: Script call stack:
	Function /Game/ThirdPersonCPP/Blueprints/ThirdPersonCharacter.ThirdPersonCharacter_C:LineTrace
	Function /Game/ThirdPersonCPP/Blueprints/ThirdPersonCharacter.ThirdPersonCharacter_C:ExecuteUbergraph_ThirdPersonCharacter
	Function /Game/Blueprints/BP_Door.BP_Door_C:Interacted
	Function /Game/Blueprints/BP_Door.BP_Door_C:ExecuteUbergraph_BP_Door
	Function /Game/Blueprints/BP_Door.BP_Door_C:OnRep_DoorStatus

[2022.01.31-16.50.12:812][310]LogScript: Warning: Accessed None trying to read property Notify
	BP_Door_C /Game/ThirdPersonCPP/Maps/ThirdPersonExampleMap.ThirdPersonExampleMap:PersistentLevel.BP_Door_2
	Function /Game/Blueprints/BP_Door.BP_Door_C:OnRep_DoorStatus:000A
[2022.01.31-16.50.12:814][310]LogScript: Warning: Script call stack:
	Function /Game/ThirdPersonCPP/Blueprints/ThirdPersonCharacter.ThirdPersonCharacter_C:LineTrace
	Function /Game/ThirdPersonCPP/Blueprints/ThirdPersonCharacter.ThirdPersonCharacter_C:ExecuteUbergraph_ThirdPersonCharacter
	Function /Game/Blueprints/BP_Door.BP_Door_C:Interacted
	Function /Game/Blueprints/BP_Door.BP_Door_C:ExecuteUbergraph_BP_Door
	Function /Game/Blueprints/BP_Door.BP_Door_C:OnRep_DoorStatus

[2022.01.31-16.50.44:415][260]LogScript: Warning: Accessed None trying to read property Notify
	BP_Door_C /Game/ThirdPersonCPP/Maps/ThirdPersonExampleMap.ThirdPersonExampleMap:PersistentLevel.BP_Door_2
	Function /Game/Blueprints/BP_Door.BP_Door_C:OnRep_DoorStatus:000A
[2022.01.31-16.50.44:417][260]LogScript: Warning: Script call stack:
	Function /Game/ThirdPersonCPP/Blueprints/ThirdPersonCharacter.ThirdPersonCharacter_C:LineTrace
	Function /Game/ThirdPersonCPP/Blueprints/ThirdPersonCharacter.ThirdPersonCharacter_C:ExecuteUbergraph_ThirdPersonCharacter
	Function /Game/Blueprints/BP_Door.BP_Door_C:Interacted
	Function /Game/Blueprints/BP_Door.BP_Door_C:ExecuteUbergraph_BP_Door
	Function /Game/Blueprints/BP_Door.BP_Door_C:OnRep_DoorStatus

[2022.01.31-16.51.05:295][887]LogScript: Warning: Accessed None trying to read property Notify
	BP_Door_C /Game/ThirdPersonCPP/Maps/ThirdPersonExampleMap.ThirdPersonExampleMap:PersistentLevel.BP_Door_2
	Function /Game/Blueprints/BP_Door.BP_Door_C:OnRep_DoorStatus:000A
[2022.01.31-16.51.05:296][887]LogScript: Warning: Script call stack:
	Function /Game/ThirdPersonCPP/Blueprints/ThirdPersonCharacter.ThirdPersonCharacter_C:LineTrace
	Function /Game/ThirdPersonCPP/Blueprints/ThirdPersonCharacter.ThirdPersonCharacter_C:ExecuteUbergraph_ThirdPersonCharacter
	Function /Game/Blueprints/BP_Door.BP_Door_C:Interacted
	Function /Game/Blueprints/BP_Door.BP_Door_C:ExecuteUbergraph_BP_Door
	Function /Game/Blueprints/BP_Door.BP_Door_C:OnRep_DoorStatus

[2022.01.31-16.51.07:937][966]LogScript: Warning: Accessed None trying to read property Notify
	BP_Door_C /Game/ThirdPersonCPP/Maps/ThirdPersonExampleMap.ThirdPersonExampleMap:PersistentLevel.BP_Door_2
	Function /Game/Blueprints/BP_Door.BP_Door_C:OnRep_DoorStatus:000A
[2022.01.31-16.51.07:938][966]LogScript: Warning: Script call stack:
	Function /Game/ThirdPersonCPP/Blueprints/ThirdPersonCharacter.ThirdPersonCharacter_C:LineTrace
	Function /Game/ThirdPersonCPP/Blueprints/ThirdPersonCharacter.ThirdPersonCharacter_C:ExecuteUbergraph_ThirdPersonCharacter
	Function /Game/Blueprints/BP_Door.BP_Door_C:Interacted
	Function /Game/Blueprints/BP_Door.BP_Door_C:ExecuteUbergraph_BP_Door
	Function /Game/Blueprints/BP_Door.BP_Door_C:OnRep_DoorStatus

[2022.01.31-16.51.31:920][687]LogScript: Warning: Accessed None trying to read property Notify
	BP_Door_C /Game/ThirdPersonCPP/Maps/ThirdPersonExampleMap.ThirdPersonExampleMap:PersistentLevel.BP_Door_2
	Function /Game/Blueprints/BP_Door.BP_Door_C:OnRep_DoorStatus:000A
[2022.01.31-16.51.31:920][687]LogScript: Warning: Script call stack:
	Function /Game/ThirdPersonCPP/Blueprints/ThirdPersonCharacter.ThirdPersonCharacter_C:LineTrace
	Function /Game/ThirdPersonCPP/Blueprints/ThirdPersonCharacter.ThirdPersonCharacter_C:ExecuteUbergraph_ThirdPersonCharacter
	Function /Game/Blueprints/BP_Door.BP_Door_C:Interacted
	Function /Game/Blueprints/BP_Door.BP_Door_C:ExecuteUbergraph_BP_Door
	Function /Game/Blueprints/BP_Door.BP_Door_C:OnRep_DoorStatus

[2022.01.31-16.51.34:719][771]LogScript: Warning: Accessed None trying to read property Notify
	BP_Door_C /Game/ThirdPersonCPP/Maps/ThirdPersonExampleMap.ThirdPersonExampleMap:PersistentLevel.BP_Door_2
	Function /Game/Blueprints/BP_Door.BP_Door_C:OnRep_DoorStatus:000A
[2022.01.31-16.51.34:720][771]LogScript: Warning: Script call stack:
	Function /Game/ThirdPersonCPP/Blueprints/ThirdPersonCharacter.ThirdPersonCharacter_C:LineTrace
	Function /Game/ThirdPersonCPP/Blueprints/ThirdPersonCharacter.ThirdPersonCharacter_C:ExecuteUbergraph_ThirdPersonCharacter
	Function /Game/Blueprints/BP_Door.BP_Door_C:Interacted
	Function /Game/Blueprints/BP_Door.BP_Door_C:ExecuteUbergraph_BP_Door
	Function /Game/Blueprints/BP_Door.BP_Door_C:OnRep_DoorStatus

[2022.01.31-16.51.36:215][816]LogScript: Warning: Accessed None trying to read property Notify
	BP_Door_C /Game/ThirdPersonCPP/Maps/ThirdPersonExampleMap.ThirdPersonExampleMap:PersistentLevel.BP_Door_2
	Function /Game/Blueprints/BP_Door.BP_Door_C:OnRep_DoorStatus:000A
[2022.01.31-16.51.36:216][816]LogScript: Warning: Script call stack:
	Function /Game/ThirdPersonCPP/Blueprints/ThirdPersonCharacter.ThirdPersonCharacter_C:LineTrace
	Function /Game/ThirdPersonCPP/Blueprints/ThirdPersonCharacter.ThirdPersonCharacter_C:ExecuteUbergraph_ThirdPersonCharacter
	Function /Game/Blueprints/BP_Door.BP_Door_C:Interacted
	Function /Game/Blueprints/BP_Door.BP_Door_C:ExecuteUbergraph_BP_Door
	Function /Game/Blueprints/BP_Door.BP_Door_C:OnRep_DoorStatus

[2022.01.31-16.51.37:778][863]LogScript: Warning: Accessed None trying to read property Notify
	BP_Door_C /Game/ThirdPersonCPP/Maps/ThirdPersonExampleMap.ThirdPersonExampleMap:PersistentLevel.BP_Door_2
	Function /Game/Blueprints/BP_Door.BP_Door_C:OnRep_DoorStatus:000A
[2022.01.31-16.51.37:779][863]LogScript: Warning: Script call stack:
	Function /Game/ThirdPersonCPP/Blueprints/ThirdPersonCharacter.ThirdPersonCharacter_C:LineTrace
	Function /Game/ThirdPersonCPP/Blueprints/ThirdPersonCharacter.ThirdPersonCharacter_C:ExecuteUbergraph_ThirdPersonCharacter
	Function /Game/Blueprints/BP_Door.BP_Door_C:Interacted
	Function /Game/Blueprints/BP_Door.BP_Door_C:ExecuteUbergraph_BP_Door
	Function /Game/Blueprints/BP_Door.BP_Door_C:OnRep_DoorStatus

[2022.01.31-16.51.39:412][912]LogScript: Warning: Accessed None trying to read property Notify
	BP_Door_C /Game/ThirdPersonCPP/Maps/ThirdPersonExampleMap.ThirdPersonExampleMap:PersistentLevel.BP_Door_2
	Function /Game/Blueprints/BP_Door.BP_Door_C:OnRep_DoorStatus:000A
[2022.01.31-16.51.39:413][912]LogScript: Warning: Script call stack:
	Function /Game/ThirdPersonCPP/Blueprints/ThirdPersonCharacter.ThirdPersonCharacter_C:LineTrace
	Function /Game/ThirdPersonCPP/Blueprints/ThirdPersonCharacter.ThirdPersonCharacter_C:ExecuteUbergraph_ThirdPersonCharacter
	Function /Game/Blueprints/BP_Door.BP_Door_C:Interacted
	Function /Game/Blueprints/BP_Door.BP_Door_C:ExecuteUbergraph_BP_Door
	Function /Game/Blueprints/BP_Door.BP_Door_C:OnRep_DoorStatus

[2022.01.31-16.51.45:745][102]LogScript: Warning: Accessed None trying to read property Notify
	BP_Door_C /Game/ThirdPersonCPP/Maps/ThirdPersonExampleMap.ThirdPersonExampleMap:PersistentLevel.BP_Door_2
	Function /Game/Blueprints/BP_Door.BP_Door_C:OnRep_DoorStatus:000A
[2022.01.31-16.51.45:746][102]LogScript: Warning: Script call stack:
	Function /Game/ThirdPersonCPP/Blueprints/ThirdPersonCharacter.ThirdPersonCharacter_C:LineTrace
	Function /Game/ThirdPersonCPP/Blueprints/ThirdPersonCharacter.ThirdPersonCharacter_C:ExecuteUbergraph_ThirdPersonCharacter
	Function /Game/Blueprints/BP_Door.BP_Door_C:Interacted
	Function /Game/Blueprints/BP_Door.BP_Door_C:ExecuteUbergraph_BP_Door
	Function /Game/Blueprints/BP_Door.BP_Door_C:OnRep_DoorStatus

[2022.01.31-16.51.47:044][141]LogScript: Warning: Accessed None trying to read property Notify
	BP_Door_C /Game/ThirdPersonCPP/Maps/ThirdPersonExampleMap.ThirdPersonExampleMap:PersistentLevel.BP_Door_2
	Function /Game/Blueprints/BP_Door.BP_Door_C:OnRep_DoorStatus:000A
[2022.01.31-16.51.47:045][141]LogScript: Warning: Script call stack:
	Function /Game/ThirdPersonCPP/Blueprints/ThirdPersonCharacter.ThirdPersonCharacter_C:LineTrace
	Function /Game/ThirdPersonCPP/Blueprints/ThirdPersonCharacter.ThirdPersonCharacter_C:ExecuteUbergraph_ThirdPersonCharacter
	Function /Game/Blueprints/BP_Door.BP_Door_C:Interacted
	Function /Game/Blueprints/BP_Door.BP_Door_C:ExecuteUbergraph_BP_Door
	Function /Game/Blueprints/BP_Door.BP_Door_C:OnRep_DoorStatus

[2022.01.31-16.52.09:487][814]LogScript: Warning: Accessed None trying to read property Notify
	BP_Door_C /Game/ThirdPersonCPP/Maps/ThirdPersonExampleMap.ThirdPersonExampleMap:PersistentLevel.BP_Door_2
	Function /Game/Blueprints/BP_Door.BP_Door_C:OnRep_DoorStatus:000A
[2022.01.31-16.52.09:488][814]LogScript: Warning: Script call stack:
	Function /Game/ThirdPersonCPP/Blueprints/ThirdPersonCharacter.ThirdPersonCharacter_C:LineTrace
	Function /Game/ThirdPersonCPP/Blueprints/ThirdPersonCharacter.ThirdPersonCharacter_C:ExecuteUbergraph_ThirdPersonCharacter
	Function /Game/Blueprints/BP_Door.BP_Door_C:Interacted
	Function /Game/Blueprints/BP_Door.BP_Door_C:ExecuteUbergraph_BP_Door
	Function /Game/Blueprints/BP_Door.BP_Door_C:OnRep_DoorStatus

[2022.01.31-16.52.42:965][820]LogNet: UChannel::ReceivedSequencedBunch: Bunch.bClose == true. ChIndex == 0. Calling ConditionalCleanUp.
[2022.01.31-16.52.42:965][820]LogNet: UChannel::CleanUp: ChIndex == 0. Closing connection. [UChannel] ChIndex: 0, Closing: 0 [UNetConnection] RemoteAddr: 127.0.0.1:56799, Name: IpConnection_2147482502, Driver: GameNetDriver IpNetDriver_2147482567, IsServer: YES, PC: PlayerController_2147482498, Owner: PlayerController_2147482498, UniqueId: NULL:DESKTOP-P6G4D2C-0438EC494558E70638A52E8C0FDE1E1C
[2022.01.31-16.52.42:966][820]LogNet: UNetConnection::Close: [UNetConnection] RemoteAddr: 127.0.0.1:56799, Name: IpConnection_2147482502, Driver: GameNetDriver IpNetDriver_2147482567, IsServer: YES, PC: PlayerController_2147482498, Owner: PlayerController_2147482498, UniqueId: NULL:DESKTOP-P6G4D2C-0438EC494558E70638A52E8C0FDE1E1C, Channels: 12, Time: 2022.01.31-16.52.42
[2022.01.31-16.52.42:967][820]LogNet: UChannel::Close: Sending CloseBunch. ChIndex == 0. Name: [UChannel] ChIndex: 0, Closing: 0 [UNetConnection] RemoteAddr: 127.0.0.1:56799, Name: IpConnection_2147482502, Driver: GameNetDriver IpNetDriver_2147482567, IsServer: YES, PC: PlayerController_2147482498, Owner: PlayerController_2147482498, UniqueId: NULL:DESKTOP-P6G4D2C-0438EC494558E70638A52E8C0FDE1E1C
[2022.01.31-16.52.42:968][820]LogOnlineSession: Warning: OSS: No game present to leave for session (GameSession)
[2022.01.31-16.52.42:997][821]LogNet: UChannel::ReceivedSequencedBunch: Bunch.bClose == true. ChIndex == 0. Calling ConditionalCleanUp.
[2022.01.31-16.52.42:997][821]LogNet: UChannel::CleanUp: ChIndex == 0. Closing connection. [UChannel] ChIndex: 0, Closing: 0 [UNetConnection] RemoteAddr: 127.0.0.1:56522, Name: IpConnection_2147482530, Driver: GameNetDriver IpNetDriver_2147482567, IsServer: YES, PC: PlayerController_2147482526, Owner: PlayerController_2147482526, UniqueId: NULL:DESKTOP-P6G4D2C-FF96467943A448D5C92FEEB042C4211C
[2022.01.31-16.52.42:997][821]LogNet: UNetConnection::Close: [UNetConnection] RemoteAddr: 127.0.0.1:56522, Name: IpConnection_2147482530, Driver: GameNetDriver IpNetDriver_2147482567, IsServer: YES, PC: PlayerController_2147482526, Owner: PlayerController_2147482526, UniqueId: NULL:DESKTOP-P6G4D2C-FF96467943A448D5C92FEEB042C4211C, Channels: 11, Time: 2022.01.31-16.52.42
[2022.01.31-16.52.42:998][821]LogNet: UChannel::Close: Sending CloseBunch. ChIndex == 0. Name: [UChannel] ChIndex: 0, Closing: 0 [UNetConnection] RemoteAddr: 127.0.0.1:56522, Name: IpConnection_2147482530, Driver: GameNetDriver IpNetDriver_2147482567, IsServer: YES, PC: PlayerController_2147482526, Owner: PlayerController_2147482526, UniqueId: NULL:DESKTOP-P6G4D2C-FF96467943A448D5C92FEEB042C4211C
[2022.01.31-16.52.42:998][821]LogOnlineSession: Warning: OSS: No game present to leave for session (GameSession)
