Log file open, 01/31/22 22:35:47
LogWindows: Failed to load 'aqProf.dll' (GetLastError=126)
LogWindows: File 'aqProf.dll' does not exist
LogWindows: Failed to load 'VtuneApi.dll' (GetLastError=126)
LogWindows: File 'VtuneApi.dll' does not exist
LogWindows: Failed to load 'VtuneApi32e.dll' (GetLastError=126)
LogWindows: File 'VtuneApi32e.dll' does not exist
LogConsoleResponse: Display: Failed to find resolution value strings in scalability ini. Falling back to default.
LogConsoleResponse: Display: Failed to find resolution value strings in scalability ini. Falling back to default.
LogPakFile: Display: Found Pak file ../../../DedicatedServer/Content/Paks/DedicatedServer-WindowsServer.pak attempting to mount.
LogPakFile: Display: Mounting pak file ../../../DedicatedServer/Content/Paks/DedicatedServer-WindowsServer.pak.
LogPakFile: PakFile PrimaryIndexSize=24390
LogPakFile: PakFile PathHashIndexSize=45691
LogPakFile: PakFile FullDirectoryIndexSize=58401
LogShaderLibrary: Display: ShaderCodeLibraryPakFileMountedCallback: PakFile '../../../DedicatedServer/Content/Paks/DedicatedServer-WindowsServer.pak' (chunk index -1, root '../../../') mounted
LogShaderLibrary: Display: ShaderCodeLibraryPakFileMountedCallback: pending pak file info (ChunkID:-1 Root:../../../ File:../../../DedicatedServer/Content/Paks/DedicatedServer-WindowsServer.pak)
LogPakFile: OnPakFileMounted2Time == 0.000029
LogPlatformFile: Not using cached read wrapper
LogTaskGraph: Started task graph with 5 named threads and 9 total threads with 1 sets of task threads.
LogStats: Stats thread started at 0.078092
LogICUInternationalization: ICU TimeZone Detection - Raw Offset: +3:00, Platform Override: ''
LogInit: Display: Loading text-based GConfig....
LogPluginManager: Mounting plugin Paper2D
LogPluginManager: Mounting plugin AISupport
LogPluginManager: Mounting plugin EnvironmentQueryEditor
LogPluginManager: Mounting plugin LightPropagationVolume
LogPluginManager: Mounting plugin CameraShakePreviewer
LogPluginManager: Mounting plugin GameplayCameras
LogPluginManager: Mounting plugin TemplateSequence
LogPluginManager: Mounting plugin LevelSequenceEditor
LogPluginManager: Mounting plugin OodleData
LogPluginManager: Mounting plugin OodleNetwork
LogPluginManager: Mounting plugin AnimationSharing
LogPluginManager: Mounting plugin SignificanceManager
LogPluginManager: Mounting plugin PluginUtils
LogPluginManager: Mounting plugin PropertyAccessEditor
LogPluginManager: Mounting plugin UObjectPlugin
LogPluginManager: Mounting plugin AssetManagerEditor
LogPluginManager: Mounting plugin FacialAnimation
LogPluginManager: Mounting plugin GeometryMode
LogPluginManager: Mounting plugin SpeedTreeImporter
LogPluginManager: Mounting plugin DatasmithContent
LogPluginManager: Mounting plugin VariantManagerContent
LogPluginManager: Mounting plugin AlembicImporter
LogPluginManager: Mounting plugin GeometryCache
LogPluginManager: Mounting plugin AutomationUtils
LogPluginManager: Mounting plugin ScreenshotTools
LogPluginManager: Mounting plugin BackChannel
LogPluginManager: Mounting plugin ChaosClothEditor
LogPluginManager: Mounting plugin ChaosCloth
LogPluginManager: Mounting plugin ChaosEditor
LogPluginManager: Mounting plugin PlanarCut
LogPluginManager: Mounting plugin GeometryProcessing
LogPluginManager: Mounting plugin EditableMesh
LogPluginManager: Mounting plugin GeometryCollectionPlugin
LogPluginManager: Mounting plugin ProceduralMeshComponent
LogPluginManager: Mounting plugin ChaosSolverPlugin
LogPluginManager: Mounting plugin ChaosNiagara
LogPluginManager: Mounting plugin Niagara
LogPluginManager: Mounting plugin PythonScriptPlugin
LogPluginManager: Mounting plugin CharacterAI
LogPluginManager: Mounting plugin MotoSynth
LogPluginManager: Mounting plugin OpenImageDenoise
LogPluginManager: Mounting plugin PlatformCrypto
LogPluginManager: Mounting plugin MagicLeapPassableWorld
LogPluginManager: Mounting plugin MagicLeap
LogPluginManager: Mounting plugin MLSDK
LogPluginManager: Mounting plugin MagicLeapLightEstimation
LogPluginManager: Mounting plugin AvfMedia
LogPluginManager: Mounting plugin ImgMedia
LogPluginManager: Mounting plugin MediaCompositing
LogPluginManager: Mounting plugin MeshPainting
LogPluginManager: Mounting plugin TcpMessaging
LogPluginManager: Mounting plugin UdpMessaging
LogPluginManager: Mounting plugin ActorSequence
LogPluginManager: Mounting plugin MatineeToLevelSequence
LogPluginManager: Mounting plugin OnlineSubsystemNull
LogPluginManager: Mounting plugin OnlineSubsystem
LogPluginManager: Mounting plugin OnlineSubsystemUtils
LogPluginManager: Mounting plugin LauncherChunkInstaller
LogPluginManager: Mounting plugin ActorLayerUtilities
LogPluginManager: Mounting plugin AndroidPermission
LogPluginManager: Mounting plugin AppleImageUtils
LogPluginManager: Mounting plugin ArchVisCharacter
LogPluginManager: Mounting plugin AssetTags
LogPluginManager: Mounting plugin AudioCapture
LogPluginManager: Mounting plugin CableComponent
LogPluginManager: Mounting plugin ChunkDownloader
LogPluginManager: Mounting plugin CustomMeshComponent
LogPluginManager: Mounting plugin ExampleDeviceProfileSelector
LogPluginManager: Mounting plugin GooglePAD
LogPluginManager: Mounting plugin LocationServicesBPLibrary
LogPluginManager: Mounting plugin MobilePatchingUtils
LogPluginManager: Mounting plugin OculusVR
LogPluginManager: Mounting plugin OpenXREyeTracker
LogPluginManager: Mounting plugin OpenXR
LogPluginManager: Mounting plugin OpenXRHandTracking
LogPluginManager: Mounting plugin LiveLink
LogPluginManager: Mounting plugin Takes
LogPluginManager: Mounting plugin PhysXVehicles
LogPluginManager: Mounting plugin RuntimePhysXCooking
LogPluginManager: Mounting plugin SoundFields
LogPluginManager: Mounting plugin SteamVR
LogPluginManager: Mounting plugin Synthesis
LogPluginManager: Mounting plugin AudioSynesthesia
LogPluginManager: Mounting plugin WindowsMoviePlayer
LogLuminAPIImpl: Warning: MLSDK not found.  This likely means the MLSDK environment variable is not set.
LogInit: Using libcurl 7.55.1-DEV
LogInit:  - built for x86_64-pc-win32
LogInit:  - supports SSL with OpenSSL/1.1.1
LogInit:  - supports HTTP deflate (compression) using libz 1.2.8
LogInit:  - other features:
LogInit:      CURL_VERSION_SSL
LogInit:      CURL_VERSION_LIBZ
LogInit:      CURL_VERSION_IPV6
LogInit:      CURL_VERSION_ASYNCHDNS
LogInit:      CURL_VERSION_LARGEFILE
LogInit:      CURL_VERSION_IDN
LogInit:  CurlRequestOptions (configurable via config and command line):
LogInit:  - bVerifyPeer = true  - Libcurl will verify peer certificate
LogInit:  - bUseHttpProxy = false  - Libcurl will NOT use HTTP proxy
LogInit:  - bDontReuseConnections = false  - Libcurl will reuse connections
LogInit:  - MaxHostConnections = 16  - Libcurl will limit the number of connections to a host
LogInit:  - LocalHostAddr = Default
LogInit:  - BufferSize = 65536
LogOnline: OSS: Creating online subsystem instance for: NULL
LogInit: WinSock: version 1.1 (2.2), MaxSocks=32767, MaxUdp=65467
LogOnline: OSS: TryLoadSubsystemAndSetDefault: Loaded subsystem for module [NULL]
LogInit: Build: ++UE4+Release-4.27-CL-0
LogInit: Engine Version: 4.27.1-0+++UE4+Release-4.27
LogInit: Compatible Engine Version: 4.27.0-0+++UE4+Release-4.27
LogInit: Net CL: 0
LogInit: OS: Windows 10 (Release 1809) (), CPU: Intel(R) Core(TM) i7-9750H CPU @ 2.60GHz, GPU: Intel(R) UHD Graphics 630
LogInit: Compiled (64-bit): Jan 30 2022 19:11:23
LogInit: Compiled with Visual C++: 19.29.30137.00
LogInit: Build Configuration: Development
LogInit: Branch Name: ++UE4+Release-4.27
LogInit: Command Line:  -log
LogInit: Base Directory: D:/Projects_Of_Mine/DedicatedServer/WindowsServer/DedicatedServer/Binaries/Win64/
LogInit: Allocator: binned2
LogInit: Installed Engine Build: 0
LogDevObjectVersion: Number of dev versions registered: 29
LogDevObjectVersion:   Dev-Blueprints (B0D832E4-1F89-4F0D-ACCF-7EB736FD4AA2): 10
LogDevObjectVersion:   Dev-Build (E1C64328-A22C-4D53-A36C-8E866417BD8C): 0
LogDevObjectVersion:   Dev-Core (375EC13C-06E4-48FB-B500-84F0262A717E): 4
LogDevObjectVersion:   Dev-Editor (E4B068ED-F494-42E9-A231-DA0B2E46BB41): 40
LogDevObjectVersion:   Dev-Framework (CFFC743F-43B0-4480-9391-14DF171D2073): 37
LogDevObjectVersion:   Dev-Mobile (B02B49B5-BB20-44E9-A304-32B752E40360): 3
LogDevObjectVersion:   Dev-Networking (A4E4105C-59A1-49B5-A7C5-40C4547EDFEE): 0
LogDevObjectVersion:   Dev-Online (39C831C9-5AE6-47DC-9A44-9C173E1C8E7C): 0
LogDevObjectVersion:   Dev-Physics (78F01B33-EBEA-4F98-B9B4-84EACCB95AA2): 14
LogDevObjectVersion:   Dev-Platform (6631380F-2D4D-43E0-8009-CF276956A95A): 0
LogDevObjectVersion:   Dev-Rendering (12F88B9F-8875-4AFC-A67C-D90C383ABD29): 45
LogDevObjectVersion:   Dev-Sequencer (7B5AE74C-D270-4C10-A958-57980B212A5A): 13
LogDevObjectVersion:   Dev-VR (D7296918-1DD6-4BDD-9DE2-64A83CC13884): 3
LogDevObjectVersion:   Dev-LoadTimes (C2A15278-BFE7-4AFE-6C17-90FF531DF755): 1
LogDevObjectVersion:   Private-Geometry (6EACA3D4-40EC-4CC1-B786-8BED09428FC5): 3
LogDevObjectVersion:   Dev-AnimPhys (29E575DD-E0A3-4627-9D10-D276232CDCEA): 17
LogDevObjectVersion:   Dev-Anim (AF43A65D-7FD3-4947-9873-3E8ED9C1BB05): 15
LogDevObjectVersion:   Dev-ReflectionCapture (6B266CEC-1EC7-4B8F-A30B-E4D90942FC07): 1
LogDevObjectVersion:   Dev-Automation (0DF73D61-A23F-47EA-B727-89E90C41499A): 1
LogDevObjectVersion:   FortniteMain (601D1886-AC64-4F84-AA16-D3DE0DEAC7D6): 47
LogDevObjectVersion:   FortniteRelease (E7086368-6B23-4C58-8439-1B7016265E91): 1
LogDevObjectVersion:   Dev-Enterprise (9DFFBCD6-494F-0158-E221-12823C92A888): 10
LogDevObjectVersion:   Dev-Niagara (F2AED0AC-9AFE-416F-8664-AA7FFA26D6FC): 1
LogDevObjectVersion:   Dev-Destruction (174F1F0B-B4C6-45A5-B13F-2EE8D0FB917D): 10
LogDevObjectVersion:   Dev-Physics-Ext (35F94A83-E258-406C-A318-09F59610247C): 41
LogDevObjectVersion:   Dev-PhysicsMaterial-Chaos (B68FC16E-8B1B-42E2-B453-215C058844FE): 1
LogDevObjectVersion:   Dev-CineCamera (B2E18506-4273-CFC2-A54E-F4BB758BBA07): 1
LogDevObjectVersion:   Dev-VirtualProduction (64F58936-FD1B-42BA-BA96-7289D5D0FA4E): 1
LogDevObjectVersion:   Dev-MediaFramework (6F0ED827-A609-4895-9C91-998D90180EA4): 2
LogInit: Presizing for max 2097152 objects, including 1 objects not considered by GC, pre-allocating 0 bytes for permanent pool.
LogConfig: Applying CVar settings from Section [/Script/Engine.StreamingSettings] File [../../../DedicatedServer/Saved/Config/WindowsServer/Engine.ini]
LogConfig: Setting CVar [[s.MinBulkDataSizeForAsyncLoading:131072]]
LogConfig: Setting CVar [[s.AsyncLoadingThreadEnabled:0]]
LogConfig: Setting CVar [[s.EventDrivenLoaderEnabled:1]]
LogConfig: Setting CVar [[s.WarnIfTimeLimitExceeded:0]]
LogConfig: Setting CVar [[s.TimeLimitExceededMultiplier:1.5]]
LogConfig: Setting CVar [[s.TimeLimitExceededMinTime:0.005]]
LogConfig: Setting CVar [[s.UseBackgroundLevelStreaming:1]]
LogConfig: Setting CVar [[s.PriorityAsyncLoadingExtraTime:15.0]]
LogConfig: Setting CVar [[s.LevelStreamingActorsUpdateTimeLimit:5.0]]
LogConfig: Setting CVar [[s.PriorityLevelStreamingActorsUpdateExtraTime:5.0]]
LogConfig: Setting CVar [[s.LevelStreamingComponentsRegistrationGranularity:10]]
LogConfig: Setting CVar [[s.UnregisterComponentsTimeLimit:1.0]]
LogConfig: Setting CVar [[s.LevelStreamingComponentsUnregistrationGranularity:5]]
LogConfig: Setting CVar [[s.FlushStreamingOnExit:1]]
LogStreaming: Display: Async Loading initialized: Event Driven Loader: true, Async Loading Thread: false, Async Post Load: false
LogInit: Object subsystem initialized
LogConfig: Setting CVar [[con.DebugEarlyDefault:1]]
LogConfig: Setting CVar [[r.setres:1280x720]]
LogConfig: Setting CVar [[fx.NiagaraAllowRuntimeScalabilityChanges:1]]
[2022.01.31-19.35.47:896][  0]LogConfig: Setting CVar [[con.DebugEarlyDefault:1]]
[2022.01.31-19.35.47:897][  0]LogConfig: Setting CVar [[r.setres:1280x720]]
[2022.01.31-19.35.47:897][  0]LogConfig: Setting CVar [[fx.NiagaraAllowRuntimeScalabilityChanges:1]]
[2022.01.31-19.35.47:897][  0]LogConfig: Applying CVar settings from Section [/Script/Engine.RendererSettings] File [../../../DedicatedServer/Saved/Config/WindowsServer/Engine.ini]
[2022.01.31-19.35.47:897][  0]LogConfig: Setting CVar [[r.GPUCrashDebugging:0]]
[2022.01.31-19.35.47:897][  0]LogConfig: Applying CVar settings from Section [/Script/Engine.RendererOverrideSettings] File [../../../DedicatedServer/Saved/Config/WindowsServer/Engine.ini]
[2022.01.31-19.35.47:898][  0]LogConfig: Applying CVar settings from Section [/Script/Engine.StreamingSettings] File [../../../DedicatedServer/Saved/Config/WindowsServer/Engine.ini]
[2022.01.31-19.35.47:898][  0]LogConfig: Setting CVar [[s.MinBulkDataSizeForAsyncLoading:131072]]
[2022.01.31-19.35.47:898][  0]LogConfig: Setting CVar [[s.AsyncLoadingThreadEnabled:0]]
[2022.01.31-19.35.47:898][  0]LogConfig: Setting CVar [[s.EventDrivenLoaderEnabled:1]]
[2022.01.31-19.35.47:898][  0]LogConfig: Setting CVar [[s.WarnIfTimeLimitExceeded:0]]
[2022.01.31-19.35.47:899][  0]LogConfig: Setting CVar [[s.TimeLimitExceededMultiplier:1.5]]
[2022.01.31-19.35.47:899][  0]LogConfig: Setting CVar [[s.TimeLimitExceededMinTime:0.005]]
[2022.01.31-19.35.47:899][  0]LogConfig: Setting CVar [[s.UseBackgroundLevelStreaming:1]]
[2022.01.31-19.35.47:899][  0]LogConfig: Setting CVar [[s.PriorityAsyncLoadingExtraTime:15.0]]
[2022.01.31-19.35.47:899][  0]LogConfig: Setting CVar [[s.LevelStreamingActorsUpdateTimeLimit:5.0]]
[2022.01.31-19.35.47:899][  0]LogConfig: Setting CVar [[s.PriorityLevelStreamingActorsUpdateExtraTime:5.0]]
[2022.01.31-19.35.47:900][  0]LogConfig: Setting CVar [[s.LevelStreamingComponentsRegistrationGranularity:10]]
[2022.01.31-19.35.47:900][  0]LogConfig: Setting CVar [[s.UnregisterComponentsTimeLimit:1.0]]
[2022.01.31-19.35.47:900][  0]LogConfig: Setting CVar [[s.LevelStreamingComponentsUnregistrationGranularity:5]]
[2022.01.31-19.35.47:900][  0]LogConfig: Setting CVar [[s.FlushStreamingOnExit:1]]
[2022.01.31-19.35.47:900][  0]LogConfig: Applying CVar settings from Section [/Script/Engine.GarbageCollectionSettings] File [../../../DedicatedServer/Saved/Config/WindowsServer/Engine.ini]
[2022.01.31-19.35.47:901][  0]LogConfig: Setting CVar [[gc.MaxObjectsNotConsideredByGC:1]]
[2022.01.31-19.35.47:901][  0]LogConfig: Setting CVar [[gc.SizeOfPermanentObjectPool:0]]
[2022.01.31-19.35.47:901][  0]LogConfig: Setting CVar [[gc.FlushStreamingOnGC:0]]
[2022.01.31-19.35.47:901][  0]LogConfig: Setting CVar [[gc.NumRetriesBeforeForcingGC:10]]
[2022.01.31-19.35.47:901][  0]LogConfig: Setting CVar [[gc.AllowParallelGC:1]]
[2022.01.31-19.35.47:902][  0]LogConfig: Setting CVar [[gc.TimeBetweenPurgingPendingKillObjects:61.1]]
[2022.01.31-19.35.47:904][  0]LogConfig: Setting CVar [[gc.MaxObjectsInEditor:25165824]]
[2022.01.31-19.35.47:904][  0]LogConfig: Setting CVar [[gc.IncrementalBeginDestroyEnabled:1]]
[2022.01.31-19.35.47:904][  0]LogConfig: Setting CVar [[gc.CreateGCClusters:1]]
[2022.01.31-19.35.47:904][  0]LogConfig: Setting CVar [[gc.MinGCClusterSize:5]]
[2022.01.31-19.35.47:904][  0]LogConfig: Setting CVar [[gc.ActorClusteringEnabled:0]]
[2022.01.31-19.35.47:904][  0]LogConfig: Setting CVar [[gc.BlueprintClusteringEnabled:0]]
[2022.01.31-19.35.47:905][  0]LogConfig: Setting CVar [[gc.UseDisregardForGCOnDedicatedServers:0]]
[2022.01.31-19.35.47:905][  0]LogConfig: Setting CVar [[gc.MultithreadedDestructionEnabled:1]]
[2022.01.31-19.35.47:905][  0]LogConfig: Applying CVar settings from Section [/Script/Engine.NetworkSettings] File [../../../DedicatedServer/Saved/Config/WindowsServer/Engine.ini]
[2022.01.31-19.35.47:905][  0]LogConfig: Applying CVar settings from Section [ViewDistanceQuality@3] File [../../../DedicatedServer/Saved/Config/WindowsServer/Scalability.ini]
[2022.01.31-19.35.47:906][  0]LogConfig: Setting CVar [[r.SkeletalMeshLODBias:0]]
[2022.01.31-19.35.47:906][  0]LogConfig: Setting CVar [[r.ViewDistanceScale:1.0]]
[2022.01.31-19.35.47:906][  0]LogConfig: Applying CVar settings from Section [AntiAliasingQuality@3] File [../../../DedicatedServer/Saved/Config/WindowsServer/Scalability.ini]
[2022.01.31-19.35.47:906][  0]LogConfig: Setting CVar [[r.PostProcessAAQuality:4]]
[2022.01.31-19.35.47:906][  0]LogConfig: Applying CVar settings from Section [ShadowQuality@3] File [../../../DedicatedServer/Saved/Config/WindowsServer/Scalability.ini]
[2022.01.31-19.35.47:906][  0]LogConfig: Setting CVar [[r.LightFunctionQuality:1]]
[2022.01.31-19.35.47:907][  0]LogConfig: Setting CVar [[r.ShadowQuality:5]]
[2022.01.31-19.35.47:907][  0]LogConfig: Setting CVar [[r.Shadow.CSM.MaxCascades:10]]
[2022.01.31-19.35.47:907][  0]LogConfig: Setting CVar [[r.Shadow.MaxResolution:2048]]
[2022.01.31-19.35.47:907][  0]LogConfig: Setting CVar [[r.Shadow.MaxCSMResolution:2048]]
[2022.01.31-19.35.47:907][  0]LogConfig: Setting CVar [[r.Shadow.RadiusThreshold:0.01]]
[2022.01.31-19.35.47:908][  0]LogConfig: Setting CVar [[r.Shadow.DistanceScale:1.0]]
[2022.01.31-19.35.47:908][  0]LogConfig: Setting CVar [[r.Shadow.CSM.TransitionScale:1.0]]
[2022.01.31-19.35.47:908][  0]LogConfig: Setting CVar [[r.Shadow.PreShadowResolutionFactor:1.0]]
[2022.01.31-19.35.47:908][  0]LogConfig: Setting CVar [[r.DistanceFieldShadowing:1]]
[2022.01.31-19.35.47:908][  0]LogConfig: Setting CVar [[r.DistanceFieldAO:1]]
[2022.01.31-19.35.47:908][  0]LogConfig: Setting CVar [[r.AOQuality:2]]
[2022.01.31-19.35.47:909][  0]LogConfig: Setting CVar [[r.VolumetricFog:1]]
[2022.01.31-19.35.47:909][  0]LogConfig: Setting CVar [[r.VolumetricFog.GridPixelSize:8]]
[2022.01.31-19.35.47:909][  0]LogConfig: Setting CVar [[r.VolumetricFog.GridSizeZ:128]]
[2022.01.31-19.35.47:909][  0]LogConfig: Setting CVar [[r.VolumetricFog.HistoryMissSupersampleCount:4]]
[2022.01.31-19.35.47:909][  0]LogConfig: Setting CVar [[r.LightMaxDrawDistanceScale:1]]
[2022.01.31-19.35.47:910][  0]LogConfig: Setting CVar [[r.CapsuleShadows:1]]
[2022.01.31-19.35.47:910][  0]LogConfig: Applying CVar settings from Section [PostProcessQuality@3] File [../../../DedicatedServer/Saved/Config/WindowsServer/Scalability.ini]
[2022.01.31-19.35.47:910][  0]LogConfig: Setting CVar [[r.MotionBlurQuality:4]]
[2022.01.31-19.35.47:910][  0]LogConfig: Setting CVar [[r.AmbientOcclusionMipLevelFactor:0.4]]
[2022.01.31-19.35.47:910][  0]LogConfig: Setting CVar [[r.AmbientOcclusionMaxQuality:100]]
[2022.01.31-19.35.47:910][  0]LogConfig: Setting CVar [[r.AmbientOcclusionLevels:-1]]
[2022.01.31-19.35.47:911][  0]LogConfig: Setting CVar [[r.AmbientOcclusionRadiusScale:1.0]]
[2022.01.31-19.35.47:911][  0]LogConfig: Setting CVar [[r.DepthOfFieldQuality:2]]
[2022.01.31-19.35.47:911][  0]LogConfig: Setting CVar [[r.RenderTargetPoolMin:400]]
[2022.01.31-19.35.47:911][  0]LogConfig: Setting CVar [[r.LensFlareQuality:2]]
[2022.01.31-19.35.47:911][  0]LogConfig: Setting CVar [[r.SceneColorFringeQuality:1]]
[2022.01.31-19.35.47:913][  0]LogConfig: Setting CVar [[r.EyeAdaptationQuality:2]]
[2022.01.31-19.35.47:913][  0]LogConfig: Setting CVar [[r.BloomQuality:5]]
[2022.01.31-19.35.47:913][  0]LogConfig: Setting CVar [[r.FastBlurThreshold:100]]
[2022.01.31-19.35.47:914][  0]LogConfig: Setting CVar [[r.Upscale.Quality:3]]
[2022.01.31-19.35.47:914][  0]LogConfig: Setting CVar [[r.Tonemapper.GrainQuantization:1]]
[2022.01.31-19.35.47:914][  0]LogConfig: Setting CVar [[r.LightShaftQuality:1]]
[2022.01.31-19.35.47:914][  0]LogConfig: Setting CVar [[r.Filter.SizeScale:1]]
[2022.01.31-19.35.47:914][  0]LogConfig: Setting CVar [[r.Tonemapper.Quality:5]]
[2022.01.31-19.35.47:914][  0]LogConfig: Setting CVar [[r.DOF.Gather.AccumulatorQuality:1        ; higher gathering accumulator quality]]
[2022.01.31-19.35.47:915][  0]LogConfig: Setting CVar [[r.DOF.Gather.PostfilterMethod:1          ; Median3x3 postfilering method]]
[2022.01.31-19.35.47:915][  0]LogConfig: Setting CVar [[r.DOF.Gather.EnableBokehSettings:0       ; no bokeh simulation when gathering]]
[2022.01.31-19.35.47:915][  0]LogConfig: Setting CVar [[r.DOF.Gather.RingCount:4                 ; medium number of samples when gathering]]
[2022.01.31-19.35.47:915][  0]LogConfig: Setting CVar [[r.DOF.Scatter.ForegroundCompositing:1    ; additive foreground scattering]]
[2022.01.31-19.35.47:915][  0]LogConfig: Setting CVar [[r.DOF.Scatter.BackgroundCompositing:2    ; additive background scattering]]
[2022.01.31-19.35.47:916][  0]LogConfig: Setting CVar [[r.DOF.Scatter.EnableBokehSettings:1      ; bokeh simulation when scattering]]
[2022.01.31-19.35.47:916][  0]LogConfig: Setting CVar [[r.DOF.Scatter.MaxSpriteRatio:0.1         ; only a maximum of 10% of scattered bokeh]]
[2022.01.31-19.35.47:916][  0]LogConfig: Setting CVar [[r.DOF.Recombine.Quality:1                ; cheap slight out of focus]]
[2022.01.31-19.35.47:916][  0]LogConfig: Setting CVar [[r.DOF.Recombine.EnableBokehSettings:0    ; no bokeh simulation on slight out of focus]]
[2022.01.31-19.35.47:916][  0]LogConfig: Setting CVar [[r.DOF.TemporalAAQuality:1                ; more stable temporal accumulation]]
[2022.01.31-19.35.47:917][  0]LogConfig: Setting CVar [[r.DOF.Kernel.MaxForegroundRadius:0.025]]
[2022.01.31-19.35.47:917][  0]LogConfig: Setting CVar [[r.DOF.Kernel.MaxBackgroundRadius:0.025]]
[2022.01.31-19.35.47:917][  0]LogConfig: Applying CVar settings from Section [TextureQuality@3] File [../../../DedicatedServer/Saved/Config/WindowsServer/Scalability.ini]
[2022.01.31-19.35.47:917][  0]LogConfig: Setting CVar [[r.Streaming.MipBias:0]]
[2022.01.31-19.35.47:917][  0]LogConfig: Setting CVar [[r.Streaming.AmortizeCPUToGPUCopy:0]]
[2022.01.31-19.35.47:918][  0]LogConfig: Setting CVar [[r.Streaming.MaxNumTexturesToStreamPerFrame:0]]
[2022.01.31-19.35.47:918][  0]LogConfig: Setting CVar [[r.Streaming.Boost:1]]
[2022.01.31-19.35.47:918][  0]LogConfig: Setting CVar [[r.MaxAnisotropy:8]]
[2022.01.31-19.35.47:918][  0]LogConfig: Setting CVar [[r.VT.MaxAnisotropy:8]]
[2022.01.31-19.35.47:918][  0]LogConfig: Setting CVar [[r.Streaming.LimitPoolSizeToVRAM:0]]
[2022.01.31-19.35.47:918][  0]LogConfig: Setting CVar [[r.Streaming.PoolSize:1000]]
[2022.01.31-19.35.47:919][  0]LogConfig: Setting CVar [[r.Streaming.MaxEffectiveScreenSize:0]]
[2022.01.31-19.35.47:919][  0]LogConfig: Applying CVar settings from Section [EffectsQuality@3] File [../../../DedicatedServer/Saved/Config/WindowsServer/Scalability.ini]
[2022.01.31-19.35.47:919][  0]LogConfig: Setting CVar [[r.TranslucencyLightingVolumeDim:64]]
[2022.01.31-19.35.47:919][  0]LogConfig: Setting CVar [[r.RefractionQuality:2]]
[2022.01.31-19.35.47:919][  0]LogConfig: Setting CVar [[r.SSR.Quality:3]]
[2022.01.31-19.35.47:920][  0]LogConfig: Setting CVar [[r.SSR.HalfResSceneColor:0]]
[2022.01.31-19.35.47:920][  0]LogConfig: Setting CVar [[r.SceneColorFormat:4]]
[2022.01.31-19.35.47:920][  0]LogConfig: Setting CVar [[r.DetailMode:2]]
[2022.01.31-19.35.47:920][  0]LogConfig: Setting CVar [[r.TranslucencyVolumeBlur:1]]
[2022.01.31-19.35.47:920][  0]LogConfig: Setting CVar [[r.MaterialQualityLevel:1 ; High quality]]
[2022.01.31-19.35.47:921][  0]LogConfig: Setting CVar [[r.AnisotropicMaterials:1]]
[2022.01.31-19.35.47:921][  0]LogConfig: Setting CVar [[r.SSS.Scale:1]]
[2022.01.31-19.35.47:921][  0]LogConfig: Setting CVar [[r.SSS.SampleSet:2]]
[2022.01.31-19.35.47:921][  0]LogConfig: Setting CVar [[r.SSS.Quality:1]]
[2022.01.31-19.35.47:921][  0]LogConfig: Setting CVar [[r.SSS.HalfRes:0]]
[2022.01.31-19.35.47:921][  0]LogConfig: Setting CVar [[r.SSGI.Quality:3]]
[2022.01.31-19.35.47:923][  0]LogConfig: Setting CVar [[r.EmitterSpawnRateScale:1.0]]
[2022.01.31-19.35.47:923][  0]LogConfig: Setting CVar [[r.ParticleLightQuality:2]]
[2022.01.31-19.35.47:923][  0]LogConfig: Setting CVar [[r.SkyAtmosphere.AerialPerspectiveLUT.FastApplyOnOpaque:1 ; Always have FastSkyLUT 1 in this case to avoid wrong sky]]
[2022.01.31-19.35.47:924][  0]LogConfig: Setting CVar [[r.SkyAtmosphere.AerialPerspectiveLUT.SampleCountMaxPerSlice:4]]
[2022.01.31-19.35.47:924][  0]LogConfig: Setting CVar [[r.SkyAtmosphere.AerialPerspectiveLUT.DepthResolution:16.0]]
[2022.01.31-19.35.47:924][  0]LogConfig: Setting CVar [[r.SkyAtmosphere.FastSkyLUT:1]]
[2022.01.31-19.35.47:924][  0]LogConfig: Setting CVar [[r.SkyAtmosphere.FastSkyLUT.SampleCountMin:4.0]]
[2022.01.31-19.35.47:924][  0]LogConfig: Setting CVar [[r.SkyAtmosphere.FastSkyLUT.SampleCountMax:128.0]]
[2022.01.31-19.35.47:925][  0]LogConfig: Setting CVar [[r.SkyAtmosphere.SampleCountMin:4.0]]
[2022.01.31-19.35.47:925][  0]LogConfig: Setting CVar [[r.SkyAtmosphere.SampleCountMax:128.0]]
[2022.01.31-19.35.47:925][  0]LogConfig: Setting CVar [[r.SkyAtmosphere.TransmittanceLUT.UseSmallFormat:0]]
[2022.01.31-19.35.47:925][  0]LogConfig: Setting CVar [[r.SkyAtmosphere.TransmittanceLUT.SampleCount:10.0]]
[2022.01.31-19.35.47:925][  0]LogConfig: Setting CVar [[r.SkyAtmosphere.MultiScatteringLUT.SampleCount:15.0]]
[2022.01.31-19.35.47:925][  0]LogConfig: Setting CVar [[r.SkyLight.RealTimeReflectionCapture:1]]
[2022.01.31-19.35.47:926][  0]LogConfig: Setting CVar [[fx.Niagara.QualityLevel:3]]
[2022.01.31-19.35.47:926][  0]LogConfig: Applying CVar settings from Section [FoliageQuality@3] File [../../../DedicatedServer/Saved/Config/WindowsServer/Scalability.ini]
[2022.01.31-19.35.47:926][  0]LogConfig: Setting CVar [[foliage.DensityScale:1.0]]
[2022.01.31-19.35.47:926][  0]LogConfig: Setting CVar [[grass.DensityScale:1.0]]
[2022.01.31-19.35.47:926][  0]LogConfig: Applying CVar settings from Section [ShadingQuality@3] File [../../../DedicatedServer/Saved/Config/WindowsServer/Scalability.ini]
[2022.01.31-19.35.47:927][  0]LogConfig: Setting CVar [[r.HairStrands.SkyLighting.IntegrationType:2]]
[2022.01.31-19.35.47:927][  0]LogConfig: Setting CVar [[r.HairStrands.SkyAO.SampleCount:4]]
[2022.01.31-19.35.47:927][  0]LogConfig: Setting CVar [[r.HairStrands.Visibility.MSAA.SamplePerPixel:4]]
[2022.01.31-19.35.47:927][  0]LogInit: Selected Device Profile: [WindowsServer]
[2022.01.31-19.35.47:927][  0]LogInit: Applying CVar settings loaded from the selected device profile: [WindowsServer]
[2022.01.31-19.35.47:928][  0]LogHAL: Display: Platform has ~ 32 GB [34163515392 / 34359738368 / 32], which maps to Largest [LargestMinGB=32, LargerMinGB=12, DefaultMinGB=8, SmallerMinGB=6, SmallestMinGB=0)
[2022.01.31-19.35.47:928][  0]LogInit: Going up to parent DeviceProfile [Windows]
[2022.01.31-19.35.47:928][  0]LogInit: Going up to parent DeviceProfile []
[2022.01.31-19.35.47:928][  0]LogConfig: Applying CVar settings from Section [ViewDistanceQuality@3] File [../../../DedicatedServer/Saved/Config/WindowsServer/Scalability.ini]
[2022.01.31-19.35.47:928][  0]LogConfig: Setting CVar [[r.SkeletalMeshLODBias:0]]
[2022.01.31-19.35.47:929][  0]LogConfig: Setting CVar [[r.ViewDistanceScale:1.0]]
[2022.01.31-19.35.47:929][  0]LogConfig: Applying CVar settings from Section [AntiAliasingQuality@3] File [../../../DedicatedServer/Saved/Config/WindowsServer/Scalability.ini]
[2022.01.31-19.35.47:929][  0]LogConfig: Setting CVar [[r.PostProcessAAQuality:4]]
[2022.01.31-19.35.47:929][  0]LogConfig: Applying CVar settings from Section [ShadowQuality@3] File [../../../DedicatedServer/Saved/Config/WindowsServer/Scalability.ini]
[2022.01.31-19.35.47:929][  0]LogConfig: Setting CVar [[r.LightFunctionQuality:1]]
[2022.01.31-19.35.47:930][  0]LogConfig: Setting CVar [[r.ShadowQuality:5]]
[2022.01.31-19.35.47:930][  0]LogConfig: Setting CVar [[r.Shadow.CSM.MaxCascades:10]]
[2022.01.31-19.35.47:930][  0]LogConfig: Setting CVar [[r.Shadow.MaxResolution:2048]]
[2022.01.31-19.35.47:930][  0]LogConfig: Setting CVar [[r.Shadow.MaxCSMResolution:2048]]
[2022.01.31-19.35.47:930][  0]LogConfig: Setting CVar [[r.Shadow.RadiusThreshold:0.01]]
[2022.01.31-19.35.47:930][  0]LogConfig: Setting CVar [[r.Shadow.DistanceScale:1.0]]
[2022.01.31-19.35.47:931][  0]LogConfig: Setting CVar [[r.Shadow.CSM.TransitionScale:1.0]]
[2022.01.31-19.35.47:931][  0]LogConfig: Setting CVar [[r.Shadow.PreShadowResolutionFactor:1.0]]
[2022.01.31-19.35.47:931][  0]LogConfig: Setting CVar [[r.DistanceFieldShadowing:1]]
[2022.01.31-19.35.47:931][  0]LogConfig: Setting CVar [[r.DistanceFieldAO:1]]
[2022.01.31-19.35.47:931][  0]LogConfig: Setting CVar [[r.AOQuality:2]]
[2022.01.31-19.35.47:933][  0]LogConfig: Setting CVar [[r.VolumetricFog:1]]
[2022.01.31-19.35.47:933][  0]LogConfig: Setting CVar [[r.VolumetricFog.GridPixelSize:8]]
[2022.01.31-19.35.47:933][  0]LogConfig: Setting CVar [[r.VolumetricFog.GridSizeZ:128]]
[2022.01.31-19.35.47:933][  0]LogConfig: Setting CVar [[r.VolumetricFog.HistoryMissSupersampleCount:4]]
[2022.01.31-19.35.47:934][  0]LogConfig: Setting CVar [[r.LightMaxDrawDistanceScale:1]]
[2022.01.31-19.35.47:934][  0]LogConfig: Setting CVar [[r.CapsuleShadows:1]]
[2022.01.31-19.35.47:934][  0]LogConfig: Applying CVar settings from Section [PostProcessQuality@3] File [../../../DedicatedServer/Saved/Config/WindowsServer/Scalability.ini]
[2022.01.31-19.35.47:934][  0]LogConfig: Setting CVar [[r.MotionBlurQuality:4]]
[2022.01.31-19.35.47:934][  0]LogConfig: Setting CVar [[r.AmbientOcclusionMipLevelFactor:0.4]]
[2022.01.31-19.35.47:935][  0]LogConfig: Setting CVar [[r.AmbientOcclusionMaxQuality:100]]
[2022.01.31-19.35.47:935][  0]LogConfig: Setting CVar [[r.AmbientOcclusionLevels:-1]]
[2022.01.31-19.35.47:935][  0]LogConfig: Setting CVar [[r.AmbientOcclusionRadiusScale:1.0]]
[2022.01.31-19.35.47:935][  0]LogConfig: Setting CVar [[r.DepthOfFieldQuality:2]]
[2022.01.31-19.35.47:935][  0]LogConfig: Setting CVar [[r.RenderTargetPoolMin:400]]
[2022.01.31-19.35.47:936][  0]LogConfig: Setting CVar [[r.LensFlareQuality:2]]
[2022.01.31-19.35.47:936][  0]LogConfig: Setting CVar [[r.SceneColorFringeQuality:1]]
[2022.01.31-19.35.47:936][  0]LogConfig: Setting CVar [[r.EyeAdaptationQuality:2]]
[2022.01.31-19.35.47:936][  0]LogConfig: Setting CVar [[r.BloomQuality:5]]
[2022.01.31-19.35.47:936][  0]LogConfig: Setting CVar [[r.FastBlurThreshold:100]]
[2022.01.31-19.35.47:936][  0]LogConfig: Setting CVar [[r.Upscale.Quality:3]]
[2022.01.31-19.35.47:936][  0]LogConfig: Setting CVar [[r.Tonemapper.GrainQuantization:1]]
[2022.01.31-19.35.47:937][  0]LogConfig: Setting CVar [[r.LightShaftQuality:1]]
[2022.01.31-19.35.47:937][  0]LogConfig: Setting CVar [[r.Filter.SizeScale:1]]
[2022.01.31-19.35.47:937][  0]LogConfig: Setting CVar [[r.Tonemapper.Quality:5]]
[2022.01.31-19.35.47:937][  0]LogConfig: Setting CVar [[r.DOF.Gather.AccumulatorQuality:1        ; higher gathering accumulator quality]]
[2022.01.31-19.35.47:937][  0]LogConfig: Setting CVar [[r.DOF.Gather.PostfilterMethod:1          ; Median3x3 postfilering method]]
[2022.01.31-19.35.47:938][  0]LogConfig: Setting CVar [[r.DOF.Gather.EnableBokehSettings:0       ; no bokeh simulation when gathering]]
[2022.01.31-19.35.47:938][  0]LogConfig: Setting CVar [[r.DOF.Gather.RingCount:4                 ; medium number of samples when gathering]]
[2022.01.31-19.35.47:938][  0]LogConfig: Setting CVar [[r.DOF.Scatter.ForegroundCompositing:1    ; additive foreground scattering]]
[2022.01.31-19.35.47:938][  0]LogConfig: Setting CVar [[r.DOF.Scatter.BackgroundCompositing:2    ; additive background scattering]]
[2022.01.31-19.35.47:938][  0]LogConfig: Setting CVar [[r.DOF.Scatter.EnableBokehSettings:1      ; bokeh simulation when scattering]]
[2022.01.31-19.35.47:939][  0]LogConfig: Setting CVar [[r.DOF.Scatter.MaxSpriteRatio:0.1         ; only a maximum of 10% of scattered bokeh]]
[2022.01.31-19.35.47:939][  0]LogConfig: Setting CVar [[r.DOF.Recombine.Quality:1                ; cheap slight out of focus]]
[2022.01.31-19.35.47:939][  0]LogConfig: Setting CVar [[r.DOF.Recombine.EnableBokehSettings:0    ; no bokeh simulation on slight out of focus]]
[2022.01.31-19.35.47:939][  0]LogConfig: Setting CVar [[r.DOF.TemporalAAQuality:1                ; more stable temporal accumulation]]
[2022.01.31-19.35.47:939][  0]LogConfig: Setting CVar [[r.DOF.Kernel.MaxForegroundRadius:0.025]]
[2022.01.31-19.35.47:940][  0]LogConfig: Setting CVar [[r.DOF.Kernel.MaxBackgroundRadius:0.025]]
[2022.01.31-19.35.47:940][  0]LogConfig: Applying CVar settings from Section [TextureQuality@3] File [../../../DedicatedServer/Saved/Config/WindowsServer/Scalability.ini]
[2022.01.31-19.35.47:940][  0]LogConfig: Setting CVar [[r.Streaming.MipBias:0]]
[2022.01.31-19.35.47:940][  0]LogConfig: Setting CVar [[r.Streaming.AmortizeCPUToGPUCopy:0]]
[2022.01.31-19.35.47:940][  0]LogConfig: Setting CVar [[r.Streaming.MaxNumTexturesToStreamPerFrame:0]]
[2022.01.31-19.35.47:941][  0]LogConfig: Setting CVar [[r.Streaming.Boost:1]]
[2022.01.31-19.35.47:941][  0]LogConfig: Setting CVar [[r.MaxAnisotropy:8]]
[2022.01.31-19.35.47:941][  0]LogConfig: Setting CVar [[r.VT.MaxAnisotropy:8]]
[2022.01.31-19.35.47:941][  0]LogConfig: Setting CVar [[r.Streaming.LimitPoolSizeToVRAM:0]]
[2022.01.31-19.35.47:941][  0]LogConfig: Setting CVar [[r.Streaming.PoolSize:1000]]
[2022.01.31-19.35.47:941][  0]LogConfig: Setting CVar [[r.Streaming.MaxEffectiveScreenSize:0]]
[2022.01.31-19.35.47:942][  0]LogConfig: Applying CVar settings from Section [EffectsQuality@3] File [../../../DedicatedServer/Saved/Config/WindowsServer/Scalability.ini]
[2022.01.31-19.35.47:943][  0]LogConfig: Setting CVar [[r.TranslucencyLightingVolumeDim:64]]
[2022.01.31-19.35.47:943][  0]LogConfig: Setting CVar [[r.RefractionQuality:2]]
[2022.01.31-19.35.47:944][  0]LogConfig: Setting CVar [[r.SSR.Quality:3]]
[2022.01.31-19.35.47:944][  0]LogConfig: Setting CVar [[r.SSR.HalfResSceneColor:0]]
[2022.01.31-19.35.47:944][  0]LogConfig: Setting CVar [[r.SceneColorFormat:4]]
[2022.01.31-19.35.47:944][  0]LogConfig: Setting CVar [[r.DetailMode:2]]
[2022.01.31-19.35.47:944][  0]LogConfig: Setting CVar [[r.TranslucencyVolumeBlur:1]]
[2022.01.31-19.35.47:945][  0]LogConfig: Setting CVar [[r.MaterialQualityLevel:1 ; High quality]]
[2022.01.31-19.35.47:945][  0]LogConfig: Setting CVar [[r.AnisotropicMaterials:1]]
[2022.01.31-19.35.47:945][  0]LogConfig: Setting CVar [[r.SSS.Scale:1]]
[2022.01.31-19.35.47:945][  0]LogConfig: Setting CVar [[r.SSS.SampleSet:2]]
[2022.01.31-19.35.47:945][  0]LogConfig: Setting CVar [[r.SSS.Quality:1]]
[2022.01.31-19.35.47:945][  0]LogConfig: Setting CVar [[r.SSS.HalfRes:0]]
[2022.01.31-19.35.47:946][  0]LogConfig: Setting CVar [[r.SSGI.Quality:3]]
[2022.01.31-19.35.47:946][  0]LogConfig: Setting CVar [[r.EmitterSpawnRateScale:1.0]]
[2022.01.31-19.35.47:946][  0]LogConfig: Setting CVar [[r.ParticleLightQuality:2]]
[2022.01.31-19.35.47:946][  0]LogConfig: Setting CVar [[r.SkyAtmosphere.AerialPerspectiveLUT.FastApplyOnOpaque:1 ; Always have FastSkyLUT 1 in this case to avoid wrong sky]]
[2022.01.31-19.35.47:946][  0]LogConfig: Setting CVar [[r.SkyAtmosphere.AerialPerspectiveLUT.SampleCountMaxPerSlice:4]]
[2022.01.31-19.35.47:947][  0]LogConfig: Setting CVar [[r.SkyAtmosphere.AerialPerspectiveLUT.DepthResolution:16.0]]
[2022.01.31-19.35.47:947][  0]LogConfig: Setting CVar [[r.SkyAtmosphere.FastSkyLUT:1]]
[2022.01.31-19.35.47:947][  0]LogConfig: Setting CVar [[r.SkyAtmosphere.FastSkyLUT.SampleCountMin:4.0]]
[2022.01.31-19.35.47:947][  0]LogConfig: Setting CVar [[r.SkyAtmosphere.FastSkyLUT.SampleCountMax:128.0]]
[2022.01.31-19.35.47:947][  0]LogConfig: Setting CVar [[r.SkyAtmosphere.SampleCountMin:4.0]]
[2022.01.31-19.35.47:947][  0]LogConfig: Setting CVar [[r.SkyAtmosphere.SampleCountMax:128.0]]
[2022.01.31-19.35.47:948][  0]LogConfig: Setting CVar [[r.SkyAtmosphere.TransmittanceLUT.UseSmallFormat:0]]
[2022.01.31-19.35.47:948][  0]LogConfig: Setting CVar [[r.SkyAtmosphere.TransmittanceLUT.SampleCount:10.0]]
[2022.01.31-19.35.47:948][  0]LogConfig: Setting CVar [[r.SkyAtmosphere.MultiScatteringLUT.SampleCount:15.0]]
[2022.01.31-19.35.47:948][  0]LogConfig: Setting CVar [[r.SkyLight.RealTimeReflectionCapture:1]]
[2022.01.31-19.35.47:948][  0]LogConfig: Setting CVar [[fx.Niagara.QualityLevel:3]]
[2022.01.31-19.35.47:948][  0]LogConfig: Applying CVar settings from Section [FoliageQuality@3] File [../../../DedicatedServer/Saved/Config/WindowsServer/Scalability.ini]
[2022.01.31-19.35.47:948][  0]LogConfig: Setting CVar [[foliage.DensityScale:1.0]]
[2022.01.31-19.35.47:948][  0]LogConfig: Setting CVar [[grass.DensityScale:1.0]]
[2022.01.31-19.35.47:949][  0]LogConfig: Applying CVar settings from Section [ShadingQuality@3] File [../../../DedicatedServer/Saved/Config/WindowsServer/Scalability.ini]
[2022.01.31-19.35.47:949][  0]LogConfig: Setting CVar [[r.HairStrands.SkyLighting.IntegrationType:2]]
[2022.01.31-19.35.47:949][  0]LogConfig: Setting CVar [[r.HairStrands.SkyAO.SampleCount:4]]
[2022.01.31-19.35.47:949][  0]LogConfig: Setting CVar [[r.HairStrands.Visibility.MSAA.SamplePerPixel:4]]
[2022.01.31-19.35.47:949][  0]LogConfig: Applying CVar settings from Section [Startup] File [../../../Engine/Config/ConsoleVariables.ini]
[2022.01.31-19.35.47:950][  0]LogConfig: Setting CVar [[net.UseAdaptiveNetUpdateFrequency:0]]
[2022.01.31-19.35.47:950][  0]LogConfig: Setting CVar [[p.chaos.AllowCreatePhysxBodies:1]]
[2022.01.31-19.35.47:950][  0]LogConfig: Setting CVar [[fx.SkipVectorVMBackendOptimizations:1]]
[2022.01.31-19.35.47:950][  0]LogConfig: Applying CVar settings from Section [ConsoleVariables] File [../../../DedicatedServer/Saved/Config/WindowsServer/Engine.ini]
[2022.01.31-19.35.47:950][  0]LogInit: Computer: DESKTOP-P6G4D2C
[2022.01.31-19.35.47:951][  0]LogInit: User: User
[2022.01.31-19.35.47:951][  0]LogInit: CPU Page size=4096, Cores=6
[2022.01.31-19.35.47:951][  0]LogInit: High frequency timer resolution =10.000000 MHz
[2022.01.31-19.35.47:951][  0]LogMemory: Memory total: Physical=31.8GB (32GB approx)
[2022.01.31-19.35.47:951][  0]LogMemory: Platform Memory Stats for WindowsServer
[2022.01.31-19.35.47:951][  0]LogMemory: Process Physical Memory: 73.89 MB used, 73.90 MB peak
[2022.01.31-19.35.47:952][  0]LogMemory: Process Virtual Memory: 75.56 MB used, 75.56 MB peak
[2022.01.31-19.35.47:953][  0]LogMemory: Physical Memory: 7397.19 MB used,  25183.68 MB free, 32580.87 MB total
[2022.01.31-19.35.47:953][  0]LogMemory: Virtual Memory: 134189080.00 MB used,  28645.46 MB free, 134217728.00 MB total
[2022.01.31-19.35.47:957][  0]LogWindows: WindowsPlatformFeatures disabled or dedicated server build
[2022.01.31-19.35.47:971][  0]LogInit: Physics initialised using underlying interface: PhysX
[2022.01.31-19.35.47:971][  0]LogInit: Using OS detected language (ru-RU).
[2022.01.31-19.35.47:971][  0]LogInit: Using OS detected locale (ru-RU).
[2022.01.31-19.35.47:972][  0]LogTextLocalizationManager: No localization for 'ru-RU' exists, so 'en' will be used for the language.
[2022.01.31-19.35.47:972][  0]LogTextLocalizationManager: No localization for 'ru-RU' exists, so 'en' will be used for the locale.
[2022.01.31-19.35.47:991][  0]LogRendererCore: Ray tracing is disabled. Reason: r.RayTracing=0.
[2022.01.31-19.35.47:991][  0]LogODSC: ODSC Thread active.
[2022.01.31-19.35.47:997][  0]LogInit: Using OS detected language (ru-RU).
[2022.01.31-19.35.47:997][  0]LogInit: Using OS detected locale (ru-RU).
[2022.01.31-19.35.47:997][  0]LogTextLocalizationManager: No localization for 'ru-RU' exists, so 'en' will be used for the language.
[2022.01.31-19.35.47:998][  0]LogTextLocalizationManager: No localization for 'ru-RU' exists, so 'en' will be used for the locale.
[2022.01.31-19.35.47:999][  0]LogAssetRegistry: FAssetRegistry took 0.0005 seconds to start up
[2022.01.31-19.35.48:052][  0]LogTextLocalizationManager: Compacting localization data took   0.56ms
[2022.01.31-19.35.48:053][  0]LogStreaming: Display: FlushAsyncLoading: 1 QueuedPackages, 0 AsyncPackages
[2022.01.31-19.35.48:053][  0]LogPackageLocalizationCache: Processed 26 localized package path(s) for 1 prioritized culture(s) in 0.000048 seconds
[2022.01.31-19.35.48:053][  0]LogPakFile: New pak file ../../../DedicatedServer/Content/Paks/DedicatedServer-WindowsServer.pak added to pak precacher.
[2022.01.31-19.35.48:054][  0]LogInit: Selected Device Profile: [WindowsServer]
[2022.01.31-19.35.48:055][  0]LogInit: Active device profile: [00000203CEB72B00][00000203CB2ADB70 49] WindowsServer
[2022.01.31-19.35.48:055][  0]LogInit: Profiles: [00000203CEB72C80][00000203CD3C6DC0 49] Windows, [00000203CEB72B00][00000203CB2ADB70 49] WindowsServer, 
[2022.01.31-19.35.48:061][  0]LogSerialization: Display: AllowBulkDataInIoStore: 'true'
[2022.01.31-19.35.48:066][  0]LogNetVersion: DedicatedServer 1.0.0, NetCL: 0, EngineNetVer: 17, GameNetVer: 0 (Checksum: 1551992059)
[2022.01.31-19.35.48:083][  0]LogAudioCaptureCore: Display: No Audio Capture implementations found. Audio input will be silent.
[2022.01.31-19.35.48:083][  0]LogAudioCaptureCore: Display: No Audio Capture implementations found. Audio input will be silent.
[2022.01.31-19.35.48:084][  0]LogHMD: PokeAHoleMaterial loaded successfully
[2022.01.31-19.35.48:102][  0]LogUObjectArray: 15882 objects as part of root set at end of initial load.
[2022.01.31-19.35.48:103][  0]LogUObjectAllocator: 3262488 out of 0 bytes used by permanent object pool.
[2022.01.31-19.35.48:103][  0]LogUObjectArray: CloseDisregardForGC: 15882/0 objects in disregard for GC pool
[2022.01.31-19.35.48:117][  0]LogNiagaraDebuggerClient: Niagara Debugger Client Initialized | Session: 50E0378A4BCF8FBC0BEBE9855D1C302A | Instance: BC0E52284E5CD51F98DD5CBAE450869D (DESKTOP-P6G4D2C-14364).
[2022.01.31-19.35.48:119][  0]LogAndroidPermission: UAndroidPermissionCallbackProxy::GetInstance
[2022.01.31-19.35.48:119][  0]LogOcInput: OculusInput pre-init called
[2022.01.31-19.35.48:124][  0]LogEngine: Initializing Engine...
[2022.01.31-19.35.48:125][  0]LogStats: UGameplayTagsManager::InitializeManager -  0.000 s
[2022.01.31-19.35.48:130][  0]LogInit: Initializing FReadOnlyCVARCache
[2022.01.31-19.35.48:130][  0]LogNetVersion: Set ProjectVersion to 1.0.0.0. Version Checksum will be recalculated on next use.
[2022.01.31-19.35.48:130][  0]LogInit: Texture streaming: Disabled
[2022.01.31-19.35.48:142][  0]LogInit: Display: Game Engine Initialized.
[2022.01.31-19.35.48:143][  0]LogInit: Display: Starting Game.
[2022.01.31-19.35.48:143][  0]LogNet: Browse: /Game/ThirdPersonCPP/Maps/ThirdPersonExampleMap?Name=Player
[2022.01.31-19.35.48:143][  0]LogLoad: LoadMap: /Game/ThirdPersonCPP/Maps/ThirdPersonExampleMap?Name=Player
[2022.01.31-19.35.48:143][  0]LogWorld: BeginTearingDown for /Temp/Untitled_0
[2022.01.31-19.35.48:146][  0]LogWorld: UWorld::CleanupWorld for Untitled, bSessionEnded=true, bCleanupResources=true
[2022.01.31-19.35.48:147][  0]LogUObjectHash: Compacting FUObjectHashTables data took   0.54ms
[2022.01.31-19.35.48:161][  0]LogAIModule: Creating AISystem for world ThirdPersonExampleMap
[2022.01.31-19.35.48:161][  0]LogLoad: Game class is 'DedicatedServerGameMode'
[2022.01.31-19.35.48:162][  0]LogNet: ReplicationDriverClass is null! Not using ReplicationDriver.
[2022.01.31-19.35.48:162][  0]LogNetCore: DDoS detection status: detection enabled: 0 analytics enabled: 0
[2022.01.31-19.35.48:162][  0]LogInit: WinSock: Socket queue. Rx: 131072 (config 131072) Tx: 131072 (config 131072)
[2022.01.31-19.35.48:163][  0]LogNet: Created socket for bind address: 0.0.0.0 on port 7777
[2022.01.31-19.35.48:163][  0]PacketHandlerLog: Loaded PacketHandler component: Engine.EngineHandlerComponentFactory (StatelessConnectHandlerComponent)
[2022.01.31-19.35.48:163][  0]LogNet: GameNetDriver IpNetDriver_2147482567 IpNetDriver listening on port 7777
[2022.01.31-19.35.48:164][  0]LogWorld: Bringing World /Game/ThirdPersonCPP/Maps/ThirdPersonExampleMap.ThirdPersonExampleMap up for play (max tick rate 30) at 2022.01.31-22.35.48
[2022.01.31-19.35.48:164][  0]LogWorld: Bringing up level for play took: 0.000609
[2022.01.31-19.35.48:164][  0]LogLoad: Took 0.022135 seconds to LoadMap(/Game/ThirdPersonCPP/Maps/ThirdPersonExampleMap)
[2022.01.31-19.35.48:164][  0]LogPakFile: AllPaks IndexSizes: DirectoryHashSize=205864, PathHashSize=16, EntriesSize=32752, TotalSize=238632
[2022.01.31-19.35.48:164][  0]LogInit: Display: Engine is initialized. Leaving FEngineLoop::Init()
[2022.01.31-19.35.48:165][  0]LogLoad: (Engine Initialization) Total time: 0.56 seconds
[2022.01.31-19.36.49:526][844]LogNet: NotifyAcceptingConnection accepted from: 127.0.0.1:50232
[2022.01.31-19.36.49:526][844]LogHandshake: SendConnectChallenge. Timestamp: 61.360415, Cookie: 184109033224246232151232223047002099000029114215138012255215
[2022.01.31-19.36.49:560][845]LogNet: NotifyAcceptingConnection accepted from: 127.0.0.1:50232
[2022.01.31-19.36.49:560][845]LogHandshake: SendChallengeAck. InCookie: 184109033224246232151232223047002099000029114215138012255215
[2022.01.31-19.36.49:560][845]LogNet: Server accepting post-challenge connection from: 127.0.0.1:50232
[2022.01.31-19.36.49:560][845]PacketHandlerLog: Loaded PacketHandler component: Engine.EngineHandlerComponentFactory (StatelessConnectHandlerComponent)
[2022.01.31-19.36.49:560][845]LogNet: NotifyAcceptedConnection: Name: ThirdPersonExampleMap, TimeStamp: 01/31/22 22:36:49, [UNetConnection] RemoteAddr: 127.0.0.1:50232, Name: IpConnection_2147482559, Driver: GameNetDriver IpNetDriver_2147482567, IsServer: YES, PC: NULL, Owner: NULL, UniqueId: INVALID
[2022.01.31-19.36.49:561][845]LogNet: AddClientConnection: Added client connection: [UNetConnection] RemoteAddr: 127.0.0.1:50232, Name: IpConnection_2147482559, Driver: GameNetDriver IpNetDriver_2147482567, IsServer: YES, PC: NULL, Owner: NULL, UniqueId: INVALID
[2022.01.31-19.36.49:593][846]LogNet: NotifyAcceptingChannel Control 0 server World /Game/ThirdPersonCPP/Maps/ThirdPersonExampleMap.ThirdPersonExampleMap: Accepted
[2022.01.31-19.36.49:593][846]LogNet: Remote platform little endian=1
[2022.01.31-19.36.49:593][846]LogNet: This platform little endian=1
[2022.01.31-19.36.49:593][846]LogNetVersion: DedicatedServer 1.0.0.0, NetCL: 0, EngineNetVer: 17, GameNetVer: 0 (Checksum: 1377552191)
[2022.01.31-19.36.49:627][847]LogNet: Login request: ?Name=DESKTOP-P6G4D2C-F3C70E9C44C9FB27474F16A373CE58A7 userId: NULL:DESKTOP-P6G4D2C-F3C70E9C44C9FB27474F16A373CE58A7 platform: NULL
[2022.01.31-19.36.49:660][848]LogNet: Client netspeed is 100000
[2022.01.31-19.36.49:693][849]LogNet: Join request: /Game/ThirdPersonCPP/Maps/ThirdPersonExampleMap?Name=DESKTOP-P6G4D2C-F3C70E9C44C9FB27474F16A373CE58A7?SplitscreenCount=1
[2022.01.31-19.36.49:693][849]LogOnlineSession: Warning: OSS: No game present to join for session (GameSession)
[2022.01.31-19.36.49:695][849]LogNet: Join succeeded: DESKTOP-P6G4D2C-F3C7
[2022.01.31-19.37.14:972][610]LogNet: NotifyAcceptingConnection accepted from: 127.0.0.1:56443
[2022.01.31-19.37.14:972][610]LogHandshake: SendConnectChallenge. Timestamp: 86.806356, Cookie: 000235043066095003136002221059141237085157105047238080206123
[2022.01.31-19.37.15:005][611]LogNet: NotifyAcceptingConnection accepted from: 127.0.0.1:56443
[2022.01.31-19.37.15:005][611]LogHandshake: SendChallengeAck. InCookie: 000235043066095003136002221059141237085157105047238080206123
[2022.01.31-19.37.15:005][611]LogNet: Server accepting post-challenge connection from: 127.0.0.1:56443
[2022.01.31-19.37.15:006][611]PacketHandlerLog: Loaded PacketHandler component: Engine.EngineHandlerComponentFactory (StatelessConnectHandlerComponent)
[2022.01.31-19.37.15:006][611]LogNet: NotifyAcceptedConnection: Name: ThirdPersonExampleMap, TimeStamp: 01/31/22 22:37:15, [UNetConnection] RemoteAddr: 127.0.0.1:56443, Name: IpConnection_2147482530, Driver: GameNetDriver IpNetDriver_2147482567, IsServer: YES, PC: NULL, Owner: NULL, UniqueId: INVALID
[2022.01.31-19.37.15:006][611]LogNet: AddClientConnection: Added client connection: [UNetConnection] RemoteAddr: 127.0.0.1:56443, Name: IpConnection_2147482530, Driver: GameNetDriver IpNetDriver_2147482567, IsServer: YES, PC: NULL, Owner: NULL, UniqueId: INVALID
[2022.01.31-19.37.15:038][612]LogNet: NotifyAcceptingChannel Control 0 server World /Game/ThirdPersonCPP/Maps/ThirdPersonExampleMap.ThirdPersonExampleMap: Accepted
[2022.01.31-19.37.15:038][612]LogNet: Remote platform little endian=1
[2022.01.31-19.37.15:038][612]LogNet: This platform little endian=1
[2022.01.31-19.37.15:071][613]LogNet: Login request: ?Name=DESKTOP-P6G4D2C-64CA20244E5D36E65F1958A26CDD4FA9 userId: NULL:DESKTOP-P6G4D2C-64CA20244E5D36E65F1958A26CDD4FA9 platform: NULL
[2022.01.31-19.37.15:104][614]LogNet: Client netspeed is 100000
[2022.01.31-19.37.15:137][615]LogNet: Join request: /Game/ThirdPersonCPP/Maps/ThirdPersonExampleMap?Name=DESKTOP-P6G4D2C-64CA20244E5D36E65F1958A26CDD4FA9?SplitscreenCount=1
[2022.01.31-19.37.15:137][615]LogOnlineSession: Warning: OSS: No game present to join for session (GameSession)
[2022.01.31-19.37.15:138][615]LogNet: Join succeeded: DESKTOP-P6G4D2C-64CA
[2022.01.31-19.37.27:254][979]LogScript: Warning: Accessed None trying to read property Notify
	BP_Door_C /Game/ThirdPersonCPP/Maps/ThirdPersonExampleMap.ThirdPersonExampleMap:PersistentLevel.BP_Door_2
	Function /Game/Blueprints/BP_Door.BP_Door_C:OnRep_DoorStatus:000A
[2022.01.31-19.37.27:256][979]LogScript: Warning: Script call stack:
	Function /Game/ThirdPersonCPP/Blueprints/ThirdPersonCharacter.ThirdPersonCharacter_C:LineTrace
	Function /Game/ThirdPersonCPP/Blueprints/ThirdPersonCharacter.ThirdPersonCharacter_C:ExecuteUbergraph_ThirdPersonCharacter
	Function /Game/Blueprints/BP_Door.BP_Door_C:Interacted
	Function /Game/Blueprints/BP_Door.BP_Door_C:ExecuteUbergraph_BP_Door
	Function /Game/Blueprints/BP_Door.BP_Door_C:OnRep_DoorStatus

[2022.01.31-19.37.43:006][452]LogScript: Warning: Accessed None trying to read property Notify
	BP_Door_C /Game/ThirdPersonCPP/Maps/ThirdPersonExampleMap.ThirdPersonExampleMap:PersistentLevel.BP_Door_2
	Function /Game/Blueprints/BP_Door.BP_Door_C:OnRep_DoorStatus:000A
[2022.01.31-19.37.43:007][452]LogScript: Warning: Script call stack:
	Function /Game/ThirdPersonCPP/Blueprints/ThirdPersonCharacter.ThirdPersonCharacter_C:LineTrace
	Function /Game/ThirdPersonCPP/Blueprints/ThirdPersonCharacter.ThirdPersonCharacter_C:ExecuteUbergraph_ThirdPersonCharacter
	Function /Game/Blueprints/BP_Door.BP_Door_C:Interacted
	Function /Game/Blueprints/BP_Door.BP_Door_C:ExecuteUbergraph_BP_Door
	Function /Game/Blueprints/BP_Door.BP_Door_C:OnRep_DoorStatus

[2022.01.31-19.38.10:622][281]LogScript: Warning: Accessed None trying to read property Notify
	BP_Door_C /Game/ThirdPersonCPP/Maps/ThirdPersonExampleMap.ThirdPersonExampleMap:PersistentLevel.BP_Door_2
	Function /Game/Blueprints/BP_Door.BP_Door_C:OnRep_DoorStatus:000A
[2022.01.31-19.38.10:623][281]LogScript: Warning: Script call stack:
	Function /Game/ThirdPersonCPP/Blueprints/ThirdPersonCharacter.ThirdPersonCharacter_C:LineTrace
	Function /Game/ThirdPersonCPP/Blueprints/ThirdPersonCharacter.ThirdPersonCharacter_C:ExecuteUbergraph_ThirdPersonCharacter
	Function /Game/Blueprints/BP_Door.BP_Door_C:Interacted
	Function /Game/Blueprints/BP_Door.BP_Door_C:ExecuteUbergraph_BP_Door
	Function /Game/Blueprints/BP_Door.BP_Door_C:OnRep_DoorStatus

[2022.01.31-19.38.16:183][448]LogScript: Warning: Accessed None trying to read property Notify
	BP_Door_C /Game/ThirdPersonCPP/Maps/ThirdPersonExampleMap.ThirdPersonExampleMap:PersistentLevel.BP_Door_2
	Function /Game/Blueprints/BP_Door.BP_Door_C:OnRep_DoorStatus:000A
[2022.01.31-19.38.16:184][448]LogScript: Warning: Script call stack:
	Function /Game/ThirdPersonCPP/Blueprints/ThirdPersonCharacter.ThirdPersonCharacter_C:LineTrace
	Function /Game/ThirdPersonCPP/Blueprints/ThirdPersonCharacter.ThirdPersonCharacter_C:ExecuteUbergraph_ThirdPersonCharacter
	Function /Game/Blueprints/BP_Door.BP_Door_C:Interacted
	Function /Game/Blueprints/BP_Door.BP_Door_C:ExecuteUbergraph_BP_Door
	Function /Game/Blueprints/BP_Door.BP_Door_C:OnRep_DoorStatus

[2022.01.31-19.38.17:816][497]LogScript: Warning: Accessed None trying to read property Notify
	BP_Door_C /Game/ThirdPersonCPP/Maps/ThirdPersonExampleMap.ThirdPersonExampleMap:PersistentLevel.BP_Door_2
	Function /Game/Blueprints/BP_Door.BP_Door_C:OnRep_DoorStatus:000A
[2022.01.31-19.38.17:817][497]LogScript: Warning: Script call stack:
	Function /Game/ThirdPersonCPP/Blueprints/ThirdPersonCharacter.ThirdPersonCharacter_C:LineTrace
	Function /Game/ThirdPersonCPP/Blueprints/ThirdPersonCharacter.ThirdPersonCharacter_C:ExecuteUbergraph_ThirdPersonCharacter
	Function /Game/Blueprints/BP_Door.BP_Door_C:Interacted
	Function /Game/Blueprints/BP_Door.BP_Door_C:ExecuteUbergraph_BP_Door
	Function /Game/Blueprints/BP_Door.BP_Door_C:OnRep_DoorStatus

[2022.01.31-19.38.25:278][721]LogScript: Warning: Accessed None trying to read property Notify
	BP_Door_C /Game/ThirdPersonCPP/Maps/ThirdPersonExampleMap.ThirdPersonExampleMap:PersistentLevel.BP_Door_2
	Function /Game/Blueprints/BP_Door.BP_Door_C:OnRep_DoorStatus:000A
[2022.01.31-19.38.25:279][721]LogScript: Warning: Script call stack:
	Function /Game/ThirdPersonCPP/Blueprints/ThirdPersonCharacter.ThirdPersonCharacter_C:LineTrace
	Function /Game/ThirdPersonCPP/Blueprints/ThirdPersonCharacter.ThirdPersonCharacter_C:ExecuteUbergraph_ThirdPersonCharacter
	Function /Game/Blueprints/BP_Door.BP_Door_C:Interacted
	Function /Game/Blueprints/BP_Door.BP_Door_C:ExecuteUbergraph_BP_Door
	Function /Game/Blueprints/BP_Door.BP_Door_C:OnRep_DoorStatus

[2022.01.31-19.38.33:172][958]LogScript: Warning: Accessed None trying to read property Notify
	BP_Door_C /Game/ThirdPersonCPP/Maps/ThirdPersonExampleMap.ThirdPersonExampleMap:PersistentLevel.BP_Door_2
	Function /Game/Blueprints/BP_Door.BP_Door_C:OnRep_DoorStatus:000A
[2022.01.31-19.38.33:173][958]LogScript: Warning: Script call stack:
	Function /Game/ThirdPersonCPP/Blueprints/ThirdPersonCharacter.ThirdPersonCharacter_C:LineTrace
	Function /Game/ThirdPersonCPP/Blueprints/ThirdPersonCharacter.ThirdPersonCharacter_C:ExecuteUbergraph_ThirdPersonCharacter
	Function /Game/Blueprints/BP_Door.BP_Door_C:Interacted
	Function /Game/Blueprints/BP_Door.BP_Door_C:ExecuteUbergraph_BP_Door
	Function /Game/Blueprints/BP_Door.BP_Door_C:OnRep_DoorStatus

[2022.01.31-19.38.49:600][452]LogNet: UChannel::ReceivedSequencedBunch: Bunch.bClose == true. ChIndex == 0. Calling ConditionalCleanUp.
[2022.01.31-19.38.49:601][452]LogNet: UChannel::CleanUp: ChIndex == 0. Closing connection. [UChannel] ChIndex: 0, Closing: 0 [UNetConnection] RemoteAddr: 127.0.0.1:50232, Name: IpConnection_2147482559, Driver: GameNetDriver IpNetDriver_2147482567, IsServer: YES, PC: PlayerController_2147482555, Owner: PlayerController_2147482555, UniqueId: NULL:DESKTOP-P6G4D2C-F3C70E9C44C9FB27474F16A373CE58A7
[2022.01.31-19.38.49:601][452]LogNet: UNetConnection::Close: [UNetConnection] RemoteAddr: 127.0.0.1:50232, Name: IpConnection_2147482559, Driver: GameNetDriver IpNetDriver_2147482567, IsServer: YES, PC: PlayerController_2147482555, Owner: PlayerController_2147482555, UniqueId: NULL:DESKTOP-P6G4D2C-F3C70E9C44C9FB27474F16A373CE58A7, Channels: 11, Time: 2022.01.31-19.38.49
[2022.01.31-19.38.49:602][452]LogNet: UChannel::Close: Sending CloseBunch. ChIndex == 0. Name: [UChannel] ChIndex: 0, Closing: 0 [UNetConnection] RemoteAddr: 127.0.0.1:50232, Name: IpConnection_2147482559, Driver: GameNetDriver IpNetDriver_2147482567, IsServer: YES, PC: PlayerController_2147482555, Owner: PlayerController_2147482555, UniqueId: NULL:DESKTOP-P6G4D2C-F3C70E9C44C9FB27474F16A373CE58A7
[2022.01.31-19.38.49:602][452]LogNet: UChannel::ReceivedSequencedBunch: Bunch.bClose == true. ChIndex == 0. Calling ConditionalCleanUp.
[2022.01.31-19.38.49:602][452]LogNet: UChannel::CleanUp: ChIndex == 0. Closing connection. [UChannel] ChIndex: 0, Closing: 0 [UNetConnection] RemoteAddr: 127.0.0.1:56443, Name: IpConnection_2147482530, Driver: GameNetDriver IpNetDriver_2147482567, IsServer: YES, PC: PlayerController_2147482526, Owner: PlayerController_2147482526, UniqueId: NULL:DESKTOP-P6G4D2C-64CA20244E5D36E65F1958A26CDD4FA9
[2022.01.31-19.38.49:602][452]LogNet: UNetConnection::Close: [UNetConnection] RemoteAddr: 127.0.0.1:56443, Name: IpConnection_2147482530, Driver: GameNetDriver IpNetDriver_2147482567, IsServer: YES, PC: PlayerController_2147482526, Owner: PlayerController_2147482526, UniqueId: NULL:DESKTOP-P6G4D2C-64CA20244E5D36E65F1958A26CDD4FA9, Channels: 12, Time: 2022.01.31-19.38.49
[2022.01.31-19.38.49:602][452]LogNet: UChannel::Close: Sending CloseBunch. ChIndex == 0. Name: [UChannel] ChIndex: 0, Closing: 0 [UNetConnection] RemoteAddr: 127.0.0.1:56443, Name: IpConnection_2147482530, Driver: GameNetDriver IpNetDriver_2147482567, IsServer: YES, PC: PlayerController_2147482526, Owner: PlayerController_2147482526, UniqueId: NULL:DESKTOP-P6G4D2C-64CA20244E5D36E65F1958A26CDD4FA9
[2022.01.31-19.38.49:602][452]LogOnlineSession: Warning: OSS: No game present to leave for session (GameSession)
[2022.01.31-19.38.49:602][452]LogOnlineSession: Warning: OSS: No game present to leave for session (GameSession)
